[Licensing::Module] Trying to connect to existing licensing client channel...
Built from '6000.2/respin/6000.2.6f2-cc51a95c03' branch; Version is '6000.2.6f2 (4a4dcaec6541) revision 4869578'; Using compiler version '194234433'; Build Type 'Release'
[Licensing::IpcConnector] Successfully connected to: "LicenseClient-denxe" at "2025-10-11T14:56:43.9490159Z"
OS: 'Windows 11  (10.0.26100) 64bit Core' Language: 'ru' Physical Memory: 16087 MB
BatchMode: 1, IsHumanControllingUs: 0, StartBugReporterOnCrash: 0, Is64bit: 1
Date: 2025-10-11T14:56:43Z

COMMAND LINE ARGUMENTS:
S:\UnityApp\6000.2.6f2\Editor\Unity.exe
-adb2
-batchMode
-noUpm
-name
AssetImportWorker2
-projectPath
S:/UnityProject/Crimson-Lake
-logFile
Logs/AssetImportWorker2.log
-srvPort
58811
-licensingIpc
LicenseClient-denxe
-job-worker-count
7
-background-job-worker-count
8
-gc-helper-count
1
-name
AssetImport
Successfully changed project path to: S:/UnityProject/Crimson-Lake
S:/UnityProject/Crimson-Lake
[UnityMemory] Configuration Parameters - Can be set up in boot.config
    "memorysetup-allocator-temp-initial-block-size-main=262144"
    "memorysetup-allocator-temp-initial-block-size-worker=262144"
    "memorysetup-bucket-allocator-granularity=16"
    "memorysetup-bucket-allocator-bucket-count=8"
    "memorysetup-bucket-allocator-block-size=33554432"
    "memorysetup-bucket-allocator-block-count=8"
    "memorysetup-main-allocator-block-size=16777216"
    "memorysetup-thread-allocator-block-size=16777216"
    "memorysetup-gfx-main-allocator-block-size=16777216"
    "memorysetup-gfx-thread-allocator-block-size=16777216"
    "memorysetup-cache-allocator-block-size=4194304"
    "memorysetup-typetree-allocator-block-size=2097152"
    "memorysetup-profiler-bucket-allocator-granularity=16"
    "memorysetup-profiler-bucket-allocator-bucket-count=8"
    "memorysetup-profiler-bucket-allocator-block-size=33554432"
    "memorysetup-profiler-bucket-allocator-block-count=8"
    "memorysetup-profiler-allocator-block-size=16777216"
    "memorysetup-profiler-editor-allocator-block-size=1048576"
    "memorysetup-temp-allocator-size-main=16777216"
    "memorysetup-job-temp-allocator-block-size=2097152"
    "memorysetup-job-temp-allocator-block-size-background=1048576"
    "memorysetup-job-temp-allocator-reduction-small-platforms=262144"
    "memorysetup-temp-allocator-size-background-worker=32768"
    "memorysetup-temp-allocator-size-job-worker=262144"
    "memorysetup-temp-allocator-size-preload-manager=33554432"
    "memorysetup-temp-allocator-size-nav-mesh-worker=65536"
    "memorysetup-temp-allocator-size-audio-worker=65536"
    "memorysetup-temp-allocator-size-cloud-worker=32768"
    "memorysetup-temp-allocator-size-gi-baking-worker=262144"
    "memorysetup-temp-allocator-size-gi-baking-worker=262144"
    "memorysetup-temp-allocator-size-gi-baking-worker=262144"
    "memorysetup-temp-allocator-size-gi-baking-worker=262144"
    "memorysetup-temp-allocator-size-gi-baking-worker=262144"
    "memorysetup-temp-allocator-size-gfx=262144"
Player connection [22920]  Target information:

Player connection [22920]  * "[IP] 192.168.219.120 [Port] 0 [Flags] 2 [Guid] 1740347551 [EditorId] 1740347551 [Version] 1048832 [Id] WindowsEditor(7,katana-pc) [Debug] 1 [PackageName] WindowsEditor [ProjectName] Editor" 

Player connection [22920]  * "[IP] 192.168.56.1 [Port] 0 [Flags] 2 [Guid] 1740347551 [EditorId] 1740347551 [Version] 1048832 [Id] WindowsEditor(7,katana-pc) [Debug] 1 [PackageName] WindowsEditor [ProjectName] Editor" 

Player connection [22920]  * "[IP] 26.218.57.225 [Port] 0 [Flags] 2 [Guid] 1740347551 [EditorId] 1740347551 [Version] 1048832 [Id] WindowsEditor(7,katana-pc) [Debug] 1 [PackageName] WindowsEditor [ProjectName] Editor" 

Player connection [22920]  * "[IP] 192.168.229.5 [Port] 0 [Flags] 2 [Guid] 1740347551 [EditorId] 1740347551 [Version] 1048832 [Id] WindowsEditor(7,katana-pc) [Debug] 1 [PackageName] WindowsEditor [ProjectName] Editor" 

Player connection [22920] Host joined multi-casting on [225.0.0.222:54997]...
Player connection [22920] Host joined alternative multi-casting on [225.0.0.222:34997]...
JobSystem: Creating JobQueue using job-worker-count value 7
Input System module state changed to: Initialized.
[Physics::Module] Initialized fallback backend.
[Physics::Module] Id: 0xdecafbad
[Licensing::Client] Code 10 while verifying Licensing Client signature (process Id: 16372, path: "S:/Unity/Unity Hub/UnityLicensingClient_V1/Unity.Licensing.Client.exe")
[Licensing::Module] LicensingClient has failed validation; ignoring
[Licensing::Client] Handshaking with LicensingClient:
  Version:                 1.17.3+a4e98f1
  Session Id:              e088bdf7900c455d925832a2c3882ad7
  Correlation Id:          2d9152291031969ce352f6d7b21bcaab
  External correlation Id: 6768605347374634616
  Machine Id:              GteXDOP3FSQA3zHnEeH0Z6N6ngg=
[Licensing::Module] Successfully connected to LicensingClient on channel: "LicenseClient-denxe" (connect: 0.00s, validation: 0.00s, handshake: 0.04s)
[Licensing::IpcConnector] Successfully connected to: "LicenseClient-denxe-notifications" at "2025-10-11T14:56:43.9884311Z"
[Licensing::Module] Licensing Background thread has ended after 0.04s
Library Redirect Path: Library/
[Physics::Module] Selected backend.
[Physics::Module] Name: PhysX
[Physics::Module] Id: 0xf2b8ea05
[Physics::Module] SDK Version: 4.1.2
[Physics::Module] Integration Version: 1.0.0
[Physics::Module] Threading Mode: Multi-Threaded
Refreshing native plugins compatible for Editor in 0.37 ms, found 2 plugins.
Preloading 0 native plugins for Editor in 0.00 ms.
Initialize engine version: 6000.2.6f2 (4a4dcaec6541)
[Subsystems] Discovering subsystems at path S:/UnityApp/6000.2.6f2/Editor/Data/Resources/UnitySubsystems
[Subsystems] Discovering subsystems at path S:/UnityProject/Crimson-Lake/Assets
GfxDevice: creating device client; kGfxThreadingModeNonThreaded
Direct3D:
    Version:  Direct3D 11.0 [level 11.1]
    Renderer: NVIDIA GeForce RTX 4060 Laptop GPU (ID=0x28a0)
    Vendor:   NVIDIA
    VRAM:     7957 MB
    Driver:   32.0.15.8129
Initialize mono
Mono path[0] = 'S:/UnityApp/6000.2.6f2/Editor/Data/Managed'
Mono path[1] = 'S:/UnityApp/6000.2.6f2/Editor/Data/MonoBleedingEdge/lib/mono/unityjit-win32'
Mono config path = 'S:/UnityApp/6000.2.6f2/Editor/Data/MonoBleedingEdge/etc'
Using monoOptions --debugger-agent=transport=dt_socket,embedding=1,server=y,suspend=n,address=127.0.0.1:56156
Begin MonoManager ReloadAssembly
Registering precompiled unity dll's ...
Register platform support module: S:/UnityApp/6000.2.6f2/Editor/Data/PlaybackEngines/WebGLSupport/UnityEditor.WebGL.Extensions.dll
Register platform support module: S:/UnityApp/6000.2.6f2/Editor/Data/PlaybackEngines/WindowsStandaloneSupport/UnityEditor.WindowsStandalone.Extensions.dll
Registered in 0.001064 seconds.
- Loaded All Assemblies, in  0.266 seconds
Native extension for WindowsStandalone target not found
Native extension for WebGL target not found
Mono: successfully reloaded assembly
- Finished resetting the current domain, in  0.241 seconds
Domain Reload Profiling: 507ms
	BeginReloadAssembly (84ms)
		ExecutionOrderSort (0ms)
		DisableScriptedObjects (0ms)
		BackupInstance (0ms)
		ReleaseScriptingObjects (0ms)
		CreateAndSetChildDomain (0ms)
	RebuildCommonClasses (27ms)
	RebuildNativeTypeToScriptingClass (8ms)
	initialDomainReloadingComplete (30ms)
	LoadAllAssembliesAndSetupDomain (116ms)
		LoadAssemblies (84ms)
		RebuildTransferFunctionScriptingTraits (0ms)
		AnalyzeDomain (114ms)
			TypeCache.Refresh (112ms)
				TypeCache.ScanAssembly (103ms)
			BuildScriptInfoCaches (0ms)
			ResolveRequiredComponents (0ms)
	FinalizeReload (241ms)
		ReleaseScriptCaches (0ms)
		RebuildScriptCaches (0ms)
		SetupLoadedEditorAssemblies (217ms)
			LogAssemblyErrors (0ms)
			InitializePlatformSupportModulesInManaged (38ms)
			SetLoadedEditorAssemblies (3ms)
			BeforeProcessingInitializeOnLoad (49ms)
			ProcessInitializeOnLoadAttributes (93ms)
			ProcessInitializeOnLoadMethodAttributes (34ms)
			AfterProcessingInitializeOnLoad (0ms)
			EditorAssembliesLoaded (0ms)
		ExecutionOrderSort2 (0ms)
		AwakeInstancesAfterBackupRestoration (0ms)
========================================================================
Worker process is ready to serve import requests
Import Worker Mode flag is 0x00
Begin MonoManager ReloadAssembly
[Licensing::Client] Successfully resolved entitlement details
[Licensing::Module] License group:
  Id: 10170519160107-UnityPersXXXX
  Product: Unity Personal
  Type: Assigned
  Expiration: Unlimited
- Loaded All Assemblies, in  0.332 seconds
Script 'Camera' has the same name as built-in Unity component.
AddComponent and GetComponent will not work with this script.
Refreshing native plugins compatible for Editor in 0.17 ms, found 2 plugins.
Native extension for WindowsStandalone target not found
Native extension for WebGL target not found
Package Manager log level set to [2]
[Package Manager] Failed to launch server process. Reason: Unity was launched with the -noUpm command-line argument
[Package Manager] Unable to send message (not connected to server process).
[Package Manager] Cannot connect to Unity Package Manager local server
Mono: successfully reloaded assembly
- Finished resetting the current domain, in  0.335 seconds
Domain Reload Profiling: 667ms
	BeginReloadAssembly (119ms)
		ExecutionOrderSort (0ms)
		DisableScriptedObjects (4ms)
		BackupInstance (0ms)
		ReleaseScriptingObjects (0ms)
		CreateAndSetChildDomain (22ms)
	RebuildCommonClasses (28ms)
	RebuildNativeTypeToScriptingClass (9ms)
	initialDomainReloadingComplete (17ms)
	LoadAllAssembliesAndSetupDomain (159ms)
		LoadAssemblies (159ms)
		RebuildTransferFunctionScriptingTraits (0ms)
		AnalyzeDomain (62ms)
			TypeCache.Refresh (49ms)
				TypeCache.ScanAssembly (41ms)
			BuildScriptInfoCaches (10ms)
			ResolveRequiredComponents (1ms)
	FinalizeReload (336ms)
		ReleaseScriptCaches (0ms)
		RebuildScriptCaches (0ms)
		SetupLoadedEditorAssemblies (261ms)
			LogAssemblyErrors (0ms)
			InitializePlatformSupportModulesInManaged (2ms)
			SetLoadedEditorAssemblies (3ms)
			BeforeProcessingInitializeOnLoad (57ms)
			ProcessInitializeOnLoadAttributes (181ms)
			ProcessInitializeOnLoadMethodAttributes (17ms)
			AfterProcessingInitializeOnLoad (1ms)
			EditorAssembliesLoaded (0ms)
		ExecutionOrderSort2 (0ms)
		AwakeInstancesAfterBackupRestoration (4ms)
Launched and connected shader compiler UnityShaderCompiler.exe after 0.01 seconds
Refreshing native plugins compatible for Editor in 0.27 ms, found 2 plugins.
Preloading 0 native plugins for Editor in 0.00 ms.
Unloading 0 Unused Serialized files (Serialized files now loaded: 0)
Unloading 1790 unused Assets / (497.7 KB). Loaded Objects now: 2287.
Memory consumption went from 67.7 MB to 67.2 MB.
Total: 4.062200 ms (FindLiveObjects: 0.123600 ms CreateObjectMapping: 0.062400 ms MarkObjects: 3.487600 ms  DeleteObjects: 0.387700 ms)

========================================================================
Received Import Request.
  Time since last request: 90246.719993 seconds.
  path: Assets/Player.cs
  artifactKey: Guid(cf905138b001a4a478aa542a3599530e) Importer(2089858483,192608db42251d675da83286b1cce702)
Start importing Assets/Player.cs using Guid(cf905138b001a4a478aa542a3599530e) Importer(2089858483,192608db42251d675da83286b1cce702) (ScriptedImporter) -> (artifact id: 'c56304339904ee98b2e34ff39eefb65d') in 0.0818643 seconds
Number of updated asset objects reloaded before import = 0Number of asset objects unloaded after import = 0

========================================================================
Received Import Request.
  Time since last request: 0.000018 seconds.
  path: Assets/Scripts/DraggableItem.cs
  artifactKey: Guid(cd826d0ea235fbe43abd7fb53b232b7e) Importer(2089858483,192608db42251d675da83286b1cce702)
Start importing Assets/Scripts/DraggableItem.cs using Guid(cd826d0ea235fbe43abd7fb53b232b7e) Importer(2089858483,192608db42251d675da83286b1cce702) (ScriptedImporter) -> (artifact id: '1705672d6bae226c60bff31dbb4f2684') in 0.0042109 seconds
Number of updated asset objects reloaded before import = 0Number of asset objects unloaded after import = 0

========================================================================
Received Import Request.
  Time since last request: 0.000072 seconds.
  path: Assets/Scripts/Slot.cs
  artifactKey: Guid(38fb5b05d7346a34f9fecb26c9f66d6f) Importer(2089858483,192608db42251d675da83286b1cce702)
Start importing Assets/Scripts/Slot.cs using Guid(38fb5b05d7346a34f9fecb26c9f66d6f) Importer(2089858483,192608db42251d675da83286b1cce702) (ScriptedImporter) -> (artifact id: '63612f671969104487fe8d4ea859e88b') in 0.0026596 seconds
Number of updated asset objects reloaded before import = 0Number of asset objects unloaded after import = 0

========================================================================
Received Import Request.
  Time since last request: 0.000078 seconds.
  path: Assets/Blink/Art/Animations/Combat/Death.fbx
  artifactKey: Guid(2880a5c98f020b140b0fa0eaec60c639) Importer(2089858483,192608db42251d675da83286b1cce702)
Start importing Assets/Blink/Art/Animations/Combat/Death.fbx using Guid(2880a5c98f020b140b0fa0eaec60c639) Importer(2089858483,192608db42251d675da83286b1cce702) (ScriptedImporter) -> (artifact id: '12601d98699e441d8e65dcf5ac7a63c4') in 0.0555266 seconds
Number of updated asset objects reloaded before import = 0Number of asset objects unloaded after import = 160

========================================================================
Received Import Request.
  Time since last request: 0.000013 seconds.
  path: Assets/Blink/Art/Animations/Combat/MeeleeAttack_TwoHanded.fbx
  artifactKey: Guid(ee5e404da5ae61d4291af7340ab39b19) Importer(2089858483,192608db42251d675da83286b1cce702)
Start importing Assets/Blink/Art/Animations/Combat/MeeleeAttack_TwoHanded.fbx using Guid(ee5e404da5ae61d4291af7340ab39b19) Importer(2089858483,192608db42251d675da83286b1cce702) (ScriptedImporter) -> (artifact id: '55885955a520cf5d68539b1596d43d7e') in 0.0160235 seconds
Number of updated asset objects reloaded before import = 0Number of asset objects unloaded after import = 160

========================================================================
Received Import Request.
  Time since last request: 0.000015 seconds.
  path: Assets/Blink/Art/Animations/Combat/SpinLoop_TwoHanded.fbx
  artifactKey: Guid(7c113a9e8e9b62e43ae9a94fd6144f22) Importer(2089858483,192608db42251d675da83286b1cce702)
Start importing Assets/Blink/Art/Animations/Combat/SpinLoop_TwoHanded.fbx using Guid(7c113a9e8e9b62e43ae9a94fd6144f22) Importer(2089858483,192608db42251d675da83286b1cce702) (ScriptedImporter) -> (artifact id: '6ab742b3f1120019f83e5415aa2e9e52') in 0.0157721 seconds
Number of updated asset objects reloaded before import = 0Number of asset objects unloaded after import = 160

========================================================================
Received Import Request.
  Time since last request: 0.000011 seconds.
  path: Assets/Blink/Art/Animations/Combat/SpinAttack_TwoHanded.fbx
  artifactKey: Guid(83cb8742d5b5bec4f86b2e4a26822bef) Importer(2089858483,192608db42251d675da83286b1cce702)
Start importing Assets/Blink/Art/Animations/Combat/SpinAttack_TwoHanded.fbx using Guid(83cb8742d5b5bec4f86b2e4a26822bef) Importer(2089858483,192608db42251d675da83286b1cce702) (ScriptedImporter) -> (artifact id: 'fd3badfcbd139ccfdf53e11409f464bc') in 0.0142611 seconds
Number of updated asset objects reloaded before import = 0Number of asset objects unloaded after import = 160

========================================================================
Received Import Request.
  Time since last request: 0.309355 seconds.
  path: Assets/Blink/Art/Animations/Combat/SpinToWin_TwoHanded.fbx
  artifactKey: Guid(ab175008c2515294a824718a7a1e5810) Importer(2089858483,192608db42251d675da83286b1cce702)
Start importing Assets/Blink/Art/Animations/Combat/SpinToWin_TwoHanded.fbx using Guid(ab175008c2515294a824718a7a1e5810) Importer(2089858483,192608db42251d675da83286b1cce702) (ScriptedImporter) -> (artifact id: '409dc4b96186d6c094ba1cfdb23c17d2') in 0.0168524 seconds
Number of updated asset objects reloaded before import = 0Number of asset objects unloaded after import = 160

========================================================================
Received Import Request.
  Time since last request: 0.000012 seconds.
  path: Assets/Blink/Art/Animations/Movement/RunBackwardRight.fbx
  artifactKey: Guid(c35656503bb14ff4e8dc54799cfe796d) Importer(2089858483,192608db42251d675da83286b1cce702)
Start importing Assets/Blink/Art/Animations/Movement/RunBackwardRight.fbx using Guid(c35656503bb14ff4e8dc54799cfe796d) Importer(2089858483,192608db42251d675da83286b1cce702) (ScriptedImporter) -> (artifact id: '65c69fac1ff47851b9a3ce9891ed6a31') in 0.0156269 seconds
Number of updated asset objects reloaded before import = 0Number of asset objects unloaded after import = 160

========================================================================
Received Import Request.
  Time since last request: 0.000015 seconds.
  path: Assets/Blink/Art/Animations/Movement/StrafeRight.fbx
  artifactKey: Guid(087092adc27465a41a8f07804f3c0178) Importer(2089858483,192608db42251d675da83286b1cce702)
Start importing Assets/Blink/Art/Animations/Movement/StrafeRight.fbx using Guid(087092adc27465a41a8f07804f3c0178) Importer(2089858483,192608db42251d675da83286b1cce702) (ScriptedImporter) -> (artifact id: '1544106e4ab01e4cc688109e9c25028f') in 0.0170546 seconds
Number of updated asset objects reloaded before import = 0Number of asset objects unloaded after import = 160

========================================================================
Received Import Request.
  Time since last request: 0.000012 seconds.
  path: Assets/Blink/Art/Animations/Movement/RunForward.fbx
  artifactKey: Guid(b09d851b76d92f144abcea300e30fa58) Importer(2089858483,192608db42251d675da83286b1cce702)
Start importing Assets/Blink/Art/Animations/Movement/RunForward.fbx using Guid(b09d851b76d92f144abcea300e30fa58) Importer(2089858483,192608db42251d675da83286b1cce702) (ScriptedImporter) -> (artifact id: '69b87fd68a2f09c5abd8688fc9b7dfa0') in 0.0154366 seconds
Number of updated asset objects reloaded before import = 0Number of asset objects unloaded after import = 160

========================================================================
Received Import Request.
  Time since last request: 0.000017 seconds.
  path: Assets/Blink/Art/Animations/Movement/JumpWhileRunning.fbx
  artifactKey: Guid(a37cdcae8238ca446a7296cf62413b0d) Importer(2089858483,192608db42251d675da83286b1cce702)
Start importing Assets/Blink/Art/Animations/Movement/JumpWhileRunning.fbx using Guid(a37cdcae8238ca446a7296cf62413b0d) Importer(2089858483,192608db42251d675da83286b1cce702) (ScriptedImporter) -> (artifact id: 'a77a1ae95af988269d7c58561bbbdff3') in 0.0144203 seconds
Number of updated asset objects reloaded before import = 0Number of asset objects unloaded after import = 160

========================================================================
Received Import Request.
  Time since last request: 0.000026 seconds.
  path: Assets/Blink/Art/Characters/Stylized/Demo_Characters/DEMO_FreeStylizedHumanMaleSettings.lighting
  artifactKey: Guid(563fbe61f8e6eff41ac0b8d4131d65fa) Importer(2089858483,192608db42251d675da83286b1cce702)
Start importing Assets/Blink/Art/Characters/Stylized/Demo_Characters/DEMO_FreeStylizedHumanMaleSettings.lighting using Guid(563fbe61f8e6eff41ac0b8d4131d65fa) Importer(2089858483,192608db42251d675da83286b1cce702) (ScriptedImporter) -> (artifact id: 'ae20ade159c0323cca4df165a21846a3') in 0.0124003 seconds
Number of updated asset objects reloaded before import = 0Number of asset objects unloaded after import = 1

========================================================================
Received Import Request.
  Time since last request: 0.000041 seconds.
  path: Assets/Blink/Art/Animations/Movement/WalkForward.fbx
  artifactKey: Guid(7d569195caea6364689fa56fa5f0e7c5) Importer(2089858483,192608db42251d675da83286b1cce702)
Start importing Assets/Blink/Art/Animations/Movement/WalkForward.fbx using Guid(7d569195caea6364689fa56fa5f0e7c5) Importer(2089858483,192608db42251d675da83286b1cce702) (ScriptedImporter) -> (artifact id: 'aab297239ac06b54f5c198d3e442ca99') in 0.0145296 seconds
Number of updated asset objects reloaded before import = 0Number of asset objects unloaded after import = 160

========================================================================
Received Import Request.
  Time since last request: 0.391037 seconds.
  path: Assets/Blink/Art/Characters/Stylized/Demo_Characters/StylizedHumanAnimator.controller
  artifactKey: Guid(ef6403663453e6a4cb106814a81e72b4) Importer(2089858483,192608db42251d675da83286b1cce702)
Start importing Assets/Blink/Art/Characters/Stylized/Demo_Characters/StylizedHumanAnimator.controller using Guid(ef6403663453e6a4cb106814a81e72b4) Importer(2089858483,192608db42251d675da83286b1cce702) (ScriptedImporter) -> (artifact id: '5e07e9033a27b87d99502aafa22f8f57') in 0.0048818 seconds
Number of updated asset objects reloaded before import = 0Number of asset objects unloaded after import = 4

========================================================================
Received Import Request.
  Time since last request: 0.000013 seconds.
  path: Assets/Blink/Art/Characters/Stylized/Humans/Meshes_Humans/StylizedHumanMale_Beard3.fbx
  artifactKey: Guid(d393170f45a6d0149b602b763acf4cb7) Importer(2089858483,192608db42251d675da83286b1cce702)
Start importing Assets/Blink/Art/Characters/Stylized/Humans/Meshes_Humans/StylizedHumanMale_Beard3.fbx using Guid(d393170f45a6d0149b602b763acf4cb7) Importer(2089858483,192608db42251d675da83286b1cce702) (ScriptedImporter) -> (artifact id: '11c3a84b02a611f7ad15b640bb86ebec') in 0.0309814 seconds
Number of updated asset objects reloaded before import = 0Number of asset objects unloaded after import = 182

========================================================================
Received Import Request.
  Time since last request: 0.000015 seconds.
  path: Assets/Blink/Art/Characters/Stylized/Humans/Meshes_Humans/StylizedHumanMale_TopKnot.fbx
  artifactKey: Guid(a6d7db1de2226af429da52cf7c2b1169) Importer(2089858483,192608db42251d675da83286b1cce702)
Start importing Assets/Blink/Art/Characters/Stylized/Humans/Meshes_Humans/StylizedHumanMale_TopKnot.fbx using Guid(a6d7db1de2226af429da52cf7c2b1169) Importer(2089858483,192608db42251d675da83286b1cce702) (ScriptedImporter) -> (artifact id: '4f71fdc00d46b71de3aa99fb6524b98d') in 0.0109962 seconds
Number of updated asset objects reloaded before import = 0Number of asset objects unloaded after import = 24

========================================================================
Received Import Request.
  Time since last request: 0.000011 seconds.
  path: Assets/Blink/Art/Characters/Stylized/Humans/Meshes_Humans/StylizedHumanMale_Eyebrow1.fbx
  artifactKey: Guid(7144ca39c8def44479cb396ea320624a) Importer(2089858483,192608db42251d675da83286b1cce702)
Start importing Assets/Blink/Art/Characters/Stylized/Humans/Meshes_Humans/StylizedHumanMale_Eyebrow1.fbx using Guid(7144ca39c8def44479cb396ea320624a) Importer(2089858483,192608db42251d675da83286b1cce702) (ScriptedImporter) -> (artifact id: 'e1a385f71e8a9071547635c4e9bacfae') in 0.0102167 seconds
Number of updated asset objects reloaded before import = 0Number of asset objects unloaded after import = 181

========================================================================
Received Import Request.
  Time since last request: 0.000028 seconds.
  path: Assets/Blink/Art/Characters/Stylized/Humans/Textures_Humans/HM_Accessories_T_AO.png
  artifactKey: Guid(606c77f8177c3354c88d5ea3e4499d2b) Importer(2089858483,192608db42251d675da83286b1cce702)
Start importing Assets/Blink/Art/Characters/Stylized/Humans/Textures_Humans/HM_Accessories_T_AO.png using Guid(606c77f8177c3354c88d5ea3e4499d2b) Importer(2089858483,192608db42251d675da83286b1cce702) (ScriptedImporter) -> (artifact id: '791f9fa299fd05440c809a0a7659bc53') in 0.0347667 seconds
Number of updated asset objects reloaded before import = 0Number of asset objects unloaded after import = 1

========================================================================
Received Import Request.
  Time since last request: 0.000072 seconds.
  path: Assets/Blink/Art/Characters/Stylized/Humans/Prefabs_Humans/HumanMale_Character_Free.prefab
  artifactKey: Guid(4f46098734d87e24490aef9267915ad2) Importer(2089858483,192608db42251d675da83286b1cce702)
Start importing Assets/Blink/Art/Characters/Stylized/Humans/Prefabs_Humans/HumanMale_Character_Free.prefab using Guid(4f46098734d87e24490aef9267915ad2) Importer(2089858483,192608db42251d675da83286b1cce702) (ScriptedImporter) -> (artifact id: '9dbcb2afec16619d0c55afda0c9e17f6') in 0.0224768 seconds
Number of updated asset objects reloaded before import = 0Number of asset objects unloaded after import = 282

========================================================================
Received Import Request.
  Time since last request: 0.000016 seconds.
  path: Assets/Blink/Art/Characters/Stylized/Humans/Meshes_Humans/StylizedHumanMale_Face1.fbx
  artifactKey: Guid(1f5e1f35102e339459ae10bcf684ee2d) Importer(2089858483,192608db42251d675da83286b1cce702)
Start importing Assets/Blink/Art/Characters/Stylized/Humans/Meshes_Humans/StylizedHumanMale_Face1.fbx using Guid(1f5e1f35102e339459ae10bcf684ee2d) Importer(2089858483,192608db42251d675da83286b1cce702) (ScriptedImporter) -> (artifact id: 'f1c5b7cc6028cb23f910c4915a46ea45') in 0.0103208 seconds
Number of updated asset objects reloaded before import = 0Number of asset objects unloaded after import = 165

========================================================================
Received Import Request.
  Time since last request: 0.000027 seconds.
  path: Assets/Blink/Art/Characters/Stylized/Humans/Materials_Humans/Eyes.mat
  artifactKey: Guid(7726c302197b98f4ab78e0270ffc7b2f) Importer(2089858483,192608db42251d675da83286b1cce702)
Start importing Assets/Blink/Art/Characters/Stylized/Humans/Materials_Humans/Eyes.mat using Guid(7726c302197b98f4ab78e0270ffc7b2f) Importer(2089858483,192608db42251d675da83286b1cce702) (ScriptedImporter) -> (artifact id: '8e592a6899e118badcfebe190a2f9432') in 0.0072918 seconds
Number of updated asset objects reloaded before import = 0Number of asset objects unloaded after import = 5

========================================================================
Received Import Request.
  Time since last request: 0.363215 seconds.
  path: Assets/Blink/Art/Characters/Stylized/Humans/Textures_Humans/HM_Beard_1_Metallic.png
  artifactKey: Guid(80cae643e91867740a38c0e4b9ae05ce) Importer(2089858483,192608db42251d675da83286b1cce702)
Start importing Assets/Blink/Art/Characters/Stylized/Humans/Textures_Humans/HM_Beard_1_Metallic.png using Guid(80cae643e91867740a38c0e4b9ae05ce) Importer(2089858483,192608db42251d675da83286b1cce702) (ScriptedImporter) -> (artifact id: 'ec809dea27e2f9f2fcbefda60d67dc27') in 0.0075003 seconds
Number of updated asset objects reloaded before import = 0Number of asset objects unloaded after import = 1

========================================================================
Received Import Request.
  Time since last request: 0.000083 seconds.
  path: Assets/Blink/Art/Characters/Stylized/Humans/Textures_Humans/HM_Face_1_BaseColor.png
  artifactKey: Guid(ceb1d8f5319bc694385b47a27a3bcd4f) Importer(2089858483,192608db42251d675da83286b1cce702)
Start importing Assets/Blink/Art/Characters/Stylized/Humans/Textures_Humans/HM_Face_1_BaseColor.png using Guid(ceb1d8f5319bc694385b47a27a3bcd4f) Importer(2089858483,192608db42251d675da83286b1cce702) (ScriptedImporter) -> (artifact id: 'ec15a286f8e82533b4178828d4d17078') in 0.0116484 seconds
Number of updated asset objects reloaded before import = 0Number of asset objects unloaded after import = 1

========================================================================
Received Import Request.
  Time since last request: 0.000030 seconds.
  path: Assets/Blink/Art/Characters/Stylized/Humans/Textures_Humans/HM_Face_1_Normal.png
  artifactKey: Guid(2fe3f27a06fab9942b92f134a4692435) Importer(2089858483,192608db42251d675da83286b1cce702)
Start importing Assets/Blink/Art/Characters/Stylized/Humans/Textures_Humans/HM_Face_1_Normal.png using Guid(2fe3f27a06fab9942b92f134a4692435) Importer(2089858483,192608db42251d675da83286b1cce702) (ScriptedImporter) -> (artifact id: 'a6004a63306d6ab2b37c2e5858b52778') in 0.0101693 seconds
Number of updated asset objects reloaded before import = 0Number of asset objects unloaded after import = 1

========================================================================
Received Import Request.
  Time since last request: 0.000022 seconds.
  path: Assets/Blink/Art/Characters/Stylized/Humans/Textures_Humans/HM_Hair_1_BaseColor.png
  artifactKey: Guid(5cb68890f76921141841ca8bcc555f0c) Importer(2089858483,192608db42251d675da83286b1cce702)
Start importing Assets/Blink/Art/Characters/Stylized/Humans/Textures_Humans/HM_Hair_1_BaseColor.png using Guid(5cb68890f76921141841ca8bcc555f0c) Importer(2089858483,192608db42251d675da83286b1cce702) (ScriptedImporter) -> (artifact id: 'c888d0a4f1397f1829bafee87da17411') in 0.0143225 seconds
Number of updated asset objects reloaded before import = 0Number of asset objects unloaded after import = 1

========================================================================
Received Import Request.
  Time since last request: 0.000058 seconds.
  path: Assets/Blink/Art/Characters/Stylized/Humans/Textures_Humans/HM_Eyebrows_AO.png
  artifactKey: Guid(f3348c3f4b4326c47b4cd9b43124f7fa) Importer(2089858483,192608db42251d675da83286b1cce702)
Start importing Assets/Blink/Art/Characters/Stylized/Humans/Textures_Humans/HM_Eyebrows_AO.png using Guid(f3348c3f4b4326c47b4cd9b43124f7fa) Importer(2089858483,192608db42251d675da83286b1cce702) (ScriptedImporter) -> (artifact id: 'f626c847b608407db3e05f53fcbe6091') in 0.0067835 seconds
Number of updated asset objects reloaded before import = 0Number of asset objects unloaded after import = 1

========================================================================
Received Import Request.
  Time since last request: 0.000104 seconds.
  path: Assets/Blink/Art/Characters/Stylized/Humans/Textures_Humans/HM_Eyebrows_Metallic.png
  artifactKey: Guid(9b77a3ecd7218134b9b4f88fc7bf4e3d) Importer(2089858483,192608db42251d675da83286b1cce702)
Start importing Assets/Blink/Art/Characters/Stylized/Humans/Textures_Humans/HM_Eyebrows_Metallic.png using Guid(9b77a3ecd7218134b9b4f88fc7bf4e3d) Importer(2089858483,192608db42251d675da83286b1cce702) (ScriptedImporter) -> (artifact id: '0af74b0ab5815b3774bcf0861413c40a') in 0.0078522 seconds
Number of updated asset objects reloaded before import = 0Number of asset objects unloaded after import = 1

========================================================================
Received Import Request.
  Time since last request: 0.000042 seconds.
  path: Assets/Blink/Art/Characters/Stylized/Humans/Textures_Humans/HM_Eyes_Roughness.png
  artifactKey: Guid(eec8d82a8984fe246b4a3e8dbc347f2a) Importer(2089858483,192608db42251d675da83286b1cce702)
Start importing Assets/Blink/Art/Characters/Stylized/Humans/Textures_Humans/HM_Eyes_Roughness.png using Guid(eec8d82a8984fe246b4a3e8dbc347f2a) Importer(2089858483,192608db42251d675da83286b1cce702) (ScriptedImporter) -> (artifact id: 'edc4603033d7f6eafce3eda4491792be') in 0.0121047 seconds
Number of updated asset objects reloaded before import = 0Number of asset objects unloaded after import = 1

========================================================================
Received Import Request.
  Time since last request: 0.429014 seconds.
  path: Assets/Blink/Art/Characters/Stylized/Humans/Textures_Humans/HM_Hair_1_Metallic.png
  artifactKey: Guid(dc52fff855c43084d8b4ac321e14dbaf) Importer(2089858483,192608db42251d675da83286b1cce702)
Start importing Assets/Blink/Art/Characters/Stylized/Humans/Textures_Humans/HM_Hair_1_Metallic.png using Guid(dc52fff855c43084d8b4ac321e14dbaf) Importer(2089858483,192608db42251d675da83286b1cce702) (ScriptedImporter) -> (artifact id: '99e634e46d9ea134884862a1244d4d5e') in 0.007326 seconds
Number of updated asset objects reloaded before import = 0Number of asset objects unloaded after import = 1

========================================================================
Received Import Request.
  Time since last request: 0.000015 seconds.
  path: Assets/Blink/Art/Characters/Stylized/Humans/Armors_Humans/Textures_ArmorsHumans/StarterArmor_BaseColor1.png
  artifactKey: Guid(97583a90974b5fb4e802d9efd619f011) Importer(2089858483,192608db42251d675da83286b1cce702)
Start importing Assets/Blink/Art/Characters/Stylized/Humans/Armors_Humans/Textures_ArmorsHumans/StarterArmor_BaseColor1.png using Guid(97583a90974b5fb4e802d9efd619f011) Importer(2089858483,192608db42251d675da83286b1cce702) (ScriptedImporter) -> (artifact id: '70b824dc736a4bbc1a9ba8fd036acaa3') in 0.0171108 seconds
Number of updated asset objects reloaded before import = 0Number of asset objects unloaded after import = 1

========================================================================
Received Import Request.
  Time since last request: 0.000018 seconds.
  path: Assets/Blink/Art/Characters/Stylized/Humans/Textures_Humans/HM_Hair_2_Metallic.png
  artifactKey: Guid(e552b9ddb34582d4e848a45b66ae0469) Importer(2089858483,192608db42251d675da83286b1cce702)
Start importing Assets/Blink/Art/Characters/Stylized/Humans/Textures_Humans/HM_Hair_2_Metallic.png using Guid(e552b9ddb34582d4e848a45b66ae0469) Importer(2089858483,192608db42251d675da83286b1cce702) (ScriptedImporter) -> (artifact id: '81bb7239d07f2e4c193d6cccaf989663') in 0.0101371 seconds
Number of updated asset objects reloaded before import = 0Number of asset objects unloaded after import = 1

========================================================================
Received Import Request.
  Time since last request: 0.000016 seconds.
  path: Assets/Blink/Art/Characters/Stylized/Humans/Textures_Humans/HM_Hair_2_Normal.png
  artifactKey: Guid(9ae2fb8e01588b3439fc011662249965) Importer(2089858483,192608db42251d675da83286b1cce702)
Start importing Assets/Blink/Art/Characters/Stylized/Humans/Textures_Humans/HM_Hair_2_Normal.png using Guid(9ae2fb8e01588b3439fc011662249965) Importer(2089858483,192608db42251d675da83286b1cce702) (ScriptedImporter) -> (artifact id: '52fad41b3f9f6734eec7482111a656b3') in 0.008959 seconds
Number of updated asset objects reloaded before import = 0Number of asset objects unloaded after import = 1

========================================================================
Received Import Request.
  Time since last request: 0.000036 seconds.
  path: Assets/Blink/Art/Characters/Stylized/Humans/Armors_Humans/Textures_ArmorsHumans/StarterArmor_AO.png
  artifactKey: Guid(9ad94f6f35f70b34fbbd2849cf447245) Importer(2089858483,192608db42251d675da83286b1cce702)
Start importing Assets/Blink/Art/Characters/Stylized/Humans/Armors_Humans/Textures_ArmorsHumans/StarterArmor_AO.png using Guid(9ad94f6f35f70b34fbbd2849cf447245) Importer(2089858483,192608db42251d675da83286b1cce702) (ScriptedImporter) -> (artifact id: 'a5d8dc7ceb7129573037684889303c98') in 0.0138708 seconds
Number of updated asset objects reloaded before import = 0Number of asset objects unloaded after import = 1

========================================================================
Received Import Request.
  Time since last request: 0.000077 seconds.
  path: Assets/Blink/Art/Characters/Stylized/Humans/Armors_Humans/Textures_ArmorsHumans/StarterArmor_Normals.png
  artifactKey: Guid(e177d5bb74558254481e153a0dd6a6de) Importer(2089858483,192608db42251d675da83286b1cce702)
Start importing Assets/Blink/Art/Characters/Stylized/Humans/Armors_Humans/Textures_ArmorsHumans/StarterArmor_Normals.png using Guid(e177d5bb74558254481e153a0dd6a6de) Importer(2089858483,192608db42251d675da83286b1cce702) (ScriptedImporter) -> (artifact id: 'b9da6a5150d0810024f37cc18d14c9ac') in 0.0104311 seconds
Number of updated asset objects reloaded before import = 0Number of asset objects unloaded after import = 1

========================================================================
Received Import Request.
  Time since last request: 154.998886 seconds.
  path: Assets/Sci Fi Gun Light/Textures/ColorVar/Black
  artifactKey: Guid(a8da4d5529efaee4d88378f447849e12) Importer(2089858483,192608db42251d675da83286b1cce702)
Start importing Assets/Sci Fi Gun Light/Textures/ColorVar/Black using Guid(a8da4d5529efaee4d88378f447849e12) Importer(2089858483,192608db42251d675da83286b1cce702) (ScriptedImporter) -> (artifact id: '294781c8d2a06ebe7b604f9880011917') in 0.0043602 seconds
Number of updated asset objects reloaded before import = 0Number of asset objects unloaded after import = 1

========================================================================
Received Import Request.
  Time since last request: 0.000026 seconds.
  path: Assets/Sci Fi Gun Light/Textures/ColorVar/Rad/SciFiGunLight_SpecularSmoothness.png
  artifactKey: Guid(5dc16573886fd1c45b0a50aaeb5642ce) Importer(2089858483,192608db42251d675da83286b1cce702)
Start importing Assets/Sci Fi Gun Light/Textures/ColorVar/Rad/SciFiGunLight_SpecularSmoothness.png using Guid(5dc16573886fd1c45b0a50aaeb5642ce) Importer(2089858483,192608db42251d675da83286b1cce702) (ScriptedImporter) -> (artifact id: 'bb3c977d144bc72ff00b8d48b5c7a475') in 0.0109715 seconds
Number of updated asset objects reloaded before import = 0Number of asset objects unloaded after import = 1

========================================================================
Received Import Request.
  Time since last request: 0.000054 seconds.
  path: Assets/Sci Fi Gun Light/Materials/SciFiGunLight/SciFiGunLight_Yellow.mat
  artifactKey: Guid(cbf658ed14edc5a4987f28f0eb9160ae) Importer(2089858483,192608db42251d675da83286b1cce702)
Start importing Assets/Sci Fi Gun Light/Materials/SciFiGunLight/SciFiGunLight_Yellow.mat using Guid(cbf658ed14edc5a4987f28f0eb9160ae) Importer(2089858483,192608db42251d675da83286b1cce702) (ScriptedImporter) -> (artifact id: 'ebdf302fe04b81044c36cc15e710be2e') in 0.0456763 seconds
Number of updated asset objects reloaded before import = 0Number of asset objects unloaded after import = 5

========================================================================
Received Import Request.
  Time since last request: 0.000015 seconds.
  path: Assets/Sci Fi Gun Light/Prefabs/SciFiGunLight/SciFiGunLight_Black.prefab
  artifactKey: Guid(d32892c82a841e34bb692140d685dcfc) Importer(2089858483,192608db42251d675da83286b1cce702)
Start importing Assets/Sci Fi Gun Light/Prefabs/SciFiGunLight/SciFiGunLight_Black.prefab using Guid(d32892c82a841e34bb692140d685dcfc) Importer(2089858483,192608db42251d675da83286b1cce702) (ScriptedImporter) -> (artifact id: '6596f9b960ae6c9ec48d438c4c167303') in 0.0141178 seconds
Number of updated asset objects reloaded before import = 0Number of asset objects unloaded after import = 8

========================================================================
Received Import Request.
  Time since last request: 0.000021 seconds.
  path: Assets/Sci Fi Gun Light/Materials/SciFiGunLight/SciFiGunLight_Rad.mat
  artifactKey: Guid(9cadc8c5021163743861056c6e0fb83a) Importer(2089858483,192608db42251d675da83286b1cce702)
Start importing Assets/Sci Fi Gun Light/Materials/SciFiGunLight/SciFiGunLight_Rad.mat using Guid(9cadc8c5021163743861056c6e0fb83a) Importer(2089858483,192608db42251d675da83286b1cce702) (ScriptedImporter) -> (artifact id: 'ea0e9b912866a6f1dc6c3695205af1f6') in 0.0146097 seconds
Number of updated asset objects reloaded before import = 0Number of asset objects unloaded after import = 5

========================================================================
Received Import Request.
  Time since last request: 0.000018 seconds.
  path: Assets/Sci Fi Gun Light/Textures/ColorVar/Rad
  artifactKey: Guid(217f380a175a1fb4495d6cc370a4d286) Importer(2089858483,192608db42251d675da83286b1cce702)
Start importing Assets/Sci Fi Gun Light/Textures/ColorVar/Rad using Guid(217f380a175a1fb4495d6cc370a4d286) Importer(2089858483,192608db42251d675da83286b1cce702) (ScriptedImporter) -> (artifact id: '3f9f5fd424f66223abf7b950c75d5e7c') in 0.0030839 seconds
Number of updated asset objects reloaded before import = 0Number of asset objects unloaded after import = 1

========================================================================
Received Import Request.
  Time since last request: 0.000024 seconds.
  path: Assets/Sci Fi Gun Light/Textures/ColorVar/Black/SciFiGunLight_AlbedoTransparency.png
  artifactKey: Guid(bbee312efb984dc47903c8e700c25567) Importer(2089858483,192608db42251d675da83286b1cce702)
Start importing Assets/Sci Fi Gun Light/Textures/ColorVar/Black/SciFiGunLight_AlbedoTransparency.png using Guid(bbee312efb984dc47903c8e700c25567) Importer(2089858483,192608db42251d675da83286b1cce702) (ScriptedImporter) -> (artifact id: '12b8db91af018cf004f2a80081bb2c8a') in 0.0123155 seconds
Number of updated asset objects reloaded before import = 0Number of asset objects unloaded after import = 1

========================================================================
Received Import Request.
  Time since last request: 0.000056 seconds.
  path: Assets/Sci Fi Gun Light/Prefabs/SciFiGunLight
  artifactKey: Guid(725e685d852ada3489cd8f7d9f441221) Importer(2089858483,192608db42251d675da83286b1cce702)
Start importing Assets/Sci Fi Gun Light/Prefabs/SciFiGunLight using Guid(725e685d852ada3489cd8f7d9f441221) Importer(2089858483,192608db42251d675da83286b1cce702) (ScriptedImporter) -> (artifact id: '43b2f1a3d244dcab77675792ee16b245') in 0.0033846 seconds
Number of updated asset objects reloaded before import = 0Number of asset objects unloaded after import = 1

========================================================================
Received Import Request.
  Time since last request: 0.000020 seconds.
  path: Assets/Sci Fi Gun Light/Prefabs/SciFiGunLight/SciFiGunLight_White.prefab
  artifactKey: Guid(a1db201987255e14ebc8e3c4476a247f) Importer(2089858483,192608db42251d675da83286b1cce702)
Start importing Assets/Sci Fi Gun Light/Prefabs/SciFiGunLight/SciFiGunLight_White.prefab using Guid(a1db201987255e14ebc8e3c4476a247f) Importer(2089858483,192608db42251d675da83286b1cce702) (ScriptedImporter) -> (artifact id: 'fa2955a757ae2af60485545fc473a5b9') in 0.0069846 seconds
Number of updated asset objects reloaded before import = 0Number of asset objects unloaded after import = 8

========================================================================
Received Import Request.
  Time since last request: 0.000020 seconds.
  path: Assets/Sci Fi Gun Light/Textures/ColorVar/Blue/SciFiGunLight_SpecularSmoothness.png
  artifactKey: Guid(1cd8a58c1c3ab284b950c3a690742077) Importer(2089858483,192608db42251d675da83286b1cce702)
Start importing Assets/Sci Fi Gun Light/Textures/ColorVar/Blue/SciFiGunLight_SpecularSmoothness.png using Guid(1cd8a58c1c3ab284b950c3a690742077) Importer(2089858483,192608db42251d675da83286b1cce702) (ScriptedImporter) -> (artifact id: '9e9e1426a44372db8c1eb861e0b5ae90') in 0.0103995 seconds
Number of updated asset objects reloaded before import = 0Number of asset objects unloaded after import = 1

========================================================================
Received Import Request.
  Time since last request: 0.000027 seconds.
  path: Assets/Sci Fi Gun Light/Textures/ColorVar/White
  artifactKey: Guid(64663381d37a4a94080380716983729d) Importer(2089858483,192608db42251d675da83286b1cce702)
Start importing Assets/Sci Fi Gun Light/Textures/ColorVar/White using Guid(64663381d37a4a94080380716983729d) Importer(2089858483,192608db42251d675da83286b1cce702) (ScriptedImporter) -> (artifact id: '823425ad5d9eefd1e0abadb9cba78722') in 0.0031465 seconds
Number of updated asset objects reloaded before import = 0Number of asset objects unloaded after import = 1

========================================================================
Received Import Request.
  Time since last request: 0.000083 seconds.
  path: Assets/Sci Fi Gun Light/Textures/ColorVar/Yellow
  artifactKey: Guid(a35fff97f1fe9434186fdb2db8405317) Importer(2089858483,192608db42251d675da83286b1cce702)
Start importing Assets/Sci Fi Gun Light/Textures/ColorVar/Yellow using Guid(a35fff97f1fe9434186fdb2db8405317) Importer(2089858483,192608db42251d675da83286b1cce702) (ScriptedImporter) -> (artifact id: '8545e0069a7dc32a183f209d2771d6ea') in 0.0038766 seconds
Number of updated asset objects reloaded before import = 0Number of asset objects unloaded after import = 1

========================================================================
Received Import Request.
  Time since last request: 0.000095 seconds.
  path: Assets/Sci Fi Gun Light/Scenes/SciFiGunLight_Preview_Scene.unity
  artifactKey: Guid(1f8aa587b96c591469c11fa74f73028a) Importer(2089858483,192608db42251d675da83286b1cce702)
Start importing Assets/Sci Fi Gun Light/Scenes/SciFiGunLight_Preview_Scene.unity using Guid(1f8aa587b96c591469c11fa74f73028a) Importer(2089858483,192608db42251d675da83286b1cce702) (ScriptedImporter) -> (artifact id: 'bcf7b2e2a190ca935defa378525d4424') in 0.0036228 seconds
Number of updated asset objects reloaded before import = 0Number of asset objects unloaded after import = 1

========================================================================
Received Import Request.
  Time since last request: 0.000060 seconds.
  path: Assets/Sci Fi Gun Light/Materials/SciFiGunLight
  artifactKey: Guid(863fb030258283c4e907d0c4c51e96cf) Importer(2089858483,192608db42251d675da83286b1cce702)
Start importing Assets/Sci Fi Gun Light/Materials/SciFiGunLight using Guid(863fb030258283c4e907d0c4c51e96cf) Importer(2089858483,192608db42251d675da83286b1cce702) (ScriptedImporter) -> (artifact id: '97e03d241df8b813db3e78c828131b66') in 0.0023864 seconds
Number of updated asset objects reloaded before import = 0Number of asset objects unloaded after import = 1

========================================================================
Received Import Request.
  Time since last request: 0.000079 seconds.
  path: Assets/Sci Fi Gun Light/Textures/ColorVar/Blue/SciFiGunLight_AlbedoTransparency.png
  artifactKey: Guid(a2c9f90052463784c81203a9224c59d9) Importer(2089858483,192608db42251d675da83286b1cce702)
Start importing Assets/Sci Fi Gun Light/Textures/ColorVar/Blue/SciFiGunLight_AlbedoTransparency.png using Guid(a2c9f90052463784c81203a9224c59d9) Importer(2089858483,192608db42251d675da83286b1cce702) (ScriptedImporter) -> (artifact id: '60a0e998e079598a1b0bfa8640440e3f') in 0.0095241 seconds
Number of updated asset objects reloaded before import = 0Number of asset objects unloaded after import = 1

========================================================================
Received Import Request.
  Time since last request: 0.000046 seconds.
  path: Assets/Sci Fi Gun Light/Textures/ColorVar/White/SciFiGunLight_AlbedoTransparency.png
  artifactKey: Guid(56c0f62345b42d74884feea1fce72e9e) Importer(2089858483,192608db42251d675da83286b1cce702)
Start importing Assets/Sci Fi Gun Light/Textures/ColorVar/White/SciFiGunLight_AlbedoTransparency.png using Guid(56c0f62345b42d74884feea1fce72e9e) Importer(2089858483,192608db42251d675da83286b1cce702) (ScriptedImporter) -> (artifact id: '55c961f4e4b4cfde17d5c57f5b1cc6fa') in 0.0130069 seconds
Number of updated asset objects reloaded before import = 0Number of asset objects unloaded after import = 1

========================================================================
Received Import Request.
  Time since last request: 0.000148 seconds.
  path: Assets/Sci Fi Gun Light/Materials/SciFiGunLight/SciFiGunLight_Black.mat
  artifactKey: Guid(a501bb00c34251540a7cffaba4f07182) Importer(2089858483,192608db42251d675da83286b1cce702)
Start importing Assets/Sci Fi Gun Light/Materials/SciFiGunLight/SciFiGunLight_Black.mat using Guid(a501bb00c34251540a7cffaba4f07182) Importer(2089858483,192608db42251d675da83286b1cce702) (ScriptedImporter) -> (artifact id: '274d2615ca9acade481a2ac1a6ad7254') in 0.0309488 seconds
Number of updated asset objects reloaded before import = 0Number of asset objects unloaded after import = 5

========================================================================
Received Import Request.
  Time since last request: 0.000016 seconds.
  path: Assets/Sci Fi Gun Light/Materials/SciFiGunLight/SciFiGunLight_Blue.mat
  artifactKey: Guid(5c7176cef124e1a4793b448ed91b74e1) Importer(2089858483,192608db42251d675da83286b1cce702)
Start importing Assets/Sci Fi Gun Light/Materials/SciFiGunLight/SciFiGunLight_Blue.mat using Guid(5c7176cef124e1a4793b448ed91b74e1) Importer(2089858483,192608db42251d675da83286b1cce702) (ScriptedImporter) -> (artifact id: '291f4d980476186484f7707f5545d38f') in 0.0133513 seconds
Number of updated asset objects reloaded before import = 0Number of asset objects unloaded after import = 5

========================================================================
Received Import Request.
  Time since last request: 0.000014 seconds.
  path: Assets/Sci Fi Gun Light/Textures/ColorVar/SciFiGunLight_Normal.png
  artifactKey: Guid(ccc8c4c4e95fdcc4c9ae6aae9295360f) Importer(2089858483,192608db42251d675da83286b1cce702)
Start importing Assets/Sci Fi Gun Light/Textures/ColorVar/SciFiGunLight_Normal.png using Guid(ccc8c4c4e95fdcc4c9ae6aae9295360f) Importer(2089858483,192608db42251d675da83286b1cce702) (ScriptedImporter) -> (artifact id: 'e90ed41301a158b5ff4847a91769a978') in 0.0080162 seconds
Number of updated asset objects reloaded before import = 0Number of asset objects unloaded after import = 1

========================================================================
Received Import Request.
  Time since last request: 0.000080 seconds.
  path: Assets/Sci Fi Gun Light/Prefabs
  artifactKey: Guid(14dbb18d3678c234da1023e170abe6c5) Importer(2089858483,192608db42251d675da83286b1cce702)
Start importing Assets/Sci Fi Gun Light/Prefabs using Guid(14dbb18d3678c234da1023e170abe6c5) Importer(2089858483,192608db42251d675da83286b1cce702) (ScriptedImporter) -> (artifact id: '0d1c61fd2ac6fddaee21886fdeb8b54d') in 0.0023043 seconds
Number of updated asset objects reloaded before import = 0Number of asset objects unloaded after import = 1

========================================================================
Received Import Request.
  Time since last request: 0.000021 seconds.
  path: Assets/Sci Fi Gun Light/Prefabs/SciFiGunLight/SciFiGunLight_Rad.prefab
  artifactKey: Guid(460b09b3999f980448b54c53b41f5873) Importer(2089858483,192608db42251d675da83286b1cce702)
Start importing Assets/Sci Fi Gun Light/Prefabs/SciFiGunLight/SciFiGunLight_Rad.prefab using Guid(460b09b3999f980448b54c53b41f5873) Importer(2089858483,192608db42251d675da83286b1cce702) (ScriptedImporter) -> (artifact id: 'fa9e899c33a74001ff5b65b026ebf292') in 0.0080859 seconds
Number of updated asset objects reloaded before import = 0Number of asset objects unloaded after import = 8

========================================================================
Received Prepare
Begin MonoManager ReloadAssembly
[Licensing::Client] Successfully resolved entitlement details
- Loaded All Assemblies, in  0.359 seconds
Script 'Camera' has the same name as built-in Unity component.
AddComponent and GetComponent will not work with this script.
Refreshing native plugins compatible for Editor in 0.24 ms, found 2 plugins.
Assertion failed on expression: 'pred(*previous, *i)'
Assertion failed on expression: 'pred(*previous, *i)'
Assertion failed on expression: 'pred(*previous, *i)'
Assertion failed on expression: 'pred(*previous, *i)'
Assertion failed on expression: 'pred(*previous, *i)'
Assertion failed on expression: 'pred(*previous, *i)'
Assertion failed on expression: 'pred(*previous, *i)'
Assertion failed on expression: 'pred(*previous, *i)'
Assertion failed on expression: 'pred(*previous, *i)'
Assertion failed on expression: 'pred(*previous, *i)'
Assertion failed on expression: 'pred(*previous, *i)'
Assertion failed on expression: 'pred(*previous, *i)'
Assertion failed on expression: 'pred(*previous, *i)'
Assertion failed on expression: 'pred(*previous, *i)'
Assertion failed on expression: 'pred(*previous, *i)'
Assertion failed on expression: 'pred(*previous, *i)'
Assertion failed on expression: 'pred(*previous, *i)'
Assertion failed on expression: 'pred(*previous, *i)'
Assertion failed on expression: 'pred(*previous, *i)'
Assertion failed on expression: 'pred(*previous, *i)'
Assertion failed on expression: 'pred(*previous, *i)'
Assertion failed on expression: 'pred(*previous, *i)'
Assertion failed on expression: 'pred(*previous, *i)'
Assertion failed on expression: 'pred(*previous, *i)'
Assertion failed on expression: 'pred(*previous, *i)'
Assertion failed on expression: 'pred(*previous, *i)'
Assertion failed on expression: 'pred(*previous, *i)'
Assertion failed on expression: 'pred(*previous, *i)'
Assertion failed on expression: 'pred(*previous, *i)'
Assertion failed on expression: 'pred(*previous, *i)'
Assertion failed on expression: 'pred(*previous, *i)'
Assertion failed on expression: 'pred(*previous, *i)'
Assertion failed on expression: 'pred(*previous, *i)'
Assertion failed on expression: 'pred(*previous, *i)'
Assertion failed on expression: 'pred(*previous, *i)'
Assertion failed on expression: 'pred(*previous, *i)'
Assertion failed on expression: 'pred(*previous, *i)'
Assertion failed on expression: 'pred(*previous, *i)'
Assertion failed on expression: 'pred(*previous, *i)'
Assertion failed on expression: 'pred(*previous, *i)'
Assertion failed on expression: 'pred(*previous, *i)'
Assertion failed on expression: 'pred(*previous, *i)'
Assertion failed on expression: 'pred(*previous, *i)'
Assertion failed on expression: 'pred(*previous, *i)'
Assertion failed on expression: 'pred(*previous, *i)'
Assertion failed on expression: 'pred(*previous, *i)'
Assertion failed on expression: 'pred(*previous, *i)'
Assertion failed on expression: 'pred(*previous, *i)'
Assertion failed on expression: 'pred(*previous, *i)'
Assertion failed on expression: 'pred(*previous, *i)'
Assertion failed on expression: 'pred(*previous, *i)'
Assertion failed on expression: 'pred(*previous, *i)'
Assertion failed on expression: 'pred(*previous, *i)'
Assertion failed on expression: 'pred(*previous, *i)'
Assertion failed on expression: 'pred(*previous, *i)'
Assertion failed on expression: 'pred(*previous, *i)'
Assertion failed on expression: 'pred(*previous, *i)'
Assertion failed on expression: 'pred(*previous, *i)'
Assertion failed on expression: 'pred(*previous, *i)'
Assertion failed on expression: 'pred(*previous, *i)'
Assertion failed on expression: 'pred(*previous, *i)'
Assertion failed on expression: 'pred(*previous, *i)'
Assertion failed on expression: 'pred(*previous, *i)'
Assertion failed on expression: 'pred(*previous, *i)'
Assertion failed on expression: 'pred(*previous, *i)'
Assertion failed on expression: 'pred(*previous, *i)'
Assertion failed on expression: 'pred(*previous, *i)'
Assertion failed on expression: 'pred(*previous, *i)'
Assertion failed on expression: 'pred(*previous, *i)'
Assertion failed on expression: 'pred(*previous, *i)'
Assertion failed on expression: 'pred(*previous, *i)'
Assertion failed on expression: 'pred(*previous, *i)'
Assertion failed on expression: 'pred(*previous, *i)'
Assertion failed on expression: 'pred(*previous, *i)'
Assertion failed on expression: 'pred(*previous, *i)'
Assertion failed on expression: 'pred(*previous, *i)'
Assertion failed on expression: 'pred(*previous, *i)'
Assertion failed on expression: 'pred(*previous, *i)'
Assertion failed on expression: 'pred(*previous, *i)'
Assertion failed on expression: 'pred(*previous, *i)'
Assertion failed on expression: 'pred(*previous, *i)'
Assertion failed on expression: 'pred(*previous, *i)'
Assertion failed on expression: 'pred(*previous, *i)'
Assertion failed on expression: 'pred(*previous, *i)'
Assertion failed on expression: 'pred(*previous, *i)'
Assertion failed on expression: 'pred(*previous, *i)'
Assertion failed on expression: 'pred(*previous, *i)'
Assertion failed on expression: 'pred(*previous, *i)'
Assertion failed on expression: 'pred(*previous, *i)'
Assertion failed on expression: 'pred(*previous, *i)'
Assertion failed on expression: 'pred(*previous, *i)'
Assertion failed on expression: 'pred(*previous, *i)'
Assertion failed on expression: 'pred(*previous, *i)'
Assertion failed on expression: 'pred(*previous, *i)'
Assertion failed on expression: 'pred(*previous, *i)'
Assertion failed on expression: 'pred(*previous, *i)'
Assertion failed on expression: 'pred(*previous, *i)'
Assertion failed on expression: 'pred(*previous, *i)'
Assertion failed on expression: 'pred(*previous, *i)'
Assertion failed on expression: 'pred(*previous, *i)'
Assertion failed on expression: 'pred(*previous, *i)'
Assertion failed on expression: 'pred(*previous, *i)'
Assertion failed on expression: 'pred(*previous, *i)'
Assertion failed on expression: 'pred(*previous, *i)'
Assertion failed on expression: 'pred(*previous, *i)'
Assertion failed on expression: 'pred(*previous, *i)'
Assertion failed on expression: 'pred(*previous, *i)'
Assertion failed on expression: 'pred(*previous, *i)'
Assertion failed on expression: 'pred(*previous, *i)'
Assertion failed on expression: 'pred(*previous, *i)'
Assertion failed on expression: 'pred(*previous, *i)'
Assertion failed on expression: 'pred(*previous, *i)'
Assertion failed on expression: 'pred(*previous, *i)'
Assertion failed on expression: 'pred(*previous, *i)'
Assertion failed on expression: 'pred(*previous, *i)'
Assertion failed on expression: 'pred(*previous, *i)'
Assertion failed on expression: 'pred(*previous, *i)'
Assertion failed on expression: 'pred(*previous, *i)'
Assertion failed on expression: 'pred(*previous, *i)'
Assertion failed on expression: 'pred(*previous, *i)'
Assertion failed on expression: 'pred(*previous, *i)'
Assertion failed on expression: 'pred(*previous, *i)'
Assertion failed on expression: 'pred(*previous, *i)'
Assertion failed on expression: 'pred(*previous, *i)'
Assertion failed on expression: 'pred(*previous, *i)'
Assertion failed on expression: 'pred(*previous, *i)'
Assertion failed on expression: 'pred(*previous, *i)'
Assertion failed on expression: 'pred(*previous, *i)'
Assertion failed on expression: 'pred(*previous, *i)'
Assertion failed on expression: 'pred(*previous, *i)'
Assertion failed on expression: 'pred(*previous, *i)'
Assertion failed on expression: 'pred(*previous, *i)'
Assertion failed on expression: 'pred(*previous, *i)'
Assertion failed on expression: 'pred(*previous, *i)'
Assertion failed on expression: 'pred(*previous, *i)'
Assertion failed on expression: 'pred(*previous, *i)'
Assertion failed on expression: 'pred(*previous, *i)'
Assertion failed on expression: 'pred(*previous, *i)'
Assertion failed on expression: 'pred(*previous, *i)'
Assertion failed on expression: 'pred(*previous, *i)'
Assertion failed on expression: 'pred(*previous, *i)'
Assertion failed on expression: 'pred(*previous, *i)'
Assertion failed on expression: 'pred(*previous, *i)'
Assertion failed on expression: 'pred(*previous, *i)'
Assertion failed on expression: 'pred(*previous, *i)'
Assertion failed on expression: 'pred(*previous, *i)'
Assertion failed on expression: 'pred(*previous, *i)'
Assertion failed on expression: 'pred(*previous, *i)'
Assertion failed on expression: 'pred(*previous, *i)'
Assertion failed on expression: 'pred(*previous, *i)'
Assertion failed on expression: 'pred(*previous, *i)'
Assertion failed on expression: 'pred(*previous, *i)'
Assertion failed on expression: 'pred(*previous, *i)'
Assertion failed on expression: 'pred(*previous, *i)'
Assertion failed on expression: 'pred(*previous, *i)'
Assertion failed on expression: 'pred(*previous, *i)'
Assertion failed on expression: 'pred(*previous, *i)'
Assertion failed on expression: 'pred(*previous, *i)'
Assertion failed on expression: 'pred(*previous, *i)'
Assertion failed on expression: 'pred(*previous, *i)'
Assertion failed on expression: 'pred(*previous, *i)'
Assertion failed on expression: 'pred(*previous, *i)'
Assertion failed on expression: 'pred(*previous, *i)'
Assertion failed on expression: 'pred(*previous, *i)'
Assertion failed on expression: 'pred(*previous, *i)'
Assertion failed on expression: 'pred(*previous, *i)'
Assertion failed on expression: 'pred(*previous, *i)'
Assertion failed on expression: 'pred(*previous, *i)'
Assertion failed on expression: 'pred(*previous, *i)'
Assertion failed on expression: 'pred(*previous, *i)'
Assertion failed on expression: 'pred(*previous, *i)'
Assertion failed on expression: 'pred(*previous, *i)'
Assertion failed on expression: 'pred(*previous, *i)'
Assertion failed on expression: 'pred(*previous, *i)'
Assertion failed on expression: 'pred(*previous, *i)'
Assertion failed on expression: 'pred(*previous, *i)'
Assertion failed on expression: 'pred(*previous, *i)'
Assertion failed on expression: 'pred(*previous, *i)'
Assertion failed on expression: 'pred(*previous, *i)'
Assertion failed on expression: 'pred(*previous, *i)'
Assertion failed on expression: 'pred(*previous, *i)'
Assertion failed on expression: 'pred(*previous, *i)'
Assertion failed on expression: 'pred(*previous, *i)'
Assertion failed on expression: 'pred(*previous, *i)'
Assertion failed on expression: 'pred(*previous, *i)'
Assertion failed on expression: 'pred(*previous, *i)'
Assertion failed on expression: 'pred(*previous, *i)'
Assertion failed on expression: 'pred(*previous, *i)'
Assertion failed on expression: 'pred(*previous, *i)'
Assertion failed on expression: 'pred(*previous, *i)'
Assertion failed on expression: 'pred(*previous, *i)'
Assertion failed on expression: 'pred(*previous, *i)'
Assertion failed on expression: 'pred(*previous, *i)'
Assertion failed on expression: 'pred(*previous, *i)'
Assertion failed on expression: 'pred(*previous, *i)'
Assertion failed on expression: 'pred(*previous, *i)'
Assertion failed on expression: 'pred(*previous, *i)'
Assertion failed on expression: 'pred(*previous, *i)'
Assertion failed on expression: 'pred(*previous, *i)'
Assertion failed on expression: 'pred(*previous, *i)'
Assertion failed on expression: 'pred(*previous, *i)'
Assertion failed on expression: 'pred(*previous, *i)'
Assertion failed on expression: 'pred(*previous, *i)'
Assertion failed on expression: 'pred(*previous, *i)'
Assertion failed on expression: 'pred(*previous, *i)'
Assertion failed on expression: 'pred(*previous, *i)'
Assertion failed on expression: 'pred(*previous, *i)'
Assertion failed on expression: 'pred(*previous, *i)'
Assertion failed on expression: 'pred(*previous, *i)'
Assertion failed on expression: 'pred(*previous, *i)'
Assertion failed on expression: 'pred(*previous, *i)'
Assertion failed on expression: 'pred(*previous, *i)'
Assertion failed on expression: 'pred(*previous, *i)'
Assertion failed on expression: 'pred(*previous, *i)'
Assertion failed on expression: 'pred(*previous, *i)'
Assertion failed on expression: 'pred(*previous, *i)'
Assertion failed on expression: 'pred(*previous, *i)'
Assertion failed on expression: 'pred(*previous, *i)'
Assertion failed on expression: 'pred(*previous, *i)'
Assertion failed on expression: 'pred(*previous, *i)'
Assertion failed on expression: 'pred(*previous, *i)'
Assertion failed on expression: 'pred(*previous, *i)'
Assertion failed on expression: 'pred(*previous, *i)'
Assertion failed on expression: 'pred(*previous, *i)'
Assertion failed on expression: 'pred(*previous, *i)'
Assertion failed on expression: 'pred(*previous, *i)'
Assertion failed on expression: 'pred(*previous, *i)'
Assertion failed on expression: 'pred(*previous, *i)'
Assertion failed on expression: 'pred(*previous, *i)'
Assertion failed on expression: 'pred(*previous, *i)'
Assertion failed on expression: 'pred(*previous, *i)'
Assertion failed on expression: 'pred(*previous, *i)'
Assertion failed on expression: 'pred(*previous, *i)'
Assertion failed on expression: 'pred(*previous, *i)'
Assertion failed on expression: 'pred(*previous, *i)'
Assertion failed on expression: 'pred(*previous, *i)'
Assertion failed on expression: 'pred(*previous, *i)'
Assertion failed on expression: 'pred(*previous, *i)'
Assertion failed on expression: 'pred(*previous, *i)'
Assertion failed on expression: 'pred(*previous, *i)'
Assertion failed on expression: 'pred(*previous, *i)'
Assertion failed on expression: 'pred(*previous, *i)'
Assertion failed on expression: 'pred(*previous, *i)'
Assertion failed on expression: 'pred(*previous, *i)'
Assertion failed on expression: 'pred(*previous, *i)'
Assertion failed on expression: 'pred(*previous, *i)'
Assertion failed on expression: 'pred(*previous, *i)'
Assertion failed on expression: 'pred(*previous, *i)'
Assertion failed on expression: 'pred(*previous, *i)'
Assertion failed on expression: 'pred(*previous, *i)'
Assertion failed on expression: 'pred(*previous, *i)'
Assertion failed on expression: 'pred(*previous, *i)'
Assertion failed on expression: 'pred(*previous, *i)'
Assertion failed on expression: 'pred(*previous, *i)'
Assertion failed on expression: 'pred(*previous, *i)'
Assertion failed on expression: 'pred(*previous, *i)'
Assertion failed on expression: 'pred(*previous, *i)'
Assertion failed on expression: 'pred(*previous, *i)'
Assertion failed on expression: 'pred(*previous, *i)'
Assertion failed on expression: 'pred(*previous, *i)'
Assertion failed on expression: 'pred(*previous, *i)'
Assertion failed on expression: 'pred(*previous, *i)'
Assertion failed on expression: 'pred(*previous, *i)'
Assertion failed on expression: 'pred(*previous, *i)'
Assertion failed on expression: 'pred(*previous, *i)'
Assertion failed on expression: 'pred(*previous, *i)'
Assertion failed on expression: 'pred(*previous, *i)'
Assertion failed on expression: 'pred(*previous, *i)'
Assertion failed on expression: 'pred(*previous, *i)'
Assertion failed on expression: 'pred(*previous, *i)'
Assertion failed on expression: 'pred(*previous, *i)'
Assertion failed on expression: 'pred(*previous, *i)'
Assertion failed on expression: 'pred(*previous, *i)'
Assertion failed on expression: 'pred(*previous, *i)'
Assertion failed on expression: 'pred(*previous, *i)'
Assertion failed on expression: 'pred(*previous, *i)'
Assertion failed on expression: 'pred(*previous, *i)'
Assertion failed on expression: 'pred(*previous, *i)'
Assertion failed on expression: 'pred(*previous, *i)'
Assertion failed on expression: 'pred(*previous, *i)'
Assertion failed on expression: 'pred(*previous, *i)'
Assertion failed on expression: 'pred(*previous, *i)'
Assertion failed on expression: 'pred(*previous, *i)'
Assertion failed on expression: 'pred(*previous, *i)'
Assertion failed on expression: 'pred(*previous, *i)'
Assertion failed on expression: 'pred(*previous, *i)'
Assertion failed on expression: 'pred(*previous, *i)'
Assertion failed on expression: 'pred(*previous, *i)'
Assertion failed on expression: 'pred(*previous, *i)'
Assertion failed on expression: 'pred(*previous, *i)'
Assertion failed on expression: 'pred(*previous, *i)'
Assertion failed on expression: 'pred(*previous, *i)'
Assertion failed on expression: 'pred(*previous, *i)'
Assertion failed on expression: 'pred(*previous, *i)'
Assertion failed on expression: 'pred(*previous, *i)'
Assertion failed on expression: 'pred(*previous, *i)'
Assertion failed on expression: 'pred(*previous, *i)'
Assertion failed on expression: 'pred(*previous, *i)'
Assertion failed on expression: 'pred(*previous, *i)'
Assertion failed on expression: 'pred(*previous, *i)'
Assertion failed on expression: 'pred(*previous, *i)'
Assertion failed on expression: 'pred(*previous, *i)'
Assertion failed on expression: 'pred(*previous, *i)'
Assertion failed on expression: 'pred(*previous, *i)'
Assertion failed on expression: 'pred(*previous, *i)'
Assertion failed on expression: 'pred(*previous, *i)'
Assertion failed on expression: 'pred(*previous, *i)'
Assertion failed on expression: 'pred(*previous, *i)'
Assertion failed on expression: 'pred(*previous, *i)'
Assertion failed on expression: 'pred(*previous, *i)'
Assertion failed on expression: 'pred(*previous, *i)'
Assertion failed on expression: 'pred(*previous, *i)'
Assertion failed on expression: 'pred(*previous, *i)'
Assertion failed on expression: 'pred(*previous, *i)'
Assertion failed on expression: 'pred(*previous, *i)'
Assertion failed on expression: 'pred(*previous, *i)'
Assertion failed on expression: 'pred(*previous, *i)'
Assertion failed on expression: 'pred(*previous, *i)'
Assertion failed on expression: 'pred(*previous, *i)'
Assertion failed on expression: 'pred(*previous, *i)'
Assertion failed on expression: 'pred(*previous, *i)'
Assertion failed on expression: 'pred(*previous, *i)'
Assertion failed on expression: 'pred(*previous, *i)'
Assertion failed on expression: 'pred(*previous, *i)'
Assertion failed on expression: 'pred(*previous, *i)'
Assertion failed on expression: 'pred(*previous, *i)'
Assertion failed on expression: 'pred(*previous, *i)'
Assertion failed on expression: 'pred(*previous, *i)'
Assertion failed on expression: 'pred(*previous, *i)'
Assertion failed on expression: 'pred(*previous, *i)'
Assertion failed on expression: 'pred(*previous, *i)'
Assertion failed on expression: 'pred(*previous, *i)'
Assertion failed on expression: 'pred(*previous, *i)'
Assertion failed on expression: 'pred(*previous, *i)'
Assertion failed on expression: 'pred(*previous, *i)'
Assertion failed on expression: 'pred(*previous, *i)'
Assertion failed on expression: 'pred(*previous, *i)'
Assertion failed on expression: 'pred(*previous, *i)'
Assertion failed on expression: 'pred(*previous, *i)'
Assertion failed on expression: 'pred(*previous, *i)'
Assertion failed on expression: 'pred(*previous, *i)'
Assertion failed on expression: 'pred(*previous, *i)'
Assertion failed on expression: 'pred(*previous, *i)'
Assertion failed on expression: 'pred(*previous, *i)'
Assertion failed on expression: 'pred(*previous, *i)'
Assertion failed on expression: 'pred(*previous, *i)'
Assertion failed on expression: 'pred(*previous, *i)'
Assertion failed on expression: 'pred(*previous, *i)'
Assertion failed on expression: 'pred(*previous, *i)'
Assertion failed on expression: 'pred(*previous, *i)'
Assertion failed on expression: 'pred(*previous, *i)'
Assertion failed on expression: 'pred(*previous, *i)'
Assertion failed on expression: 'pred(*previous, *i)'
Assertion failed on expression: 'pred(*previous, *i)'
Assertion failed on expression: 'pred(*previous, *i)'
Assertion failed on expression: 'pred(*previous, *i)'
Assertion failed on expression: 'pred(*previous, *i)'
Assertion failed on expression: 'pred(*previous, *i)'
Assertion failed on expression: 'pred(*previous, *i)'
Assertion failed on expression: 'pred(*previous, *i)'
Assertion failed on expression: 'pred(*previous, *i)'
Assertion failed on expression: 'pred(*previous, *i)'
Assertion failed on expression: 'pred(*previous, *i)'
Assertion failed on expression: 'pred(*previous, *i)'
Assertion failed on expression: 'pred(*previous, *i)'
Assertion failed on expression: 'pred(*previous, *i)'
Assertion failed on expression: 'pred(*previous, *i)'
Assertion failed on expression: 'pred(*previous, *i)'
Assertion failed on expression: 'pred(*previous, *i)'
Assertion failed on expression: 'pred(*previous, *i)'
Assertion failed on expression: 'pred(*previous, *i)'
Assertion failed on expression: 'pred(*previous, *i)'
Assertion failed on expression: 'pred(*previous, *i)'
Assertion failed on expression: 'pred(*previous, *i)'
Assertion failed on expression: 'pred(*previous, *i)'
Assertion failed on expression: 'pred(*previous, *i)'
Assertion failed on expression: 'pred(*previous, *i)'
Assertion failed on expression: 'pred(*previous, *i)'
Assertion failed on expression: 'pred(*previous, *i)'
Assertion failed on expression: 'pred(*previous, *i)'
Assertion failed on expression: 'pred(*previous, *i)'
Assertion failed on expression: 'pred(*previous, *i)'
Assertion failed on expression: 'pred(*previous, *i)'
Assertion failed on expression: 'pred(*previous, *i)'
Assertion failed on expression: 'pred(*previous, *i)'
Assertion failed on expression: 'pred(*previous, *i)'
Assertion failed on expression: 'pred(*previous, *i)'
Assertion failed on expression: 'pred(*previous, *i)'
Assertion failed on expression: 'pred(*previous, *i)'
Assertion failed on expression: 'pred(*previous, *i)'
Assertion failed on expression: 'pred(*previous, *i)'
Assertion failed on expression: 'pred(*previous, *i)'
Assertion failed on expression: 'pred(*previous, *i)'
Assertion failed on expression: 'pred(*previous, *i)'
Assertion failed on expression: 'pred(*previous, *i)'
Assertion failed on expression: 'pred(*previous, *i)'
Assertion failed on expression: 'pred(*previous, *i)'
Assertion failed on expression: 'pred(*previous, *i)'
Assertion failed on expression: 'pred(*previous, *i)'
Assertion failed on expression: 'pred(*previous, *i)'
Assertion failed on expression: 'pred(*previous, *i)'
Assertion failed on expression: 'pred(*previous, *i)'
Assertion failed on expression: 'pred(*previous, *i)'
Assertion failed on expression: 'pred(*previous, *i)'
Assertion failed on expression: 'pred(*previous, *i)'
Assertion failed on expression: 'pred(*previous, *i)'
Assertion failed on expression: 'pred(*previous, *i)'
Assertion failed on expression: 'pred(*previous, *i)'
Assertion failed on expression: 'pred(*previous, *i)'
Assertion failed on expression: 'pred(*previous, *i)'
Assertion failed on expression: 'pred(*previous, *i)'
Assertion failed on expression: 'pred(*previous, *i)'
Assertion failed on expression: 'pred(*previous, *i)'
Assertion failed on expression: 'pred(*previous, *i)'
Assertion failed on expression: 'pred(*previous, *i)'
Assertion failed on expression: 'pred(*previous, *i)'
Assertion failed on expression: 'pred(*previous, *i)'
Assertion failed on expression: 'pred(*previous, *i)'
Assertion failed on expression: 'pred(*previous, *i)'
Assertion failed on expression: 'pred(*previous, *i)'
Assertion failed on expression: 'pred(*previous, *i)'
Assertion failed on expression: 'pred(*previous, *i)'
Assertion failed on expression: 'pred(*previous, *i)'
Assertion failed on expression: 'pred(*previous, *i)'
Assertion failed on expression: 'pred(*previous, *i)'
Assertion failed on expression: 'pred(*previous, *i)'
Assertion failed on expression: 'pred(*previous, *i)'
Assertion failed on expression: 'pred(*previous, *i)'
Assertion failed on expression: 'pred(*previous, *i)'
Assertion failed on expression: 'pred(*previous, *i)'
Assertion failed on expression: 'pred(*previous, *i)'
Assertion failed on expression: 'pred(*previous, *i)'
Assertion failed on expression: 'pred(*previous, *i)'
Assertion failed on expression: 'pred(*previous, *i)'
Assertion failed on expression: 'pred(*previous, *i)'
Assertion failed on expression: 'pred(*previous, *i)'
Assertion failed on expression: 'pred(*previous, *i)'
Assertion failed on expression: 'pred(*previous, *i)'
Assertion failed on expression: 'pred(*previous, *i)'
Assertion failed on expression: 'pred(*previous, *i)'
Assertion failed on expression: 'pred(*previous, *i)'
Assertion failed on expression: 'pred(*previous, *i)'
Assertion failed on expression: 'pred(*previous, *i)'
Assertion failed on expression: 'pred(*previous, *i)'
Assertion failed on expression: 'pred(*previous, *i)'
Assertion failed on expression: 'pred(*previous, *i)'
Assertion failed on expression: 'pred(*previous, *i)'
Assertion failed on expression: 'pred(*previous, *i)'
Assertion failed on expression: 'pred(*previous, *i)'
Assertion failed on expression: 'pred(*previous, *i)'
Assertion failed on expression: 'pred(*previous, *i)'
Assertion failed on expression: 'pred(*previous, *i)'
Assertion failed on expression: 'pred(*previous, *i)'
Assertion failed on expression: 'pred(*previous, *i)'
Assertion failed on expression: 'pred(*previous, *i)'
Assertion failed on expression: 'pred(*previous, *i)'
Assertion failed on expression: 'pred(*previous, *i)'
Assertion failed on expression: 'pred(*previous, *i)'
Assertion failed on expression: 'pred(*previous, *i)'
Assertion failed on expression: 'pred(*previous, *i)'
Assertion failed on expression: 'pred(*previous, *i)'
Assertion failed on expression: 'pred(*previous, *i)'
Assertion failed on expression: 'pred(*previous, *i)'
Assertion failed on expression: 'pred(*previous, *i)'
Assertion failed on expression: 'pred(*previous, *i)'
Assertion failed on expression: 'pred(*previous, *i)'
Assertion failed on expression: 'pred(*previous, *i)'
Assertion failed on expression: 'pred(*previous, *i)'
Assertion failed on expression: 'pred(*previous, *i)'
Assertion failed on expression: 'pred(*previous, *i)'
Assertion failed on expression: 'pred(*previous, *i)'
Assertion failed on expression: 'pred(*previous, *i)'
Assertion failed on expression: 'pred(*previous, *i)'
Assertion failed on expression: 'pred(*previous, *i)'
Assertion failed on expression: 'pred(*previous, *i)'
Assertion failed on expression: 'pred(*previous, *i)'
Assertion failed on expression: 'pred(*previous, *i)'
Assertion failed on expression: 'pred(*previous, *i)'
Assertion failed on expression: 'pred(*previous, *i)'
Assertion failed on expression: 'pred(*previous, *i)'
Assertion failed on expression: 'pred(*previous, *i)'
Assertion failed on expression: 'pred(*previous, *i)'
Assertion failed on expression: 'pred(*previous, *i)'
Assertion failed on expression: 'pred(*previous, *i)'
Assertion failed on expression: 'pred(*previous, *i)'
Assertion failed on expression: 'pred(*previous, *i)'
Assertion failed on expression: 'pred(*previous, *i)'
Assertion failed on expression: 'pred(*previous, *i)'
Assertion failed on expression: 'pred(*previous, *i)'
Assertion failed on expression: 'pred(*previous, *i)'
Assertion failed on expression: 'pred(*previous, *i)'
Assertion failed on expression: 'pred(*previous, *i)'
Assertion failed on expression: 'pred(*previous, *i)'
Assertion failed on expression: 'pred(*previous, *i)'
Assertion failed on expression: 'pred(*previous, *i)'
Assertion failed on expression: 'pred(*previous, *i)'
Assertion failed on expression: 'pred(*previous, *i)'
Assertion failed on expression: 'pred(*previous, *i)'
Assertion failed on expression: 'pred(*previous, *i)'
Assertion failed on expression: 'pred(*previous, *i)'
Assertion failed on expression: 'pred(*previous, *i)'
Assertion failed on expression: 'pred(*previous, *i)'
Assertion failed on expression: 'pred(*previous, *i)'
Assertion failed on expression: 'pred(*previous, *i)'
Assertion failed on expression: 'pred(*previous, *i)'
Assertion failed on expression: 'pred(*previous, *i)'
Assertion failed on expression: 'pred(*previous, *i)'
Assertion failed on expression: 'pred(*previous, *i)'
Assertion failed on expression: 'pred(*previous, *i)'
Assertion failed on expression: 'pred(*previous, *i)'
Assertion failed on expression: 'pred(*previous, *i)'
Assertion failed on expression: 'pred(*previous, *i)'
Assertion failed on expression: 'pred(*previous, *i)'
Assertion failed on expression: 'pred(*previous, *i)'
Assertion failed on expression: 'pred(*previous, *i)'
Assertion failed on expression: 'pred(*previous, *i)'
Assertion failed on expression: 'pred(*previous, *i)'
Assertion failed on expression: 'pred(*previous, *i)'
Assertion failed on expression: 'pred(*previous, *i)'
Assertion failed on expression: 'pred(*previous, *i)'
Assertion failed on expression: 'pred(*previous, *i)'
Assertion failed on expression: 'pred(*previous, *i)'
Assertion failed on expression: 'pred(*previous, *i)'
Assertion failed on expression: 'pred(*previous, *i)'
Assertion failed on expression: 'pred(*previous, *i)'
Assertion failed on expression: 'pred(*previous, *i)'
Assertion failed on expression: 'pred(*previous, *i)'
Assertion failed on expression: 'pred(*previous, *i)'
Assertion failed on expression: 'pred(*previous, *i)'
Assertion failed on expression: 'pred(*previous, *i)'
Assertion failed on expression: 'pred(*previous, *i)'
Assertion failed on expression: 'pred(*previous, *i)'
Assertion failed on expression: 'pred(*previous, *i)'
Assertion failed on expression: 'pred(*previous, *i)'
Assertion failed on expression: 'pred(*previous, *i)'
Assertion failed on expression: 'pred(*previous, *i)'
Assertion failed on expression: 'pred(*previous, *i)'
Assertion failed on expression: 'pred(*previous, *i)'
Assertion failed on expression: 'pred(*previous, *i)'
Assertion failed on expression: 'pred(*previous, *i)'
Assertion failed on expression: 'pred(*previous, *i)'
Assertion failed on expression: 'pred(*previous, *i)'
Assertion failed on expression: 'pred(*previous, *i)'
Assertion failed on expression: 'pred(*previous, *i)'
Assertion failed on expression: 'pred(*previous, *i)'
Assertion failed on expression: 'pred(*previous, *i)'
Assertion failed on expression: 'pred(*previous, *i)'
Assertion failed on expression: 'pred(*previous, *i)'
Assertion failed on expression: 'pred(*previous, *i)'
Assertion failed on expression: 'pred(*previous, *i)'
Assertion failed on expression: 'pred(*previous, *i)'
Assertion failed on expression: 'pred(*previous, *i)'
Assertion failed on expression: 'pred(*previous, *i)'
Assertion failed on expression: 'pred(*previous, *i)'
Assertion failed on expression: 'pred(*previous, *i)'
Assertion failed on expression: 'pred(*previous, *i)'
Assertion failed on expression: 'pred(*previous, *i)'
Assertion failed on expression: 'pred(*previous, *i)'
Assertion failed on expression: 'pred(*previous, *i)'
Assertion failed on expression: 'pred(*previous, *i)'
Assertion failed on expression: 'pred(*previous, *i)'
Assertion failed on expression: 'pred(*previous, *i)'
Assertion failed on expression: 'pred(*previous, *i)'
Assertion failed on expression: 'pred(*previous, *i)'
Assertion failed on expression: 'pred(*previous, *i)'
Assertion failed on expression: 'pred(*previous, *i)'
Assertion failed on expression: 'pred(*previous, *i)'
Assertion failed on expression: 'pred(*previous, *i)'
Assertion failed on expression: 'pred(*previous, *i)'
Assertion failed on expression: 'pred(*previous, *i)'
Assertion failed on expression: 'pred(*previous, *i)'
Assertion failed on expression: 'pred(*previous, *i)'
Assertion failed on expression: 'pred(*previous, *i)'
Assertion failed on expression: 'pred(*previous, *i)'
Assertion failed on expression: 'pred(*previous, *i)'
Assertion failed on expression: 'pred(*previous, *i)'
Assertion failed on expression: 'pred(*previous, *i)'
Assertion failed on expression: 'pred(*previous, *i)'
Assertion failed on expression: 'pred(*previous, *i)'
Assertion failed on expression: 'pred(*previous, *i)'
Assertion failed on expression: 'pred(*previous, *i)'
Assertion failed on expression: 'pred(*previous, *i)'
Assertion failed on expression: 'pred(*previous, *i)'
Assertion failed on expression: 'pred(*previous, *i)'
Assertion failed on expression: 'pred(*previous, *i)'
Assertion failed on expression: 'pred(*previous, *i)'
Assertion failed on expression: 'pred(*previous, *i)'
Assertion failed on expression: 'pred(*previous, *i)'
Assertion failed on expression: 'pred(*previous, *i)'
Assertion failed on expression: 'pred(*previous, *i)'
Assertion failed on expression: 'pred(*previous, *i)'
Assertion failed on expression: 'pred(*previous, *i)'
Assertion failed on expression: 'pred(*previous, *i)'
Assertion failed on expression: 'pred(*previous, *i)'
Assertion failed on expression: 'pred(*previous, *i)'
Assertion failed on expression: 'pred(*previous, *i)'
Assertion failed on expression: 'pred(*previous, *i)'
Assertion failed on expression: 'pred(*previous, *i)'
Assertion failed on expression: 'pred(*previous, *i)'
Assertion failed on expression: 'pred(*previous, *i)'
Assertion failed on expression: 'pred(*previous, *i)'
Assertion failed on expression: 'pred(*previous, *i)'
Assertion failed on expression: 'pred(*previous, *i)'
Assertion failed on expression: 'pred(*previous, *i)'
Assertion failed on expression: 'pred(*previous, *i)'
Assertion failed on expression: 'pred(*previous, *i)'
Assertion failed on expression: 'pred(*previous, *i)'
Assertion failed on expression: 'pred(*previous, *i)'
Assertion failed on expression: 'pred(*previous, *i)'
Assertion failed on expression: 'pred(*previous, *i)'
Assertion failed on expression: 'pred(*previous, *i)'
Assertion failed on expression: 'pred(*previous, *i)'
Assertion failed on expression: 'pred(*previous, *i)'
Assertion failed on expression: 'pred(*previous, *i)'
Assertion failed on expression: 'pred(*previous, *i)'
Assertion failed on expression: 'pred(*previous, *i)'
Assertion failed on expression: 'pred(*previous, *i)'
Assertion failed on expression: 'pred(*previous, *i)'
Assertion failed on expression: 'pred(*previous, *i)'
Native extension for WindowsStandalone target not found
Native extension for WebGL target not found
[Package Manager] Failed to launch server process. Reason: Unity was launched with the -noUpm command-line argument
[Package Manager] Unable to send message (not connected to server process).
[Package Manager] Cannot connect to Unity Package Manager local server
Mono: successfully reloaded assembly
- Finished resetting the current domain, in  0.409 seconds
Domain Reload Profiling: 769ms
	BeginReloadAssembly (145ms)
		ExecutionOrderSort (0ms)
		DisableScriptedObjects (6ms)
		BackupInstance (0ms)
		ReleaseScriptingObjects (0ms)
		CreateAndSetChildDomain (31ms)
	RebuildCommonClasses (25ms)
	RebuildNativeTypeToScriptingClass (13ms)
	initialDomainReloadingComplete (19ms)
	LoadAllAssembliesAndSetupDomain (158ms)
		LoadAssemblies (184ms)
		RebuildTransferFunctionScriptingTraits (0ms)
		AnalyzeDomain (49ms)
			TypeCache.Refresh (4ms)
				TypeCache.ScanAssembly (0ms)
			BuildScriptInfoCaches (40ms)
			ResolveRequiredComponents (2ms)
	FinalizeReload (410ms)
		ReleaseScriptCaches (0ms)
		RebuildScriptCaches (0ms)
		SetupLoadedEditorAssemblies (314ms)
			LogAssemblyErrors (0ms)
			InitializePlatformSupportModulesInManaged (2ms)
			SetLoadedEditorAssemblies (4ms)
			BeforeProcessingInitializeOnLoad (77ms)
			ProcessInitializeOnLoadAttributes (211ms)
			ProcessInitializeOnLoadMethodAttributes (17ms)
			AfterProcessingInitializeOnLoad (2ms)
			EditorAssembliesLoaded (0ms)
		ExecutionOrderSort2 (0ms)
		AwakeInstancesAfterBackupRestoration (6ms)
Refreshing native plugins compatible for Editor in 0.21 ms, found 2 plugins.
Preloading 0 native plugins for Editor in 0.00 ms.
Unloading 0 Unused Serialized files (Serialized files now loaded: 0)
Unloading 1788 unused Assets / (410.6 KB). Loaded Objects now: 2289.
Memory consumption went from 69.1 MB to 68.7 MB.
Total: 3.539600 ms (FindLiveObjects: 0.129600 ms CreateObjectMapping: 0.057900 ms MarkObjects: 3.021300 ms  DeleteObjects: 0.329600 ms)

Prepare: number of updated asset objects reloaded= 0
Editor requested this worker to shutdown with reason: Scaling down because of idle timeout
AssetImportWorker is now disconnected from the server
Process exiting
Exiting without the bug reporter. Application will terminate with return code 0