Using pre-set license
Built from '6000.0/respin/6000.0.59f1-063c55f2fd0f' branch; Version is '6000.0.59f2 (ef281c76c3c1) revision 15673372'; Using compiler version '193933523'; Build Type 'Release'
OS: 'Windows 11  (10.0.26100) 64bit Core' Language: 'ru' Physical Memory: 16087 MB
BatchMode: 1, IsHumanControllingUs: 0, StartBugReporterOnCrash: 0, Is64bit: 1
Date: 2025-10-28T16:36:50Z

COMMAND LINE ARGUMENTS:
S:\UnityApp\6000.0.59f2\Editor\Unity.exe
-adb2
-batchMode
-noUpm
-name
AssetImportWorker0
-projectPath
S:/UnityProject/Crimson-Lake
-logFile
Logs/AssetImportWorker0.log
-srvPort
59495
-job-worker-count
7
-background-job-worker-count
8
-gc-helper-count
1
-name
AssetImport
Successfully changed project path to: S:/UnityProject/Crimson-Lake
S:/UnityProject/Crimson-Lake
[UnityMemory] Configuration Parameters - Can be set up in boot.config
    "memorysetup-bucket-allocator-granularity=16"
    "memorysetup-bucket-allocator-bucket-count=8"
    "memorysetup-bucket-allocator-block-size=33554432"
    "memorysetup-bucket-allocator-block-count=8"
    "memorysetup-main-allocator-block-size=16777216"
    "memorysetup-thread-allocator-block-size=16777216"
    "memorysetup-gfx-main-allocator-block-size=16777216"
    "memorysetup-gfx-thread-allocator-block-size=16777216"
    "memorysetup-cache-allocator-block-size=4194304"
    "memorysetup-typetree-allocator-block-size=2097152"
    "memorysetup-profiler-bucket-allocator-granularity=16"
    "memorysetup-profiler-bucket-allocator-bucket-count=8"
    "memorysetup-profiler-bucket-allocator-block-size=33554432"
    "memorysetup-profiler-bucket-allocator-block-count=8"
    "memorysetup-profiler-allocator-block-size=16777216"
    "memorysetup-profiler-editor-allocator-block-size=1048576"
    "memorysetup-temp-allocator-size-main=16777216"
    "memorysetup-job-temp-allocator-block-size=2097152"
    "memorysetup-job-temp-allocator-block-size-background=1048576"
    "memorysetup-job-temp-allocator-reduction-small-platforms=262144"
    "memorysetup-allocator-temp-initial-block-size-main=262144"
    "memorysetup-allocator-temp-initial-block-size-worker=262144"
    "memorysetup-temp-allocator-size-background-worker=32768"
    "memorysetup-temp-allocator-size-job-worker=262144"
    "memorysetup-temp-allocator-size-preload-manager=33554432"
    "memorysetup-temp-allocator-size-nav-mesh-worker=65536"
    "memorysetup-temp-allocator-size-audio-worker=65536"
    "memorysetup-temp-allocator-size-cloud-worker=32768"
    "memorysetup-temp-allocator-size-gi-baking-worker=262144"
    "memorysetup-temp-allocator-size-gi-baking-worker=262144"
    "memorysetup-temp-allocator-size-gi-baking-worker=262144"
    "memorysetup-temp-allocator-size-gi-baking-worker=262144"
    "memorysetup-temp-allocator-size-gi-baking-worker=262144"
    "memorysetup-temp-allocator-size-gfx=262144"
Player connection [32560]  Target information:

Player connection [32560]  * "[IP] 192.168.219.120 [Port] 0 [Flags] 2 [Guid] 2816798684 [EditorId] 2816798684 [Version] 1048832 [Id] WindowsEditor(7,katana-pc) [Debug] 1 [PackageName] WindowsEditor [ProjectName] Editor" 

Player connection [32560]  * "[IP] 192.168.56.1 [Port] 0 [Flags] 2 [Guid] 2816798684 [EditorId] 2816798684 [Version] 1048832 [Id] WindowsEditor(7,katana-pc) [Debug] 1 [PackageName] WindowsEditor [ProjectName] Editor" 

Player connection [32560]  * "[IP] 26.218.57.225 [Port] 0 [Flags] 2 [Guid] 2816798684 [EditorId] 2816798684 [Version] 1048832 [Id] WindowsEditor(7,katana-pc) [Debug] 1 [PackageName] WindowsEditor [ProjectName] Editor" 

Player connection [32560]  * "[IP] 192.168.229.5 [Port] 0 [Flags] 2 [Guid] 2816798684 [EditorId] 2816798684 [Version] 1048832 [Id] WindowsEditor(7,katana-pc) [Debug] 1 [PackageName] WindowsEditor [ProjectName] Editor" 

Player connection [32560] Host joined multi-casting on [225.0.0.222:54997]...
Player connection [32560] Host joined alternative multi-casting on [225.0.0.222:34997]...
JobSystem: Creating JobQueue using job-worker-count value 7
Input System module state changed to: Initialized.
[Physics::Module] Initialized fallback backend.
[Physics::Module] Id: 0xdecafbad
Library Redirect Path: Library/
[Physics::Module] Selected backend.
[Physics::Module] Name: PhysX
[Physics::Module] Id: 0xf2b8ea05
[Physics::Module] SDK Version: 4.1.2
[Physics::Module] Integration Version: 1.0.0
[Physics::Module] Threading Mode: Multi-Threaded
Refreshing native plugins compatible for Editor in 0.51 ms, found 2 plugins.
Preloading 0 native plugins for Editor in 0.00 ms.
Initialize engine version: 6000.0.59f2 (ef281c76c3c1)
[Subsystems] Discovering subsystems at path S:/UnityApp/6000.0.59f2/Editor/Data/Resources/UnitySubsystems
[Subsystems] Discovering subsystems at path S:/UnityProject/Crimson-Lake/Assets
GfxDevice: creating device client; kGfxThreadingModeNonThreaded
Direct3D:
    Version:  Direct3D 11.0 [level 11.1]
    Renderer: NVIDIA GeForce RTX 4060 Laptop GPU (ID=0x28a0)
    Vendor:   NVIDIA
    VRAM:     7957 MB
    Driver:   32.0.15.8129
Initialize mono
Mono path[0] = 'S:/UnityApp/6000.0.59f2/Editor/Data/Managed'
Mono path[1] = 'S:/UnityApp/6000.0.59f2/Editor/Data/MonoBleedingEdge/lib/mono/unityjit-win32'
Mono config path = 'S:/UnityApp/6000.0.59f2/Editor/Data/MonoBleedingEdge/etc'
Using monoOptions --debugger-agent=transport=dt_socket,embedding=1,server=y,suspend=n,address=127.0.0.1:56228
Begin MonoManager ReloadAssembly
Registering precompiled unity dll's ...
Register platform support module: S:/UnityApp/6000.0.59f2/Editor/Data/PlaybackEngines/WindowsStandaloneSupport/UnityEditor.WindowsStandalone.Extensions.dll
Registered in 0.002243 seconds.
- Loaded All Assemblies, in  0.299 seconds
Native extension for WindowsStandalone target not found
Mono: successfully reloaded assembly
- Finished resetting the current domain, in  0.251 seconds
Domain Reload Profiling: 551ms
	BeginReloadAssembly (101ms)
		ExecutionOrderSort (0ms)
		DisableScriptedObjects (0ms)
		BackupInstance (0ms)
		ReleaseScriptingObjects (0ms)
		CreateAndSetChildDomain (1ms)
	RebuildCommonClasses (29ms)
	RebuildNativeTypeToScriptingClass (9ms)
	initialDomainReloadingComplete (34ms)
	LoadAllAssembliesAndSetupDomain (126ms)
		LoadAssemblies (100ms)
		RebuildTransferFunctionScriptingTraits (0ms)
		AnalyzeDomain (123ms)
			TypeCache.Refresh (122ms)
				TypeCache.ScanAssembly (112ms)
			BuildScriptInfoCaches (0ms)
			ResolveRequiredComponents (0ms)
	FinalizeReload (252ms)
		ReleaseScriptCaches (0ms)
		RebuildScriptCaches (0ms)
		SetupLoadedEditorAssemblies (226ms)
			LogAssemblyErrors (0ms)
			InitializePlatformSupportModulesInManaged (18ms)
			SetLoadedEditorAssemblies (4ms)
			BeforeProcessingInitializeOnLoad (45ms)
			ProcessInitializeOnLoadAttributes (117ms)
			ProcessInitializeOnLoadMethodAttributes (42ms)
			AfterProcessingInitializeOnLoad (0ms)
			EditorAssembliesLoaded (0ms)
		ExecutionOrderSort2 (0ms)
		AwakeInstancesAfterBackupRestoration (0ms)
========================================================================
Worker process is ready to serve import requests
Import Worker Mode flag is 0x00
Begin MonoManager ReloadAssembly
- Loaded All Assemblies, in  0.511 seconds
Script 'Camera' has the same name as built-in Unity component.
AddComponent and GetComponent will not work with this script.
Refreshing native plugins compatible for Editor in 0.26 ms, found 2 plugins.
Native extension for WindowsStandalone target not found
Package Manager log level set to [2]
[Package Manager] Failed to launch server process. Reason: Unity was launched with the -noUpm command-line argument
[Package Manager] Unable to send message (not connected to server process).
[Package Manager] Cannot connect to Unity Package Manager local server
Mono: successfully reloaded assembly
- Finished resetting the current domain, in  0.502 seconds
Domain Reload Profiling: 1013ms
	BeginReloadAssembly (129ms)
		ExecutionOrderSort (0ms)
		DisableScriptedObjects (5ms)
		BackupInstance (0ms)
		ReleaseScriptingObjects (0ms)
		CreateAndSetChildDomain (21ms)
	RebuildCommonClasses (30ms)
	RebuildNativeTypeToScriptingClass (10ms)
	initialDomainReloadingComplete (21ms)
	LoadAllAssembliesAndSetupDomain (320ms)
		LoadAssemblies (251ms)
		RebuildTransferFunctionScriptingTraits (0ms)
		AnalyzeDomain (141ms)
			TypeCache.Refresh (106ms)
				TypeCache.ScanAssembly (95ms)
			BuildScriptInfoCaches (25ms)
			ResolveRequiredComponents (7ms)
	FinalizeReload (503ms)
		ReleaseScriptCaches (0ms)
		RebuildScriptCaches (0ms)
		SetupLoadedEditorAssemblies (361ms)
			LogAssemblyErrors (0ms)
			InitializePlatformSupportModulesInManaged (2ms)
			SetLoadedEditorAssemblies (4ms)
			BeforeProcessingInitializeOnLoad (71ms)
			ProcessInitializeOnLoadAttributes (241ms)
			ProcessInitializeOnLoadMethodAttributes (41ms)
			AfterProcessingInitializeOnLoad (2ms)
			EditorAssembliesLoaded (0ms)
		ExecutionOrderSort2 (0ms)
		AwakeInstancesAfterBackupRestoration (5ms)
Launched and connected shader compiler UnityShaderCompiler.exe after 0.01 seconds
Refreshing native plugins compatible for Editor in 0.26 ms, found 2 plugins.
Preloading 0 native plugins for Editor in 0.00 ms.
Unloading 13 Unused Serialized files (Serialized files now loaded: 0)
Unloading 4144 unused Assets / (3.5 MB). Loaded Objects now: 4850.
Memory consumption went from 112.4 MB to 108.9 MB.
Total: 4.356400 ms (FindLiveObjects: 0.286500 ms CreateObjectMapping: 0.148500 ms MarkObjects: 2.885600 ms  DeleteObjects: 1.034900 ms)

========================================================================
Received Import Request.
  Time since last request: 40780.069310 seconds.
  path: Assets/DefaultVolumeProfile.asset
  artifactKey: Guid(c3010e99e7acf484e9cef0c8828f46ca) Importer(815301076,1909f56bfc062723c751e8b465ee728b)
Start importing Assets/DefaultVolumeProfile.asset using Guid(c3010e99e7acf484e9cef0c8828f46ca) Importer(815301076,1909f56bfc062723c751e8b465ee728b) (PreviewImporter) -> (artifact id: '8e5954ed8ad7f7b04337e3059a9de47a') in 0.0151756 seconds
Number of updated asset objects reloaded before import = 0Number of asset objects unloaded after import = 0

========================================================================
Received Import Request.
  Time since last request: 1.590615 seconds.
  path: Assets/SciFi Warehouse Kit/Prefabs/Props/Misc Props/Garbage Bin.prefab
  artifactKey: Guid(703b0b9baff312645a73bd13e1f10a5e) Importer(815301076,1909f56bfc062723c751e8b465ee728b)
Start importing Assets/SciFi Warehouse Kit/Prefabs/Props/Misc Props/Garbage Bin.prefab using Guid(703b0b9baff312645a73bd13e1f10a5e) Importer(815301076,1909f56bfc062723c751e8b465ee728b) (PreviewImporter) -> (artifact id: '70fdd11b946640e7e19f5878f508ca09') in 0.3824819 seconds
Number of updated asset objects reloaded before import = 0Number of asset objects unloaded after import = 14

========================================================================
Received Import Request.
  Time since last request: 3.155680 seconds.
  path: Assets/SciFi Warehouse Kit/Prefabs/Props/Crates Barrels Pallets/Pallet Variations/Pallet Variation 04.prefab
  artifactKey: Guid(b0e81b98347f86e4b8f377f20dcc2a4e) Importer(815301076,1909f56bfc062723c751e8b465ee728b)
Start importing Assets/SciFi Warehouse Kit/Prefabs/Props/Crates Barrels Pallets/Pallet Variations/Pallet Variation 04.prefab using Guid(b0e81b98347f86e4b8f377f20dcc2a4e) Importer(815301076,1909f56bfc062723c751e8b465ee728b) (PreviewImporter) -> (artifact id: '8c1a03c2daef963079c2c8287e1f6680') in 0.0731668 seconds
Number of updated asset objects reloaded before import = 0Number of asset objects unloaded after import = 60

========================================================================
Received Import Request.
  Time since last request: 0.523211 seconds.
  path: Assets/The Developer Train/Sci Fi Guns/meshes/Railgun 1.fbx
  artifactKey: Guid(270b87546814f3d4e828135cc4f71022) Importer(815301076,1909f56bfc062723c751e8b465ee728b)
Start importing Assets/The Developer Train/Sci Fi Guns/meshes/Railgun 1.fbx using Guid(270b87546814f3d4e828135cc4f71022) Importer(815301076,1909f56bfc062723c751e8b465ee728b) (PreviewImporter) -> (artifact id: '8027604858b6b701ac04ee51b617fb58') in 0.2190265 seconds
Number of updated asset objects reloaded before import = 0Number of asset objects unloaded after import = 88

========================================================================
Received Import Request.
  Time since last request: 0.340438 seconds.
  path: Assets/The Developer Train/Sci Fi Guns/meshes/Sci Fi SMG.fbx
  artifactKey: Guid(3e1e2d72bded9bf4b92f68e1503a3053) Importer(815301076,1909f56bfc062723c751e8b465ee728b)
Start importing Assets/The Developer Train/Sci Fi Guns/meshes/Sci Fi SMG.fbx using Guid(3e1e2d72bded9bf4b92f68e1503a3053) Importer(815301076,1909f56bfc062723c751e8b465ee728b) (PreviewImporter) -> (artifact id: 'dd578c0eb56dd18cb5b09c5ebc6e5fea') in 0.0428589 seconds
Number of updated asset objects reloaded before import = 0Number of asset objects unloaded after import = 17

========================================================================
Received Import Request.
  Time since last request: 0.000042 seconds.
  path: Assets/SciFi Warehouse Kit/Prefabs/Structures/Catwalk/Short Stairs.prefab
  artifactKey: Guid(251977d85f345b94c805b990d722732f) Importer(815301076,1909f56bfc062723c751e8b465ee728b)
Start importing Assets/SciFi Warehouse Kit/Prefabs/Structures/Catwalk/Short Stairs.prefab using Guid(251977d85f345b94c805b990d722732f) Importer(815301076,1909f56bfc062723c751e8b465ee728b) (PreviewImporter) -> (artifact id: 'a57a1fceb9a96b70c46bdc13abca9405') in 0.0191144 seconds
Number of updated asset objects reloaded before import = 0Number of asset objects unloaded after import = 22

========================================================================
Received Import Request.
  Time since last request: 0.000025 seconds.
  path: Assets/Prefabs/Phylanc/SlotsUI/SlotItemChest.prefab
  artifactKey: Guid(d922a613456937d4a9d158efd5da40e6) Importer(815301076,1909f56bfc062723c751e8b465ee728b)
Start importing Assets/Prefabs/Phylanc/SlotsUI/SlotItemChest.prefab using Guid(d922a613456937d4a9d158efd5da40e6) Importer(815301076,1909f56bfc062723c751e8b465ee728b) (PreviewImporter) -> (artifact id: '1ee8533b17c5d27bd1bb84c0487bf854') in 0.0244483 seconds
Number of updated asset objects reloaded before import = 0Number of asset objects unloaded after import = 37

========================================================================
Received Import Request.
  Time since last request: 8.164191 seconds.
  path: Assets/Scenes/cameratest/ReflectionProbe-0.exr
  artifactKey: Guid(40bfdf02b2c85bc43bd3a78185c69ccd) Importer(815301076,1909f56bfc062723c751e8b465ee728b)
Start importing Assets/Scenes/cameratest/ReflectionProbe-0.exr using Guid(40bfdf02b2c85bc43bd3a78185c69ccd) Importer(815301076,1909f56bfc062723c751e8b465ee728b) (PreviewImporter) -> (artifact id: '26dceb36f7ad3f0a1571f0f3064738ac') in 0.0225821 seconds
Number of updated asset objects reloaded before import = 0Number of asset objects unloaded after import = 1

========================================================================
Received Import Request.
  Time since last request: 264.228883 seconds.
  path: Assets/TextureProject/Devkit/Materials/Triplanar/Triplanar Blue.mat
  artifactKey: Guid(352aefff429362c42ab1fdb4b7b1237a) Importer(815301076,1909f56bfc062723c751e8b465ee728b)
Start importing Assets/TextureProject/Devkit/Materials/Triplanar/Triplanar Blue.mat using Guid(352aefff429362c42ab1fdb4b7b1237a) Importer(815301076,1909f56bfc062723c751e8b465ee728b) (PreviewImporter) -> (artifact id: '9fab857f0f757dd88646f789f4bbbbb0') in 0.0205049 seconds
Number of updated asset objects reloaded before import = 0Number of asset objects unloaded after import = 8

========================================================================
Received Import Request.
  Time since last request: 0.000029 seconds.
  path: Assets/TextureProject/Devkit/Materials/Triplanar/Triplanar Purple.mat
  artifactKey: Guid(4ee328329f13bf540beaf18db1c9dd60) Importer(815301076,1909f56bfc062723c751e8b465ee728b)
Start importing Assets/TextureProject/Devkit/Materials/Triplanar/Triplanar Purple.mat using Guid(4ee328329f13bf540beaf18db1c9dd60) Importer(815301076,1909f56bfc062723c751e8b465ee728b) (PreviewImporter) -> (artifact id: '2254915deb0a17df0eb1e98ba363c6ee') in 0.0077936 seconds
Number of updated asset objects reloaded before import = 0Number of asset objects unloaded after import = 8

========================================================================
Received Import Request.
  Time since last request: 0.000021 seconds.
  path: Assets/TextureProject/Devkit/Materials/Triplanar/Triplanar Blue 2.mat
  artifactKey: Guid(120e89200ce524f47b2cb12a658e54b8) Importer(815301076,1909f56bfc062723c751e8b465ee728b)
Start importing Assets/TextureProject/Devkit/Materials/Triplanar/Triplanar Blue 2.mat using Guid(120e89200ce524f47b2cb12a658e54b8) Importer(815301076,1909f56bfc062723c751e8b465ee728b) (PreviewImporter) -> (artifact id: 'c3e198cf1542c436d87db1be35800416') in 0.0093955 seconds
Number of updated asset objects reloaded before import = 0Number of asset objects unloaded after import = 6

========================================================================
Received Import Request.
  Time since last request: 0.000022 seconds.
  path: Assets/TextureProject/Devkit/Materials/Triplanar/Triplanar Gray 2.mat
  artifactKey: Guid(a0759f4c5370d3745add4c950f10e56c) Importer(815301076,1909f56bfc062723c751e8b465ee728b)
Start importing Assets/TextureProject/Devkit/Materials/Triplanar/Triplanar Gray 2.mat using Guid(a0759f4c5370d3745add4c950f10e56c) Importer(815301076,1909f56bfc062723c751e8b465ee728b) (PreviewImporter) -> (artifact id: '1816b7aecc0ede96a8df01b861b41bb9') in 0.0072234 seconds
Number of updated asset objects reloaded before import = 0Number of asset objects unloaded after import = 6

Editor requested this worker to shutdown with reason: Scaling down because of idle timeout
AssetImportWorker is now disconnected from the server
Process exiting
Exiting without the bug reporter. Application will terminate with return code 0