[Licensing::Module] Trying to connect to existing licensing client channel...
Built from '6000.2/respin/6000.2.6f2-cc51a95c03' branch; Version is '6000.2.6f2 (4a4dcaec6541) revision 4869578'; Using compiler version '194234433'; Build Type 'Release'
[Licensing::IpcConnector] Successfully connected to: "LicenseClient-denxe" at "2025-10-11T14:56:43.95968Z"
OS: 'Windows 11  (10.0.26100) 64bit Core' Language: 'ru' Physical Memory: 16087 MB
BatchMode: 1, IsHumanControllingUs: 0, StartBugReporterOnCrash: 0, Is64bit: 1
Date: 2025-10-11T14:56:43Z

COMMAND LINE ARGUMENTS:
S:\UnityApp\6000.2.6f2\Editor\Unity.exe
-adb2
-batchMode
-noUpm
-name
AssetImportWorker3
-projectPath
S:/UnityProject/Crimson-Lake
-logFile
Logs/AssetImportWorker3.log
-srvPort
58811
-licensingIpc
LicenseClient-denxe
-job-worker-count
7
-background-job-worker-count
8
-gc-helper-count
1
-name
AssetImport
Successfully changed project path to: S:/UnityProject/Crimson-Lake
S:/UnityProject/Crimson-Lake
[UnityMemory] Configuration Parameters - Can be set up in boot.config
    "memorysetup-allocator-temp-initial-block-size-main=262144"
    "memorysetup-allocator-temp-initial-block-size-worker=262144"
    "memorysetup-bucket-allocator-granularity=16"
    "memorysetup-bucket-allocator-bucket-count=8"
    "memorysetup-bucket-allocator-block-size=33554432"
    "memorysetup-bucket-allocator-block-count=8"
    "memorysetup-main-allocator-block-size=16777216"
    "memorysetup-thread-allocator-block-size=16777216"
    "memorysetup-gfx-main-allocator-block-size=16777216"
    "memorysetup-gfx-thread-allocator-block-size=16777216"
    "memorysetup-cache-allocator-block-size=4194304"
    "memorysetup-typetree-allocator-block-size=2097152"
    "memorysetup-profiler-bucket-allocator-granularity=16"
    "memorysetup-profiler-bucket-allocator-bucket-count=8"
    "memorysetup-profiler-bucket-allocator-block-size=33554432"
    "memorysetup-profiler-bucket-allocator-block-count=8"
    "memorysetup-profiler-allocator-block-size=16777216"
    "memorysetup-profiler-editor-allocator-block-size=1048576"
    "memorysetup-temp-allocator-size-main=16777216"
    "memorysetup-job-temp-allocator-block-size=2097152"
    "memorysetup-job-temp-allocator-block-size-background=1048576"
    "memorysetup-job-temp-allocator-reduction-small-platforms=262144"
    "memorysetup-temp-allocator-size-background-worker=32768"
    "memorysetup-temp-allocator-size-job-worker=262144"
    "memorysetup-temp-allocator-size-preload-manager=33554432"
    "memorysetup-temp-allocator-size-nav-mesh-worker=65536"
    "memorysetup-temp-allocator-size-audio-worker=65536"
    "memorysetup-temp-allocator-size-cloud-worker=32768"
    "memorysetup-temp-allocator-size-gi-baking-worker=262144"
    "memorysetup-temp-allocator-size-gi-baking-worker=262144"
    "memorysetup-temp-allocator-size-gi-baking-worker=262144"
    "memorysetup-temp-allocator-size-gi-baking-worker=262144"
    "memorysetup-temp-allocator-size-gi-baking-worker=262144"
    "memorysetup-temp-allocator-size-gfx=262144"
Player connection [20096]  Target information:

Player connection [20096]  * "[IP] 192.168.219.120 [Port] 0 [Flags] 2 [Guid] 218060759 [EditorId] 218060759 [Version] 1048832 [Id] WindowsEditor(7,katana-pc) [Debug] 1 [PackageName] WindowsEditor [ProjectName] Editor" 

Player connection [20096]  * "[IP] 192.168.56.1 [Port] 0 [Flags] 2 [Guid] 218060759 [EditorId] 218060759 [Version] 1048832 [Id] WindowsEditor(7,katana-pc) [Debug] 1 [PackageName] WindowsEditor [ProjectName] Editor" 

Player connection [20096]  * "[IP] 26.218.57.225 [Port] 0 [Flags] 2 [Guid] 218060759 [EditorId] 218060759 [Version] 1048832 [Id] WindowsEditor(7,katana-pc) [Debug] 1 [PackageName] WindowsEditor [ProjectName] Editor" 

Player connection [20096]  * "[IP] 192.168.229.5 [Port] 0 [Flags] 2 [Guid] 218060759 [EditorId] 218060759 [Version] 1048832 [Id] WindowsEditor(7,katana-pc) [Debug] 1 [PackageName] WindowsEditor [ProjectName] Editor" 

Player connection [20096] Host joined multi-casting on [225.0.0.222:54997]...
Player connection [20096] Host joined alternative multi-casting on [225.0.0.222:34997]...
JobSystem: Creating JobQueue using job-worker-count value 7
Input System module state changed to: Initialized.
[Physics::Module] Initialized fallback backend.
[Physics::Module] Id: 0xdecafbad
[Licensing::Client] Code 10 while verifying Licensing Client signature (process Id: 16372, path: "S:/Unity/Unity Hub/UnityLicensingClient_V1/Unity.Licensing.Client.exe")
[Licensing::Module] LicensingClient has failed validation; ignoring
[Licensing::Client] Handshaking with LicensingClient:
  Version:                 1.17.3+a4e98f1
  Session Id:              a460a7a5d6bc47248e06ac7caad69c59
  Correlation Id:          2d9152291031969ce352f6d7b21bcaab
  External correlation Id: 7033341169145893011
  Machine Id:              GteXDOP3FSQA3zHnEeH0Z6N6ngg=
[Licensing::Module] Successfully connected to LicensingClient on channel: "LicenseClient-denxe" (connect: 0.00s, validation: 0.00s, handshake: 0.04s)
[Licensing::IpcConnector] Successfully connected to: "LicenseClient-denxe-notifications" at "2025-10-11T14:56:43.9976861Z"
[Licensing::Module] Licensing Background thread has ended after 0.04s
Library Redirect Path: Library/
[Physics::Module] Selected backend.
[Physics::Module] Name: PhysX
[Physics::Module] Id: 0xf2b8ea05
[Physics::Module] SDK Version: 4.1.2
[Physics::Module] Integration Version: 1.0.0
[Physics::Module] Threading Mode: Multi-Threaded
Refreshing native plugins compatible for Editor in 0.34 ms, found 2 plugins.
Preloading 0 native plugins for Editor in 0.00 ms.
Initialize engine version: 6000.2.6f2 (4a4dcaec6541)
[Subsystems] Discovering subsystems at path S:/UnityApp/6000.2.6f2/Editor/Data/Resources/UnitySubsystems
[Subsystems] Discovering subsystems at path S:/UnityProject/Crimson-Lake/Assets
GfxDevice: creating device client; kGfxThreadingModeNonThreaded
Direct3D:
    Version:  Direct3D 11.0 [level 11.1]
    Renderer: NVIDIA GeForce RTX 4060 Laptop GPU (ID=0x28a0)
    Vendor:   NVIDIA
    VRAM:     7957 MB
    Driver:   32.0.15.8129
Initialize mono
Mono path[0] = 'S:/UnityApp/6000.2.6f2/Editor/Data/Managed'
Mono path[1] = 'S:/UnityApp/6000.2.6f2/Editor/Data/MonoBleedingEdge/lib/mono/unityjit-win32'
Mono config path = 'S:/UnityApp/6000.2.6f2/Editor/Data/MonoBleedingEdge/etc'
Using monoOptions --debugger-agent=transport=dt_socket,embedding=1,server=y,suspend=n,address=127.0.0.1:56568
Begin MonoManager ReloadAssembly
Registering precompiled unity dll's ...
Register platform support module: S:/UnityApp/6000.2.6f2/Editor/Data/PlaybackEngines/WebGLSupport/UnityEditor.WebGL.Extensions.dll
Register platform support module: S:/UnityApp/6000.2.6f2/Editor/Data/PlaybackEngines/WindowsStandaloneSupport/UnityEditor.WindowsStandalone.Extensions.dll
Registered in 0.000778 seconds.
- Loaded All Assemblies, in  0.263 seconds
Native extension for WindowsStandalone target not found
Native extension for WebGL target not found
Mono: successfully reloaded assembly
- Finished resetting the current domain, in  0.243 seconds
Domain Reload Profiling: 506ms
	BeginReloadAssembly (83ms)
		ExecutionOrderSort (0ms)
		DisableScriptedObjects (0ms)
		BackupInstance (0ms)
		ReleaseScriptingObjects (0ms)
		CreateAndSetChildDomain (1ms)
	RebuildCommonClasses (26ms)
	RebuildNativeTypeToScriptingClass (8ms)
	initialDomainReloadingComplete (30ms)
	LoadAllAssembliesAndSetupDomain (115ms)
		LoadAssemblies (82ms)
		RebuildTransferFunctionScriptingTraits (0ms)
		AnalyzeDomain (113ms)
			TypeCache.Refresh (112ms)
				TypeCache.ScanAssembly (102ms)
			BuildScriptInfoCaches (0ms)
			ResolveRequiredComponents (0ms)
	FinalizeReload (244ms)
		ReleaseScriptCaches (0ms)
		RebuildScriptCaches (0ms)
		SetupLoadedEditorAssemblies (219ms)
			LogAssemblyErrors (0ms)
			InitializePlatformSupportModulesInManaged (38ms)
			SetLoadedEditorAssemblies (3ms)
			BeforeProcessingInitializeOnLoad (48ms)
			ProcessInitializeOnLoadAttributes (94ms)
			ProcessInitializeOnLoadMethodAttributes (35ms)
			AfterProcessingInitializeOnLoad (0ms)
			EditorAssembliesLoaded (0ms)
		ExecutionOrderSort2 (0ms)
		AwakeInstancesAfterBackupRestoration (0ms)
========================================================================
Worker process is ready to serve import requests
Import Worker Mode flag is 0x00
Begin MonoManager ReloadAssembly
[Licensing::Client] Successfully resolved entitlement details
[Licensing::Module] License group:
  Id: 10170519160107-UnityPersXXXX
  Product: Unity Personal
  Type: Assigned
  Expiration: Unlimited
- Loaded All Assemblies, in  0.339 seconds
Script 'Camera' has the same name as built-in Unity component.
AddComponent and GetComponent will not work with this script.
Refreshing native plugins compatible for Editor in 0.23 ms, found 2 plugins.
Native extension for WindowsStandalone target not found
Native extension for WebGL target not found
Package Manager log level set to [2]
[Package Manager] Failed to launch server process. Reason: Unity was launched with the -noUpm command-line argument
[Package Manager] Unable to send message (not connected to server process).
[Package Manager] Cannot connect to Unity Package Manager local server
Mono: successfully reloaded assembly
- Finished resetting the current domain, in  0.332 seconds
Domain Reload Profiling: 671ms
	BeginReloadAssembly (122ms)
		ExecutionOrderSort (0ms)
		DisableScriptedObjects (4ms)
		BackupInstance (0ms)
		ReleaseScriptingObjects (0ms)
		CreateAndSetChildDomain (23ms)
	RebuildCommonClasses (29ms)
	RebuildNativeTypeToScriptingClass (9ms)
	initialDomainReloadingComplete (16ms)
	LoadAllAssembliesAndSetupDomain (162ms)
		LoadAssemblies (164ms)
		RebuildTransferFunctionScriptingTraits (0ms)
		AnalyzeDomain (63ms)
			TypeCache.Refresh (49ms)
				TypeCache.ScanAssembly (42ms)
			BuildScriptInfoCaches (10ms)
			ResolveRequiredComponents (2ms)
	FinalizeReload (333ms)
		ReleaseScriptCaches (0ms)
		RebuildScriptCaches (0ms)
		SetupLoadedEditorAssemblies (258ms)
			LogAssemblyErrors (0ms)
			InitializePlatformSupportModulesInManaged (2ms)
			SetLoadedEditorAssemblies (3ms)
			BeforeProcessingInitializeOnLoad (57ms)
			ProcessInitializeOnLoadAttributes (177ms)
			ProcessInitializeOnLoadMethodAttributes (18ms)
			AfterProcessingInitializeOnLoad (2ms)
			EditorAssembliesLoaded (0ms)
		ExecutionOrderSort2 (0ms)
		AwakeInstancesAfterBackupRestoration (4ms)
Launched and connected shader compiler UnityShaderCompiler.exe after 0.01 seconds
Refreshing native plugins compatible for Editor in 0.22 ms, found 2 plugins.
Preloading 0 native plugins for Editor in 0.00 ms.
Unloading 0 Unused Serialized files (Serialized files now loaded: 0)
Unloading 1790 unused Assets / (0.6 MB). Loaded Objects now: 2287.
Memory consumption went from 67.7 MB to 67.1 MB.
Total: 3.315100 ms (FindLiveObjects: 0.142000 ms CreateObjectMapping: 0.121100 ms MarkObjects: 2.664200 ms  DeleteObjects: 0.387000 ms)

========================================================================
Received Import Request.
  Time since last request: 90246.720420 seconds.
  path: Assets/Scripts/Camera.cs
  artifactKey: Guid(adb22ef5f20d7c7488d1fa2631cc1271) Importer(2089858483,192608db42251d675da83286b1cce702)
Start importing Assets/Scripts/Camera.cs using Guid(adb22ef5f20d7c7488d1fa2631cc1271) Importer(2089858483,192608db42251d675da83286b1cce702) (ScriptedImporter) -> (artifact id: '80b47d7916e0a39f5db4aa25ecb398f2') in 0.0826172 seconds
Number of updated asset objects reloaded before import = 0Number of asset objects unloaded after import = 0

========================================================================
Received Import Request.
  Time since last request: 0.000017 seconds.
  path: Assets/Blink/Art/Animations/Combat/SpinToWin_OneHanded.fbx
  artifactKey: Guid(2d0103bd53a8c2d4d9169330a96b2966) Importer(2089858483,192608db42251d675da83286b1cce702)
Start importing Assets/Blink/Art/Animations/Combat/SpinToWin_OneHanded.fbx using Guid(2d0103bd53a8c2d4d9169330a96b2966) Importer(2089858483,192608db42251d675da83286b1cce702) (ScriptedImporter) -> (artifact id: '167225ab57393d01f27c976b468ca992') in 0.0552931 seconds
Number of updated asset objects reloaded before import = 0Number of asset objects unloaded after import = 160

========================================================================
Received Import Request.
  Time since last request: 0.000021 seconds.
  path: Assets/Scripts/PickableItem.cs
  artifactKey: Guid(4e816a5243f963b4c9ddf8f5d97598dd) Importer(2089858483,192608db42251d675da83286b1cce702)
Start importing Assets/Scripts/PickableItem.cs using Guid(4e816a5243f963b4c9ddf8f5d97598dd) Importer(2089858483,192608db42251d675da83286b1cce702) (ScriptedImporter) -> (artifact id: '713281761f6b5c8e346e1b875e9f0da6') in 0.0028918 seconds
Number of updated asset objects reloaded before import = 0Number of asset objects unloaded after import = 0

========================================================================
Received Import Request.
  Time since last request: 0.000085 seconds.
  path: Assets/Blink/Art/Animations/Combat/IdleCombat.fbx
  artifactKey: Guid(74fb58ff92b3147448fac70ba64cb662) Importer(2089858483,192608db42251d675da83286b1cce702)
Start importing Assets/Blink/Art/Animations/Combat/IdleCombat.fbx using Guid(74fb58ff92b3147448fac70ba64cb662) Importer(2089858483,192608db42251d675da83286b1cce702) (ScriptedImporter) -> (artifact id: '6236eb9328864501d74bccaf02c81f08') in 0.0168411 seconds
Number of updated asset objects reloaded before import = 0Number of asset objects unloaded after import = 160

========================================================================
Received Import Request.
  Time since last request: 0.000015 seconds.
  path: Assets/Blink/Art/Animations/Combat/SpellCast.fbx
  artifactKey: Guid(6f0c27552a65e8a448a4eccc9851277b) Importer(2089858483,192608db42251d675da83286b1cce702)
Start importing Assets/Blink/Art/Animations/Combat/SpellCast.fbx using Guid(6f0c27552a65e8a448a4eccc9851277b) Importer(2089858483,192608db42251d675da83286b1cce702) (ScriptedImporter) -> (artifact id: '579ec7e5531746a6775390a2abc4d074') in 0.0196318 seconds
Number of updated asset objects reloaded before import = 0Number of asset objects unloaded after import = 162

========================================================================
Received Import Request.
  Time since last request: 0.323372 seconds.
  path: Assets/Blink/Art/Animations/Gathering/MiningLoop.fbx
  artifactKey: Guid(7496a452184dd6c468c2249ff67355bf) Importer(2089858483,192608db42251d675da83286b1cce702)
Start importing Assets/Blink/Art/Animations/Gathering/MiningLoop.fbx using Guid(7496a452184dd6c468c2249ff67355bf) Importer(2089858483,192608db42251d675da83286b1cce702) (ScriptedImporter) -> (artifact id: '0a537e55d13356c2150ad3e558e283e1') in 0.0154304 seconds
Number of updated asset objects reloaded before import = 0Number of asset objects unloaded after import = 160

========================================================================
Received Import Request.
  Time since last request: 0.000011 seconds.
  path: Assets/Blink/Art/Animations/Movement/WalkBackward.fbx
  artifactKey: Guid(8d55f6f9b242d5b41bfa11d806d6e5be) Importer(2089858483,192608db42251d675da83286b1cce702)
Start importing Assets/Blink/Art/Animations/Movement/WalkBackward.fbx using Guid(8d55f6f9b242d5b41bfa11d806d6e5be) Importer(2089858483,192608db42251d675da83286b1cce702) (ScriptedImporter) -> (artifact id: '16fbd15b801e6db82f978e80700ac725') in 0.0158689 seconds
Number of updated asset objects reloaded before import = 0Number of asset objects unloaded after import = 160

========================================================================
Received Import Request.
  Time since last request: 0.000015 seconds.
  path: Assets/Blink/Art/Characters/Stylized/Demo_Characters/PPProfile.asset
  artifactKey: Guid(f77256c1bd3936e4ca0904891105b16b) Importer(2089858483,192608db42251d675da83286b1cce702)
Start importing Assets/Blink/Art/Characters/Stylized/Demo_Characters/PPProfile.asset using Guid(f77256c1bd3936e4ca0904891105b16b) Importer(2089858483,192608db42251d675da83286b1cce702) (ScriptedImporter) -> (artifact id: '7818d56b18f28a28810bc0479050cfd7') in 0.004416 seconds
Number of updated asset objects reloaded before import = 0Number of asset objects unloaded after import = 1

========================================================================
Received Import Request.
  Time since last request: 0.000020 seconds.
  path: Assets/Blink/Art/Animations/Movement/RollForward.fbx
  artifactKey: Guid(6c15d5cb7fed89c41b64212fd45992bc) Importer(2089858483,192608db42251d675da83286b1cce702)
Start importing Assets/Blink/Art/Animations/Movement/RollForward.fbx using Guid(6c15d5cb7fed89c41b64212fd45992bc) Importer(2089858483,192608db42251d675da83286b1cce702) (ScriptedImporter) -> (artifact id: '2d63562aaec31074958287b091f075e4') in 0.0165469 seconds
Number of updated asset objects reloaded before import = 0Number of asset objects unloaded after import = 160

========================================================================
Received Import Request.
  Time since last request: 0.000014 seconds.
  path: Assets/Blink/Art/Characters/Stylized/Demo_Characters/DEMO_FreeStylizedHumanMale.unity
  artifactKey: Guid(511349ec5272ece458b0ade6c4725996) Importer(2089858483,192608db42251d675da83286b1cce702)
Start importing Assets/Blink/Art/Characters/Stylized/Demo_Characters/DEMO_FreeStylizedHumanMale.unity using Guid(511349ec5272ece458b0ade6c4725996) Importer(2089858483,192608db42251d675da83286b1cce702) (ScriptedImporter) -> (artifact id: '6600d03afec6a2bf3febe9cadfc592cb') in 0.0052651 seconds
Number of updated asset objects reloaded before import = 0Number of asset objects unloaded after import = 1

========================================================================
Received Import Request.
  Time since last request: 0.000106 seconds.
  path: Assets/Blink/Art/Animations/Movement/Idle.fbx
  artifactKey: Guid(65aceb821688847449cbad8f6eb6241d) Importer(2089858483,192608db42251d675da83286b1cce702)
Start importing Assets/Blink/Art/Animations/Movement/Idle.fbx using Guid(65aceb821688847449cbad8f6eb6241d) Importer(2089858483,192608db42251d675da83286b1cce702) (ScriptedImporter) -> (artifact id: '907c437f5bb1b2e8ff49dda93ab277d5') in 0.0141678 seconds
Number of updated asset objects reloaded before import = 0Number of asset objects unloaded after import = 160

========================================================================
Received Import Request.
  Time since last request: 0.000017 seconds.
  path: Assets/Blink/Art/Animations/Movement/WalkBackwardLeft.fbx
  artifactKey: Guid(ccb2245d1ee5d744a95938cf855d04a6) Importer(2089858483,192608db42251d675da83286b1cce702)
Start importing Assets/Blink/Art/Animations/Movement/WalkBackwardLeft.fbx using Guid(ccb2245d1ee5d744a95938cf855d04a6) Importer(2089858483,192608db42251d675da83286b1cce702) (ScriptedImporter) -> (artifact id: '7b2118cfd7352d37487e7789c0dc621f') in 0.0142843 seconds
Number of updated asset objects reloaded before import = 0Number of asset objects unloaded after import = 160

========================================================================
Received Import Request.
  Time since last request: 0.000018 seconds.
  path: Assets/Blink/Art/Animations/Movement/WalkForwardRight.fbx
  artifactKey: Guid(eb0874454b91c5f43b57a378839d90d3) Importer(2089858483,192608db42251d675da83286b1cce702)
Start importing Assets/Blink/Art/Animations/Movement/WalkForwardRight.fbx using Guid(eb0874454b91c5f43b57a378839d90d3) Importer(2089858483,192608db42251d675da83286b1cce702) (ScriptedImporter) -> (artifact id: '80799be3fa12407c102b38f45fc16eff') in 0.0136123 seconds
Number of updated asset objects reloaded before import = 0Number of asset objects unloaded after import = 160

========================================================================
Received Import Request.
  Time since last request: 0.000014 seconds.
  path: Assets/Blink/Art/Animations/Movement/WalkBackwardRight.fbx
  artifactKey: Guid(be84e2a3959792f4aa57054f950a3db2) Importer(2089858483,192608db42251d675da83286b1cce702)
Start importing Assets/Blink/Art/Animations/Movement/WalkBackwardRight.fbx using Guid(be84e2a3959792f4aa57054f950a3db2) Importer(2089858483,192608db42251d675da83286b1cce702) (ScriptedImporter) -> (artifact id: '18f53e32df61c9df49c0c171b7838176') in 0.0129747 seconds
Number of updated asset objects reloaded before import = 0Number of asset objects unloaded after import = 160

========================================================================
Received Import Request.
  Time since last request: 0.384727 seconds.
  path: Assets/Blink/Art/Characters/Stylized/Humans/Materials_Humans/Accessories.mat
  artifactKey: Guid(39ae67ede742d8c47ab9068a6d2707a4) Importer(2089858483,192608db42251d675da83286b1cce702)
Start importing Assets/Blink/Art/Characters/Stylized/Humans/Materials_Humans/Accessories.mat using Guid(39ae67ede742d8c47ab9068a6d2707a4) Importer(2089858483,192608db42251d675da83286b1cce702) (ScriptedImporter) -> (artifact id: 'f711b0cf8734f5ce89461164729b088b') in 0.0437062 seconds
Number of updated asset objects reloaded before import = 0Number of asset objects unloaded after import = 5

========================================================================
Received Import Request.
  Time since last request: 0.000021 seconds.
  path: Assets/Blink/Art/Characters/Stylized/Humans/Textures_Humans/HM_Accessories_T_BaseColor1.png
  artifactKey: Guid(d6905407ded5ba5449d0dc3db2725c51) Importer(2089858483,192608db42251d675da83286b1cce702)
Start importing Assets/Blink/Art/Characters/Stylized/Humans/Textures_Humans/HM_Accessories_T_BaseColor1.png using Guid(d6905407ded5ba5449d0dc3db2725c51) Importer(2089858483,192608db42251d675da83286b1cce702) (ScriptedImporter) -> (artifact id: '2e2ceb6cc51a5df54bb827b3fe8bbd77') in 0.0379609 seconds
Number of updated asset objects reloaded before import = 0Number of asset objects unloaded after import = 1

========================================================================
Received Import Request.
  Time since last request: 0.000114 seconds.
  path: Assets/Blink/Art/Characters/Stylized/Humans/Materials_Humans/Hair2.mat
  artifactKey: Guid(ab2bb6566402b8d43a5ec0dcf31e9479) Importer(2089858483,192608db42251d675da83286b1cce702)
Start importing Assets/Blink/Art/Characters/Stylized/Humans/Materials_Humans/Hair2.mat using Guid(ab2bb6566402b8d43a5ec0dcf31e9479) Importer(2089858483,192608db42251d675da83286b1cce702) (ScriptedImporter) -> (artifact id: 'c189a07baf1bfa5c9030cd2c1aef608b') in 0.0121164 seconds
Number of updated asset objects reloaded before import = 0Number of asset objects unloaded after import = 5

========================================================================
Received Import Request.
  Time since last request: 0.000018 seconds.
  path: Assets/Blink/Art/Characters/Stylized/Humans/Materials_Humans/Face1.mat
  artifactKey: Guid(054d31690a0aa2b4ca36ab9490a41860) Importer(2089858483,192608db42251d675da83286b1cce702)
Start importing Assets/Blink/Art/Characters/Stylized/Humans/Materials_Humans/Face1.mat using Guid(054d31690a0aa2b4ca36ab9490a41860) Importer(2089858483,192608db42251d675da83286b1cce702) (ScriptedImporter) -> (artifact id: 'fbeb4aba22634973267e09d9f0613ab9') in 0.0174106 seconds
Number of updated asset objects reloaded before import = 0Number of asset objects unloaded after import = 5

========================================================================
Received Import Request.
  Time since last request: 0.000112 seconds.
  path: Assets/Blink/Art/Characters/Stylized/Humans/Textures_Humans/HM_Beard_1_AO.png
  artifactKey: Guid(c0bf095a1c369364580f9bb4e9ebc110) Importer(2089858483,192608db42251d675da83286b1cce702)
Start importing Assets/Blink/Art/Characters/Stylized/Humans/Textures_Humans/HM_Beard_1_AO.png using Guid(c0bf095a1c369364580f9bb4e9ebc110) Importer(2089858483,192608db42251d675da83286b1cce702) (ScriptedImporter) -> (artifact id: '6d9ecceb73f140b2737fa092ffab0e31') in 0.0092252 seconds
Number of updated asset objects reloaded before import = 0Number of asset objects unloaded after import = 1

========================================================================
Received Import Request.
  Time since last request: 0.000030 seconds.
  path: Assets/Blink/Art/Characters/Stylized/Humans/Materials_Humans/Beard1.mat
  artifactKey: Guid(2b8722774621290489629b8af9081387) Importer(2089858483,192608db42251d675da83286b1cce702)
Start importing Assets/Blink/Art/Characters/Stylized/Humans/Materials_Humans/Beard1.mat using Guid(2b8722774621290489629b8af9081387) Importer(2089858483,192608db42251d675da83286b1cce702) (ScriptedImporter) -> (artifact id: 'ee17a480b24e58e67a6ea74efb5edf25') in 0.0085461 seconds
Number of updated asset objects reloaded before import = 0Number of asset objects unloaded after import = 5

========================================================================
Received Import Request.
  Time since last request: 0.367972 seconds.
  path: Assets/Blink/Art/Characters/Stylized/Humans/Textures_Humans/HM_Beard_3_AO.png
  artifactKey: Guid(2f70c3cc4ef41d3468cac32f6c48b741) Importer(2089858483,192608db42251d675da83286b1cce702)
Start importing Assets/Blink/Art/Characters/Stylized/Humans/Textures_Humans/HM_Beard_3_AO.png using Guid(2f70c3cc4ef41d3468cac32f6c48b741) Importer(2089858483,192608db42251d675da83286b1cce702) (ScriptedImporter) -> (artifact id: '3d05e8ffb1a6f701b4ea80f6e001aedf') in 0.0078795 seconds
Number of updated asset objects reloaded before import = 0Number of asset objects unloaded after import = 1

========================================================================
Received Import Request.
  Time since last request: 0.000015 seconds.
  path: Assets/Blink/Art/Characters/Stylized/Humans/Textures_Humans/HM_Hair_1_AO.png
  artifactKey: Guid(bab987f8f6c4e7a4980b1d5a0339ddcb) Importer(2089858483,192608db42251d675da83286b1cce702)
Start importing Assets/Blink/Art/Characters/Stylized/Humans/Textures_Humans/HM_Hair_1_AO.png using Guid(bab987f8f6c4e7a4980b1d5a0339ddcb) Importer(2089858483,192608db42251d675da83286b1cce702) (ScriptedImporter) -> (artifact id: '5ed80dab44f25ec54d132806663b1aa8') in 0.0084382 seconds
Number of updated asset objects reloaded before import = 0Number of asset objects unloaded after import = 1

========================================================================
Received Import Request.
  Time since last request: 0.000033 seconds.
  path: Assets/Blink/Art/Characters/Stylized/Humans/Textures_Humans/HM_Eyes_BaseColor.png
  artifactKey: Guid(d1743472980acec48b44547e4eead58c) Importer(2089858483,192608db42251d675da83286b1cce702)
Start importing Assets/Blink/Art/Characters/Stylized/Humans/Textures_Humans/HM_Eyes_BaseColor.png using Guid(d1743472980acec48b44547e4eead58c) Importer(2089858483,192608db42251d675da83286b1cce702) (ScriptedImporter) -> (artifact id: 'f3e35e5b85b77a4867df4dd46dd79b7a') in 0.0082099 seconds
Number of updated asset objects reloaded before import = 0Number of asset objects unloaded after import = 1

========================================================================
Received Import Request.
  Time since last request: 0.000047 seconds.
  path: Assets/Blink/Art/Characters/Stylized/Humans/Textures_Humans/HM_Body_Metallic.png
  artifactKey: Guid(1da532cca8ff9d542bf8578cad63da06) Importer(2089858483,192608db42251d675da83286b1cce702)
Start importing Assets/Blink/Art/Characters/Stylized/Humans/Textures_Humans/HM_Body_Metallic.png using Guid(1da532cca8ff9d542bf8578cad63da06) Importer(2089858483,192608db42251d675da83286b1cce702) (ScriptedImporter) -> (artifact id: 'd47029ee5c85051a490981e5370e3300') in 0.0117961 seconds
Number of updated asset objects reloaded before import = 0Number of asset objects unloaded after import = 1

========================================================================
Received Import Request.
  Time since last request: 0.000020 seconds.
  path: Assets/Blink/Art/Characters/Stylized/Humans/Textures_Humans/HM_Face_1_Roughness.png
  artifactKey: Guid(67889cff740646d41a6d382fdebe1c89) Importer(2089858483,192608db42251d675da83286b1cce702)
Start importing Assets/Blink/Art/Characters/Stylized/Humans/Textures_Humans/HM_Face_1_Roughness.png using Guid(67889cff740646d41a6d382fdebe1c89) Importer(2089858483,192608db42251d675da83286b1cce702) (ScriptedImporter) -> (artifact id: '271ff35ffcdf2ca2cb6726caee334c61') in 0.0133373 seconds
Number of updated asset objects reloaded before import = 0Number of asset objects unloaded after import = 1

========================================================================
Received Import Request.
  Time since last request: 0.000057 seconds.
  path: Assets/Blink/Art/Characters/Stylized/Humans/Textures_Humans/HM_Eyes_AO.png
  artifactKey: Guid(74809c74ff2be254a97a7b3274172bcf) Importer(2089858483,192608db42251d675da83286b1cce702)
Start importing Assets/Blink/Art/Characters/Stylized/Humans/Textures_Humans/HM_Eyes_AO.png using Guid(74809c74ff2be254a97a7b3274172bcf) Importer(2089858483,192608db42251d675da83286b1cce702) (ScriptedImporter) -> (artifact id: '06d8acde4a7bd64cc4ab14e7197eb91f') in 0.0071621 seconds
Number of updated asset objects reloaded before import = 0Number of asset objects unloaded after import = 1

========================================================================
Received Import Request.
  Time since last request: 0.000011 seconds.
  path: Assets/Blink/Art/Characters/Stylized/Humans/Textures_Humans/HM_Face_1_Metallic.png
  artifactKey: Guid(7f922437f53c5cb44b885ac8a021719e) Importer(2089858483,192608db42251d675da83286b1cce702)
Start importing Assets/Blink/Art/Characters/Stylized/Humans/Textures_Humans/HM_Face_1_Metallic.png using Guid(7f922437f53c5cb44b885ac8a021719e) Importer(2089858483,192608db42251d675da83286b1cce702) (ScriptedImporter) -> (artifact id: '69f608cc10c6cc43dc4e9ed0c6127611') in 0.0108887 seconds
Number of updated asset objects reloaded before import = 0Number of asset objects unloaded after import = 1

========================================================================
Received Import Request.
  Time since last request: 0.000070 seconds.
  path: Assets/Blink/Art/Characters/Stylized/Humans/Textures_Humans/HM_Face_1_AO.png
  artifactKey: Guid(1e5c2d77de9d7e5469b9c4954b606400) Importer(2089858483,192608db42251d675da83286b1cce702)
Start importing Assets/Blink/Art/Characters/Stylized/Humans/Textures_Humans/HM_Face_1_AO.png using Guid(1e5c2d77de9d7e5469b9c4954b606400) Importer(2089858483,192608db42251d675da83286b1cce702) (ScriptedImporter) -> (artifact id: '4b5c3a25c98aa2653ca4adce51bcad15') in 0.0083744 seconds
Number of updated asset objects reloaded before import = 0Number of asset objects unloaded after import = 1

========================================================================
Received Import Request.
  Time since last request: 0.423283 seconds.
  path: Assets/Blink/Art/Characters/Stylized/Humans/Textures_Humans/HM_Hair_2_AO.png
  artifactKey: Guid(39dc6c88edcc84a47a90557ce85ea574) Importer(2089858483,192608db42251d675da83286b1cce702)
Start importing Assets/Blink/Art/Characters/Stylized/Humans/Textures_Humans/HM_Hair_2_AO.png using Guid(39dc6c88edcc84a47a90557ce85ea574) Importer(2089858483,192608db42251d675da83286b1cce702) (ScriptedImporter) -> (artifact id: '6ec1b2563a81a17475fccf339da8ea0f') in 0.0084167 seconds
Number of updated asset objects reloaded before import = 0Number of asset objects unloaded after import = 1

========================================================================
Received Import Request.
  Time since last request: 0.000019 seconds.
  path: Assets/Blink/Art/Characters/Stylized/Humans/Textures_Humans/HM_Hair_2_BaseColor.png
  artifactKey: Guid(6c93c2186a6642e4386272101c5d5516) Importer(2089858483,192608db42251d675da83286b1cce702)
Start importing Assets/Blink/Art/Characters/Stylized/Humans/Textures_Humans/HM_Hair_2_BaseColor.png using Guid(6c93c2186a6642e4386272101c5d5516) Importer(2089858483,192608db42251d675da83286b1cce702) (ScriptedImporter) -> (artifact id: '330e77a969d0135fa3025b57d6350352') in 0.0164393 seconds
Number of updated asset objects reloaded before import = 0Number of asset objects unloaded after import = 1

========================================================================
Received Import Request.
  Time since last request: 0.000021 seconds.
  path: Assets/Blink/Art/Characters/Stylized/Humans/Armors_Humans/Meshes_ArmorsHumans/StarterArmor_HumanMale.fbx
  artifactKey: Guid(55295a45c3d658c44b42c8e67983b8db) Importer(2089858483,192608db42251d675da83286b1cce702)
Start importing Assets/Blink/Art/Characters/Stylized/Humans/Armors_Humans/Meshes_ArmorsHumans/StarterArmor_HumanMale.fbx using Guid(55295a45c3d658c44b42c8e67983b8db) Importer(2089858483,192608db42251d675da83286b1cce702) (ScriptedImporter) -> (artifact id: 'cde09da459a970b7b18cd795632a0d20') in 0.0187151 seconds
Number of updated asset objects reloaded before import = 0Number of asset objects unloaded after import = 209

========================================================================
Received Import Request.
  Time since last request: 0.000024 seconds.
  path: Assets/Blink/Art/Characters/Stylized/Humans/Armors_Humans/Materials_ArmorsHumans/StarterArmor_3.mat
  artifactKey: Guid(0cead53e4ecd4a04798672bd2e5ad8e8) Importer(2089858483,192608db42251d675da83286b1cce702)
Start importing Assets/Blink/Art/Characters/Stylized/Humans/Armors_Humans/Materials_ArmorsHumans/StarterArmor_3.mat using Guid(0cead53e4ecd4a04798672bd2e5ad8e8) Importer(2089858483,192608db42251d675da83286b1cce702) (ScriptedImporter) -> (artifact id: '29c8b611f27dd2ed3a5a39f19eae1b5c') in 0.0155472 seconds
Number of updated asset objects reloaded before import = 0Number of asset objects unloaded after import = 5

Editor requested this worker to shutdown with reason: Scaling down because of idle timeout
AssetImportWorker is now disconnected from the server
Process exiting
Exiting without the bug reporter. Application will terminate with return code 0