Using pre-set license
Built from '6000.0/respin/6000.0.59f1-063c55f2fd0f' branch; Version is '6000.0.59f2 (ef281c76c3c1) revision 15673372'; Using compiler version '193933523'; Build Type 'Release'
OS: 'Windows 11  (10.0.26100) 64bit EnterpriseS' Language: 'ru' Physical Memory: 32694 MB
BatchMode: 1, IsHumanControllingUs: 0, StartBugReporterOnCrash: 0, Is64bit: 1
Date: 2025-10-31T17:30:22Z

COMMAND LINE ARGUMENTS:
E:\Unity\6000.0.59f2\Editor\Unity.exe
-adb2
-batchMode
-noUpm
-name
AssetImportWorker4
-projectPath
F:/Project/Crimson-Lake-patch
-logFile
Logs/AssetImportWorker4.log
-srvPort
54133
-job-worker-count
5
-background-job-worker-count
8
-gc-helper-count
1
-name
AssetImport
Successfully changed project path to: F:/Project/Crimson-Lake-patch
F:/Project/Crimson-Lake-patch
[UnityMemory] Configuration Parameters - Can be set up in boot.config
    "memorysetup-bucket-allocator-granularity=16"
    "memorysetup-bucket-allocator-bucket-count=8"
    "memorysetup-bucket-allocator-block-size=33554432"
    "memorysetup-bucket-allocator-block-count=8"
    "memorysetup-main-allocator-block-size=16777216"
    "memorysetup-thread-allocator-block-size=16777216"
    "memorysetup-gfx-main-allocator-block-size=16777216"
    "memorysetup-gfx-thread-allocator-block-size=16777216"
    "memorysetup-cache-allocator-block-size=4194304"
    "memorysetup-typetree-allocator-block-size=2097152"
    "memorysetup-profiler-bucket-allocator-granularity=16"
    "memorysetup-profiler-bucket-allocator-bucket-count=8"
    "memorysetup-profiler-bucket-allocator-block-size=33554432"
    "memorysetup-profiler-bucket-allocator-block-count=8"
    "memorysetup-profiler-allocator-block-size=16777216"
    "memorysetup-profiler-editor-allocator-block-size=1048576"
    "memorysetup-temp-allocator-size-main=16777216"
    "memorysetup-job-temp-allocator-block-size=2097152"
    "memorysetup-job-temp-allocator-block-size-background=1048576"
    "memorysetup-job-temp-allocator-reduction-small-platforms=262144"
    "memorysetup-allocator-temp-initial-block-size-main=262144"
    "memorysetup-allocator-temp-initial-block-size-worker=262144"
    "memorysetup-temp-allocator-size-background-worker=32768"
    "memorysetup-temp-allocator-size-job-worker=262144"
    "memorysetup-temp-allocator-size-preload-manager=33554432"
    "memorysetup-temp-allocator-size-nav-mesh-worker=65536"
    "memorysetup-temp-allocator-size-audio-worker=65536"
    "memorysetup-temp-allocator-size-cloud-worker=32768"
    "memorysetup-temp-allocator-size-gi-baking-worker=262144"
    "memorysetup-temp-allocator-size-gi-baking-worker=262144"
    "memorysetup-temp-allocator-size-gi-baking-worker=262144"
    "memorysetup-temp-allocator-size-gi-baking-worker=262144"
    "memorysetup-temp-allocator-size-gi-baking-worker=262144"
    "memorysetup-temp-allocator-size-gfx=262144"
Player connection [23948]  Target information:

Player connection [23948]  * "[IP] 192.168.0.4 [Port] 0 [Flags] 2 [Guid] 2466881663 [EditorId] 2466881663 [Version] 1048832 [Id] WindowsEditor(7,WIN-D9NEL4LPBM6) [Debug] 1 [PackageName] WindowsEditor [ProjectName] Editor" 

Player connection [23948]  * "[IP] 172.23.192.1 [Port] 0 [Flags] 2 [Guid] 2466881663 [EditorId] 2466881663 [Version] 1048832 [Id] WindowsEditor(7,WIN-D9NEL4LPBM6) [Debug] 1 [PackageName] WindowsEditor [ProjectName] Editor" 

Player connection [23948]  * "[IP] 192.168.56.1 [Port] 0 [Flags] 2 [Guid] 2466881663 [EditorId] 2466881663 [Version] 1048832 [Id] WindowsEditor(7,WIN-D9NEL4LPBM6) [Debug] 1 [PackageName] WindowsEditor [ProjectName] Editor" 

Player connection [23948] Host joined multi-casting on [225.0.0.222:54997]...
Player connection [23948] Host joined alternative multi-casting on [225.0.0.222:34997]...
JobSystem: Creating JobQueue using job-worker-count value 5
Input System module state changed to: Initialized.
[Physics::Module] Initialized fallback backend.
[Physics::Module] Id: 0xdecafbad
Library Redirect Path: Library/
[Physics::Module] Selected backend.
[Physics::Module] Name: PhysX
[Physics::Module] Id: 0xf2b8ea05
[Physics::Module] SDK Version: 4.1.2
[Physics::Module] Integration Version: 1.0.0
[Physics::Module] Threading Mode: Multi-Threaded
Refreshing native plugins compatible for Editor in 1.25 ms, found 2 plugins.
Preloading 0 native plugins for Editor in 0.00 ms.
Initialize engine version: 6000.0.59f2 (ef281c76c3c1)
[Subsystems] Discovering subsystems at path E:/Unity/6000.0.59f2/Editor/Data/Resources/UnitySubsystems
[Subsystems] Discovering subsystems at path F:/Project/Crimson-Lake-patch/Assets
GfxDevice: creating device client; kGfxThreadingModeNonThreaded
Direct3D:
    Version:  Direct3D 11.0 [level 11.1]
    Renderer: AMD Radeon RX 6650 XT (ID=0x73ef)
    Vendor:   ATI
    VRAM:     8147 MB
    Driver:   32.0.21033.2001
Initialize mono
Mono path[0] = 'E:/Unity/6000.0.59f2/Editor/Data/Managed'
Mono path[1] = 'E:/Unity/6000.0.59f2/Editor/Data/MonoBleedingEdge/lib/mono/unityjit-win32'
Mono config path = 'E:/Unity/6000.0.59f2/Editor/Data/MonoBleedingEdge/etc'
Using monoOptions --debugger-agent=transport=dt_socket,embedding=1,server=y,suspend=n,address=127.0.0.1:56340
Begin MonoManager ReloadAssembly
Registering precompiled unity dll's ...
Register platform support module: E:/Unity/6000.0.59f2/Editor/Data/PlaybackEngines/WebGLSupport/UnityEditor.WebGL.Extensions.dll
Register platform support module: E:/Unity/6000.0.59f2/Editor/Data/PlaybackEngines/WindowsStandaloneSupport/UnityEditor.WindowsStandalone.Extensions.dll
Registered in 0.003941 seconds.
- Loaded All Assemblies, in  0.503 seconds
Native extension for WindowsStandalone target not found
Native extension for WebGL target not found
Mono: successfully reloaded assembly
- Finished resetting the current domain, in  0.377 seconds
Domain Reload Profiling: 880ms
	BeginReloadAssembly (142ms)
		ExecutionOrderSort (0ms)
		DisableScriptedObjects (0ms)
		BackupInstance (0ms)
		ReleaseScriptingObjects (0ms)
		CreateAndSetChildDomain (1ms)
	RebuildCommonClasses (52ms)
	RebuildNativeTypeToScriptingClass (16ms)
	initialDomainReloadingComplete (68ms)
	LoadAllAssembliesAndSetupDomain (223ms)
		LoadAssemblies (141ms)
		RebuildTransferFunctionScriptingTraits (0ms)
		AnalyzeDomain (219ms)
			TypeCache.Refresh (217ms)
				TypeCache.ScanAssembly (200ms)
			BuildScriptInfoCaches (0ms)
			ResolveRequiredComponents (1ms)
	FinalizeReload (378ms)
		ReleaseScriptCaches (0ms)
		RebuildScriptCaches (0ms)
		SetupLoadedEditorAssemblies (326ms)
			LogAssemblyErrors (0ms)
			InitializePlatformSupportModulesInManaged (17ms)
			SetLoadedEditorAssemblies (5ms)
			BeforeProcessingInitializeOnLoad (70ms)
			ProcessInitializeOnLoadAttributes (171ms)
			ProcessInitializeOnLoadMethodAttributes (62ms)
			AfterProcessingInitializeOnLoad (0ms)
			EditorAssembliesLoaded (0ms)
		ExecutionOrderSort2 (0ms)
		AwakeInstancesAfterBackupRestoration (0ms)
========================================================================
Worker process is ready to serve import requests
Import Worker Mode flag is 0x00
Begin MonoManager ReloadAssembly
- Loaded All Assemblies, in  0.700 seconds
Script 'Camera' has the same name as built-in Unity component.
AddComponent and GetComponent will not work with this script.
Refreshing native plugins compatible for Editor in 0.93 ms, found 2 plugins.
Native extension for WindowsStandalone target not found
Native extension for WebGL target not found
[ScriptCompilation] NOT recompiling all scripts because this is an import worker process. Reason to compile was: Define symbols changed
Package Manager log level set to [2]
[Package Manager] Failed to launch server process. Reason: Unity was launched with the -noUpm command-line argument
[Package Manager] Unable to send message (not connected to server process).
[Package Manager] Cannot connect to Unity Package Manager local server
Mono: successfully reloaded assembly
- Finished resetting the current domain, in  0.813 seconds
Domain Reload Profiling: 1512ms
	BeginReloadAssembly (217ms)
		ExecutionOrderSort (0ms)
		DisableScriptedObjects (16ms)
		BackupInstance (0ms)
		ReleaseScriptingObjects (0ms)
		CreateAndSetChildDomain (36ms)
	RebuildCommonClasses (38ms)
	RebuildNativeTypeToScriptingClass (12ms)
	initialDomainReloadingComplete (33ms)
	LoadAllAssembliesAndSetupDomain (400ms)
		LoadAssemblies (317ms)
		RebuildTransferFunctionScriptingTraits (0ms)
		AnalyzeDomain (190ms)
			TypeCache.Refresh (142ms)
				TypeCache.ScanAssembly (127ms)
			BuildScriptInfoCaches (35ms)
			ResolveRequiredComponents (10ms)
	FinalizeReload (813ms)
		ReleaseScriptCaches (0ms)
		RebuildScriptCaches (0ms)
		SetupLoadedEditorAssemblies (599ms)
			LogAssemblyErrors (0ms)
			InitializePlatformSupportModulesInManaged (3ms)
			SetLoadedEditorAssemblies (5ms)
			BeforeProcessingInitializeOnLoad (130ms)
			ProcessInitializeOnLoadAttributes (393ms)
			ProcessInitializeOnLoadMethodAttributes (65ms)
			AfterProcessingInitializeOnLoad (3ms)
			EditorAssembliesLoaded (0ms)
		ExecutionOrderSort2 (0ms)
		AwakeInstancesAfterBackupRestoration (8ms)
Launched and connected shader compiler UnityShaderCompiler.exe after 0.02 seconds
Refreshing native plugins compatible for Editor in 1.20 ms, found 2 plugins.
Preloading 0 native plugins for Editor in 0.00 ms.
Unloading 13 Unused Serialized files (Serialized files now loaded: 0)
Unloading 4233 unused Assets / (4.4 MB). Loaded Objects now: 4938.
Memory consumption went from 110.5 MB to 106.1 MB.
Total: 11.189100 ms (FindLiveObjects: 0.716900 ms CreateObjectMapping: 0.590700 ms MarkObjects: 7.521700 ms  DeleteObjects: 2.358500 ms)

========================================================================
Received Import Request.
  Time since last request: 10298.535192 seconds.
  path: Assets/Blink 2/Art/Characters/Stylized/Humans/Materials_Humans/Eyebrows.mat
  artifactKey: Guid(0668ba62bb6e2134f8d8c20ef8ff3557) Importer(2089858483,192608db42251d675da83286b1cce702)
Start importing Assets/Blink 2/Art/Characters/Stylized/Humans/Materials_Humans/Eyebrows.mat using Guid(0668ba62bb6e2134f8d8c20ef8ff3557) Importer(2089858483,192608db42251d675da83286b1cce702) (ScriptedImporter) -> (artifact id: 'ac1697e776efcc3ddece1946300cd7f1') in 0.2318603 seconds
Number of updated asset objects reloaded before import = 0Number of asset objects unloaded after import = 5

========================================================================
Received Import Request.
  Time since last request: 0.000017 seconds.
  path: Assets/Blink 2/Art/Animations/Combat/Buff.fbx
  artifactKey: Guid(d823ea1ffc47dd24d807be195c28b8ab) Importer(2089858483,192608db42251d675da83286b1cce702)
Start importing Assets/Blink 2/Art/Animations/Combat/Buff.fbx using Guid(d823ea1ffc47dd24d807be195c28b8ab) Importer(2089858483,192608db42251d675da83286b1cce702) (ScriptedImporter) -> (artifact id: '49e8be66f4d157e98971e24b2562e7a7') in 0.07168 seconds
Number of updated asset objects reloaded before import = 0Number of asset objects unloaded after import = 160

========================================================================
Received Import Request.
  Time since last request: 0.000025 seconds.
  path: Assets/Blink 1/Art/Characters/Stylized/Humans/Meshes_Humans/StylizedHumanMale_Sideburns1.fbx
  artifactKey: Guid(31c4dea1cb0ba0b48b771985d9cb63cc) Importer(2089858483,192608db42251d675da83286b1cce702)
Start importing Assets/Blink 1/Art/Characters/Stylized/Humans/Meshes_Humans/StylizedHumanMale_Sideburns1.fbx using Guid(31c4dea1cb0ba0b48b771985d9cb63cc) Importer(2089858483,192608db42251d675da83286b1cce702) (ScriptedImporter) -> (artifact id: '990f23039bcdbedc03a6173f46b51822') in 0.0189935 seconds
Number of updated asset objects reloaded before import = 0Number of asset objects unloaded after import = 181

========================================================================
Received Import Request.
  Time since last request: 0.000017 seconds.
  path: Assets/Blink 1/Art/Animations/Movement/WalkBackward.fbx
  artifactKey: Guid(70600e30543cc8f44954e0341a8f1a0f) Importer(2089858483,192608db42251d675da83286b1cce702)
Start importing Assets/Blink 1/Art/Animations/Movement/WalkBackward.fbx using Guid(70600e30543cc8f44954e0341a8f1a0f) Importer(2089858483,192608db42251d675da83286b1cce702) (ScriptedImporter) -> (artifact id: '839c37032957a6826fc1ffe1095bc376') in 0.0220227 seconds
Number of updated asset objects reloaded before import = 0Number of asset objects unloaded after import = 160

========================================================================
Received Import Request.
  Time since last request: 0.000018 seconds.
  path: Assets/Blink 1/Art/Characters/Stylized/Humans/Textures_Humans/HM_Beard_3_Roughness.png
  artifactKey: Guid(048d7f7aa3dba2f4aafc024861759bba) Importer(2089858483,192608db42251d675da83286b1cce702)
Start importing Assets/Blink 1/Art/Characters/Stylized/Humans/Textures_Humans/HM_Beard_3_Roughness.png using Guid(048d7f7aa3dba2f4aafc024861759bba) Importer(2089858483,192608db42251d675da83286b1cce702) (ScriptedImporter) -> (artifact id: '45a3ca1cd9d371745debb71994075153') in 0.0494494 seconds
Number of updated asset objects reloaded before import = 0Number of asset objects unloaded after import = 1

========================================================================
Received Import Request.
  Time since last request: 0.000018 seconds.
  path: Assets/Blink 2/Art/Characters/Stylized/Humans/Textures_Humans/HM_Face_1_Roughness.png
  artifactKey: Guid(b4bc74d166df3724eb660553dd6ef7cc) Importer(2089858483,192608db42251d675da83286b1cce702)
Start importing Assets/Blink 2/Art/Characters/Stylized/Humans/Textures_Humans/HM_Face_1_Roughness.png using Guid(b4bc74d166df3724eb660553dd6ef7cc) Importer(2089858483,192608db42251d675da83286b1cce702) (ScriptedImporter) -> (artifact id: '7b85af44ea8fbe753f9f656d8fdadfed') in 0.0186218 seconds
Number of updated asset objects reloaded before import = 0Number of asset objects unloaded after import = 1

========================================================================
Received Import Request.
  Time since last request: 0.000022 seconds.
  path: Assets/Prefabs 1/Materials/player 3.mat
  artifactKey: Guid(11cfb720fadb11248abd111e815ae9bd) Importer(2089858483,192608db42251d675da83286b1cce702)
Start importing Assets/Prefabs 1/Materials/player 3.mat using Guid(11cfb720fadb11248abd111e815ae9bd) Importer(2089858483,192608db42251d675da83286b1cce702) (ScriptedImporter) -> (artifact id: 'fe6d70716b9847951a751d872261cf96') in 0.0145414 seconds
Number of updated asset objects reloaded before import = 0Number of asset objects unloaded after import = 2

========================================================================
Received Import Request.
  Time since last request: 0.000030 seconds.
  path: Assets/Blink 2/Art/Animations/Movement/Sprint.fbx
  artifactKey: Guid(a94543a3c5de1344aab4adf376261ecd) Importer(2089858483,192608db42251d675da83286b1cce702)
Start importing Assets/Blink 2/Art/Animations/Movement/Sprint.fbx using Guid(a94543a3c5de1344aab4adf376261ecd) Importer(2089858483,192608db42251d675da83286b1cce702) (ScriptedImporter) -> (artifact id: '5c568ca06bf0d909d3d749bccad31c34') in 0.0221581 seconds
Number of updated asset objects reloaded before import = 0Number of asset objects unloaded after import = 160

========================================================================
Received Import Request.
  Time since last request: 0.000015 seconds.
  path: Assets/Blink 2/Art/Characters/Stylized/Demo_Characters/DEMO_FreeStylizedHumanMale/LightingData.asset
  artifactKey: Guid(70464c488e49e5c4b81537f315f8a736) Importer(2089858483,192608db42251d675da83286b1cce702)
Start importing Assets/Blink 2/Art/Characters/Stylized/Demo_Characters/DEMO_FreeStylizedHumanMale/LightingData.asset using Guid(70464c488e49e5c4b81537f315f8a736) Importer(2089858483,192608db42251d675da83286b1cce702) (ScriptedImporter) -> (artifact id: '1e81e9f6d393e6eb309a85a4baae1784') in 0.0118044 seconds
Number of updated asset objects reloaded before import = 0Number of asset objects unloaded after import = 2

========================================================================
Received Import Request.
  Time since last request: 0.000017 seconds.
  path: Assets/Blink 2/Art/Animations/Movement/RunBackwardLeft.fbx
  artifactKey: Guid(471281c799c8f6944a1bbe479f5cd323) Importer(2089858483,192608db42251d675da83286b1cce702)
Start importing Assets/Blink 2/Art/Animations/Movement/RunBackwardLeft.fbx using Guid(471281c799c8f6944a1bbe479f5cd323) Importer(2089858483,192608db42251d675da83286b1cce702) (ScriptedImporter) -> (artifact id: '75069259b34b99ba91cb1eb891b4000b') in 0.0227476 seconds
Number of updated asset objects reloaded before import = 0Number of asset objects unloaded after import = 160

========================================================================
Received Import Request.
  Time since last request: 0.000017 seconds.
  path: Assets/Blink 1/Art/Characters/Stylized/Humans/Textures_Humans/HM_Face_1_BaseColor.png
  artifactKey: Guid(5264ab6aa6cbff84eb1d4b342e6258df) Importer(2089858483,192608db42251d675da83286b1cce702)
Start importing Assets/Blink 1/Art/Characters/Stylized/Humans/Textures_Humans/HM_Face_1_BaseColor.png using Guid(5264ab6aa6cbff84eb1d4b342e6258df) Importer(2089858483,192608db42251d675da83286b1cce702) (ScriptedImporter) -> (artifact id: '719b77bfa001240edc48e14b90e24697') in 0.0290016 seconds
Number of updated asset objects reloaded before import = 0Number of asset objects unloaded after import = 1

========================================================================
Received Import Request.
  Time since last request: 0.000015 seconds.
  path: Assets/Blink 2/Art/Animations/Gathering
  artifactKey: Guid(f990bfc3784f9c0439f1977c96f685eb) Importer(2089858483,192608db42251d675da83286b1cce702)
Start importing Assets/Blink 2/Art/Animations/Gathering using Guid(f990bfc3784f9c0439f1977c96f685eb) Importer(2089858483,192608db42251d675da83286b1cce702) (ScriptedImporter) -> (artifact id: '30a1e13ea9d7fa973b8e83cf72c25fac') in 0.0093418 seconds
Number of updated asset objects reloaded before import = 0Number of asset objects unloaded after import = 1

========================================================================
Received Import Request.
  Time since last request: 0.000023 seconds.
  path: Assets/Blink 1/Art/Characters/Stylized/Demo_Characters/DEMO_FreeStylizedHumanMale
  artifactKey: Guid(3fd9f9dcb93bf474f8da81fad3e053fa) Importer(2089858483,192608db42251d675da83286b1cce702)
Start importing Assets/Blink 1/Art/Characters/Stylized/Demo_Characters/DEMO_FreeStylizedHumanMale using Guid(3fd9f9dcb93bf474f8da81fad3e053fa) Importer(2089858483,192608db42251d675da83286b1cce702) (ScriptedImporter) -> (artifact id: '2c0f2b2771e97d86df3022a59c6086e6') in 0.0155483 seconds
Number of updated asset objects reloaded before import = 0Number of asset objects unloaded after import = 1

========================================================================
Received Import Request.
  Time since last request: 0.000014 seconds.
  path: Assets/Blink 2/Art/Animations/Movement/Catwalk Walk Forward 03 (1).fbx
  artifactKey: Guid(ee733100b6babd747931bb58c0d654ff) Importer(2089858483,192608db42251d675da83286b1cce702)
Start importing Assets/Blink 2/Art/Animations/Movement/Catwalk Walk Forward 03 (1).fbx using Guid(ee733100b6babd747931bb58c0d654ff) Importer(2089858483,192608db42251d675da83286b1cce702) (ScriptedImporter) -> (artifact id: 'e8cd8951a523c1e2b914c05b02155a3d') in 0.0372699 seconds
Number of updated asset objects reloaded before import = 0Number of asset objects unloaded after import = 153

========================================================================
Received Import Request.
  Time since last request: 0.000014 seconds.
  path: Assets/Blink 2/Art/Characters/Stylized/Humans/Textures_Humans/HM_Body_Roughness.png
  artifactKey: Guid(18f682c14362def47b3d27477849cc4b) Importer(2089858483,192608db42251d675da83286b1cce702)
Start importing Assets/Blink 2/Art/Characters/Stylized/Humans/Textures_Humans/HM_Body_Roughness.png using Guid(18f682c14362def47b3d27477849cc4b) Importer(2089858483,192608db42251d675da83286b1cce702) (ScriptedImporter) -> (artifact id: 'fc6c159718f2ea3b0c6851f94977df73') in 0.0220564 seconds
Number of updated asset objects reloaded before import = 0Number of asset objects unloaded after import = 1

========================================================================
Received Import Request.
  Time since last request: 0.000016 seconds.
  path: Assets/Blink 2/Art/Animations/Movement/JumpWhileRunning.fbx
  artifactKey: Guid(2e97f3d5f2f99f240806ce5e90d3f51b) Importer(2089858483,192608db42251d675da83286b1cce702)
Start importing Assets/Blink 2/Art/Animations/Movement/JumpWhileRunning.fbx using Guid(2e97f3d5f2f99f240806ce5e90d3f51b) Importer(2089858483,192608db42251d675da83286b1cce702) (ScriptedImporter) -> (artifact id: '23c7adf21e2dcf61053c5812a0cad901') in 0.0326128 seconds
Number of updated asset objects reloaded before import = 0Number of asset objects unloaded after import = 160

========================================================================
Received Import Request.
  Time since last request: 0.000018 seconds.
  path: Assets/Blink 2/Art/Animations/Movement/Idle.fbx
  artifactKey: Guid(94ef30dbc9f84b84dab30023548897e1) Importer(2089858483,192608db42251d675da83286b1cce702)
Start importing Assets/Blink 2/Art/Animations/Movement/Idle.fbx using Guid(94ef30dbc9f84b84dab30023548897e1) Importer(2089858483,192608db42251d675da83286b1cce702) (ScriptedImporter) -> (artifact id: '5fad84de97fed4b006fa9473ea51a445') in 0.0236253 seconds
Number of updated asset objects reloaded before import = 0Number of asset objects unloaded after import = 160

========================================================================
Received Import Request.
  Time since last request: 0.000021 seconds.
  path: Assets/Blink 2/Art/Characters/Stylized/Humans/Textures_Humans/HM_Accessories_T_Metallic.png
  artifactKey: Guid(e709f25adec65a84e817f0cb8e9ad1bb) Importer(2089858483,192608db42251d675da83286b1cce702)
Start importing Assets/Blink 2/Art/Characters/Stylized/Humans/Textures_Humans/HM_Accessories_T_Metallic.png using Guid(e709f25adec65a84e817f0cb8e9ad1bb) Importer(2089858483,192608db42251d675da83286b1cce702) (ScriptedImporter) -> (artifact id: '99f16f6b3e6426148317dc3dc260c409') in 0.0178833 seconds
Number of updated asset objects reloaded before import = 0Number of asset objects unloaded after import = 1

========================================================================
Received Import Request.
  Time since last request: 0.000016 seconds.
  path: Assets/Blink 2/Art/Animations/Combat/SpinToWin_OneHanded.fbx
  artifactKey: Guid(43384cc42220d3a4d845559ceb1afd63) Importer(2089858483,192608db42251d675da83286b1cce702)
Start importing Assets/Blink 2/Art/Animations/Combat/SpinToWin_OneHanded.fbx using Guid(43384cc42220d3a4d845559ceb1afd63) Importer(2089858483,192608db42251d675da83286b1cce702) (ScriptedImporter) -> (artifact id: '993c195c0f8f8691a2bb7d4a2c83e6aa') in 0.02431 seconds
Number of updated asset objects reloaded before import = 0Number of asset objects unloaded after import = 160

========================================================================
Received Import Request.
  Time since last request: 0.000019 seconds.
  path: Assets/Blink 2/Art/Animations/Combat/CastingLoop.fbx
  artifactKey: Guid(b647138041bcca948a210326009a40db) Importer(2089858483,192608db42251d675da83286b1cce702)
Start importing Assets/Blink 2/Art/Animations/Combat/CastingLoop.fbx using Guid(b647138041bcca948a210326009a40db) Importer(2089858483,192608db42251d675da83286b1cce702) (ScriptedImporter) -> (artifact id: '2ab031cdabac68788aa4ddb1c415279c') in 0.023533 seconds
Number of updated asset objects reloaded before import = 0Number of asset objects unloaded after import = 160

========================================================================
Received Import Request.
  Time since last request: 0.000017 seconds.
  path: Assets/Blink 2/Art/Characters/Stylized/Humans/Textures_Humans
  artifactKey: Guid(c0d725078b1abfc40a4c093132d5a848) Importer(2089858483,192608db42251d675da83286b1cce702)
Start importing Assets/Blink 2/Art/Characters/Stylized/Humans/Textures_Humans using Guid(c0d725078b1abfc40a4c093132d5a848) Importer(2089858483,192608db42251d675da83286b1cce702) (ScriptedImporter) -> (artifact id: 'bc1b0d7127667f8bdf5e94d35601d98f') in 0.0121786 seconds
Number of updated asset objects reloaded before import = 0Number of asset objects unloaded after import = 1

========================================================================
Received Import Request.
  Time since last request: 0.000019 seconds.
  path: Assets/Blink 2/Art/Animations/Movement/RollForward.fbx
  artifactKey: Guid(6743dc5ed7f68864f9a1735719649eb2) Importer(2089858483,192608db42251d675da83286b1cce702)
Start importing Assets/Blink 2/Art/Animations/Movement/RollForward.fbx using Guid(6743dc5ed7f68864f9a1735719649eb2) Importer(2089858483,192608db42251d675da83286b1cce702) (ScriptedImporter) -> (artifact id: 'cf8a991e9cac8e76259ce67ffb39c2bd') in 0.0234088 seconds
Number of updated asset objects reloaded before import = 0Number of asset objects unloaded after import = 160

========================================================================
Received Import Request.
  Time since last request: 0.000023 seconds.
  path: Assets/Prefabs 1/Catwalk Walk Forward 03 (1) 1.fbx
  artifactKey: Guid(e266f64b6e7cd454789d275356a7a37e) Importer(2089858483,192608db42251d675da83286b1cce702)
Start importing Assets/Prefabs 1/Catwalk Walk Forward 03 (1) 1.fbx using Guid(e266f64b6e7cd454789d275356a7a37e) Importer(2089858483,192608db42251d675da83286b1cce702) (ScriptedImporter) -> (artifact id: '2383e9f5246b593e8e609172292f5e6d') in 0.0289583 seconds
Number of updated asset objects reloaded before import = 0Number of asset objects unloaded after import = 151

========================================================================
Received Import Request.
  Time since last request: 0.000013 seconds.
  path: Assets/Blink 2/Art/Characters/Stylized/Humans/Materials_Humans
  artifactKey: Guid(c28ad2fb4d8c3de46bfd7243cd9efd45) Importer(2089858483,192608db42251d675da83286b1cce702)
Start importing Assets/Blink 2/Art/Characters/Stylized/Humans/Materials_Humans using Guid(c28ad2fb4d8c3de46bfd7243cd9efd45) Importer(2089858483,192608db42251d675da83286b1cce702) (ScriptedImporter) -> (artifact id: 'c5f89ed481a20fa3e0e47b6107fb3ab4') in 0.0125332 seconds
Number of updated asset objects reloaded before import = 0Number of asset objects unloaded after import = 1

========================================================================
Received Import Request.
  Time since last request: 0.000015 seconds.
  path: Assets/Blink 2/Art/Characters/Stylized/Demo_Characters/DEMO_FreeStylizedHumanMale/ReflectionProbe-0.exr
  artifactKey: Guid(2d234ced0e8587645890c6ced78a555e) Importer(2089858483,192608db42251d675da83286b1cce702)
Start importing Assets/Blink 2/Art/Characters/Stylized/Demo_Characters/DEMO_FreeStylizedHumanMale/ReflectionProbe-0.exr using Guid(2d234ced0e8587645890c6ced78a555e) Importer(2089858483,192608db42251d675da83286b1cce702) (ScriptedImporter) -> (artifact id: '03ace31659c48d82c6e5eafcd3292c7d') in 0.0258265 seconds
Number of updated asset objects reloaded before import = 0Number of asset objects unloaded after import = 1

========================================================================
Received Import Request.
  Time since last request: 0.000014 seconds.
  path: Assets/Blink 2/Art/Characters/Stylized/Humans/Textures_Humans/HM_Hair_2_BaseColor.png
  artifactKey: Guid(92000434b98d7e34b9f96fa6aa72bf55) Importer(2089858483,192608db42251d675da83286b1cce702)
Start importing Assets/Blink 2/Art/Characters/Stylized/Humans/Textures_Humans/HM_Hair_2_BaseColor.png using Guid(92000434b98d7e34b9f96fa6aa72bf55) Importer(2089858483,192608db42251d675da83286b1cce702) (ScriptedImporter) -> (artifact id: '4a1221f974dc31ec9ccb7a623a1f8ff4') in 0.0166017 seconds
Number of updated asset objects reloaded before import = 0Number of asset objects unloaded after import = 1

========================================================================
Received Import Request.
  Time since last request: 0.000020 seconds.
  path: Assets/Blink 2/Art/Characters/Stylized/Humans/Materials_Humans/Beard3.mat
  artifactKey: Guid(2c1b14708f714c4438236547eefc11a5) Importer(2089858483,192608db42251d675da83286b1cce702)
Start importing Assets/Blink 2/Art/Characters/Stylized/Humans/Materials_Humans/Beard3.mat using Guid(2c1b14708f714c4438236547eefc11a5) Importer(2089858483,192608db42251d675da83286b1cce702) (ScriptedImporter) -> (artifact id: '8f8480fa5e6472421c91f5fb465858e6') in 0.0169007 seconds
Number of updated asset objects reloaded before import = 0Number of asset objects unloaded after import = 5

========================================================================
Received Import Request.
  Time since last request: 0.000022 seconds.
  path: Assets/Prefabs 1/Phylanc/InventoryUI.prefab
  artifactKey: Guid(0fa0e7a2446b15442a75474cd5f512de) Importer(2089858483,192608db42251d675da83286b1cce702)
Start importing Assets/Prefabs 1/Phylanc/InventoryUI.prefab using Guid(0fa0e7a2446b15442a75474cd5f512de) Importer(2089858483,192608db42251d675da83286b1cce702) (ScriptedImporter) -> (artifact id: '9d9c1ec5f5ad0ad861386b9592cd6965') in 0.0805063 seconds
Number of updated asset objects reloaded before import = 0Number of asset objects unloaded after import = 120

========================================================================
Received Import Request.
  Time since last request: 0.000020 seconds.
  path: Assets/Blink 2/Art/Characters/Stylized/Humans/Textures_Humans/HM_Body_Metallic.png
  artifactKey: Guid(480106c37f0bb484582b9f9e70c19b91) Importer(2089858483,192608db42251d675da83286b1cce702)
Start importing Assets/Blink 2/Art/Characters/Stylized/Humans/Textures_Humans/HM_Body_Metallic.png using Guid(480106c37f0bb484582b9f9e70c19b91) Importer(2089858483,192608db42251d675da83286b1cce702) (ScriptedImporter) -> (artifact id: '900515d0d0ebf05a49ea26f62476da05') in 0.0193238 seconds
Number of updated asset objects reloaded before import = 0Number of asset objects unloaded after import = 1

========================================================================
Received Import Request.
  Time since last request: 0.000013 seconds.
  path: Assets/Blink 2/Art/Characters/Stylized/Humans/Meshes_Humans/StylizedHumanMale_Hair2.fbx
  artifactKey: Guid(0a86cbd6af40d6c41a97b552e9ae3af5) Importer(2089858483,192608db42251d675da83286b1cce702)
Start importing Assets/Blink 2/Art/Characters/Stylized/Humans/Meshes_Humans/StylizedHumanMale_Hair2.fbx using Guid(0a86cbd6af40d6c41a97b552e9ae3af5) Importer(2089858483,192608db42251d675da83286b1cce702) (ScriptedImporter) -> (artifact id: '554b8c98ecf3de10c2495e1c16ac2aa5') in 0.0222171 seconds
Number of updated asset objects reloaded before import = 0Number of asset objects unloaded after import = 23

========================================================================
Received Import Request.
  Time since last request: 0.000021 seconds.
  path: Assets/Blink 1/Art/Characters/Stylized/Humans/Textures_Humans/HM_Beard_3_Metallic.png
  artifactKey: Guid(a9ce79397c88b7a499f9e2effe1c9e9b) Importer(2089858483,192608db42251d675da83286b1cce702)
Start importing Assets/Blink 1/Art/Characters/Stylized/Humans/Textures_Humans/HM_Beard_3_Metallic.png using Guid(a9ce79397c88b7a499f9e2effe1c9e9b) Importer(2089858483,192608db42251d675da83286b1cce702) (ScriptedImporter) -> (artifact id: 'accfa733d514dedb29c4d0193ab4bc63') in 0.0240716 seconds
Number of updated asset objects reloaded before import = 0Number of asset objects unloaded after import = 1

========================================================================
Received Import Request.
  Time since last request: 0.000028 seconds.
  path: Assets/Prefabs 1/Phylanc/SlotsUI/btn
  artifactKey: Guid(9204ad61d30947445b56d4c0cdb5710c) Importer(2089858483,192608db42251d675da83286b1cce702)
Start importing Assets/Prefabs 1/Phylanc/SlotsUI/btn using Guid(9204ad61d30947445b56d4c0cdb5710c) Importer(2089858483,192608db42251d675da83286b1cce702) (ScriptedImporter) -> (artifact id: '5335425502e26bd5dae9972fc3b8e273') in 0.0115765 seconds
Number of updated asset objects reloaded before import = 0Number of asset objects unloaded after import = 1

========================================================================
Received Import Request.
  Time since last request: 0.000018 seconds.
  path: Assets/Blink 2/Art/Characters/Stylized/Humans/Textures_Humans/HM_Accessories_T_Normal.png
  artifactKey: Guid(b795320920a05d24590c2183f9cae524) Importer(2089858483,192608db42251d675da83286b1cce702)
Start importing Assets/Blink 2/Art/Characters/Stylized/Humans/Textures_Humans/HM_Accessories_T_Normal.png using Guid(b795320920a05d24590c2183f9cae524) Importer(2089858483,192608db42251d675da83286b1cce702) (ScriptedImporter) -> (artifact id: '37722c18652c38079877ccc6137b34b6') in 0.0329924 seconds
Number of updated asset objects reloaded before import = 0Number of asset objects unloaded after import = 1

========================================================================
Received Import Request.
  Time since last request: 0.000021 seconds.
  path: Assets/Blink 2/Art/Characters/Stylized/Humans/Meshes_Humans/StylizedHumanMale_Beard3.fbx
  artifactKey: Guid(a74fab34e788c2a41a8d429c12ae60f7) Importer(2089858483,192608db42251d675da83286b1cce702)
Start importing Assets/Blink 2/Art/Characters/Stylized/Humans/Meshes_Humans/StylizedHumanMale_Beard3.fbx using Guid(a74fab34e788c2a41a8d429c12ae60f7) Importer(2089858483,192608db42251d675da83286b1cce702) (ScriptedImporter) -> (artifact id: '0511486a2dfef615d5d887088567f8f1') in 0.0260588 seconds
Number of updated asset objects reloaded before import = 0Number of asset objects unloaded after import = 182

========================================================================
Received Import Request.
  Time since last request: 0.000013 seconds.
  path: Assets/Blink 2/Art/Characters/Stylized/Humans/Textures_Humans/HM_Face_1_Normal.png
  artifactKey: Guid(7a262d2216f48894d8c51d8d39011264) Importer(2089858483,192608db42251d675da83286b1cce702)
Start importing Assets/Blink 2/Art/Characters/Stylized/Humans/Textures_Humans/HM_Face_1_Normal.png using Guid(7a262d2216f48894d8c51d8d39011264) Importer(2089858483,192608db42251d675da83286b1cce702) (ScriptedImporter) -> (artifact id: 'b20ff1dfc8e2bbbf480d12590b7f2796') in 0.0186287 seconds
Number of updated asset objects reloaded before import = 0Number of asset objects unloaded after import = 1

========================================================================
Received Import Request.
  Time since last request: 0.000020 seconds.
  path: Assets/Prefabs 1/Andarion_prefab
  artifactKey: Guid(e85db39cf53ffca4eb54292758797f6d) Importer(2089858483,192608db42251d675da83286b1cce702)
Start importing Assets/Prefabs 1/Andarion_prefab using Guid(e85db39cf53ffca4eb54292758797f6d) Importer(2089858483,192608db42251d675da83286b1cce702) (ScriptedImporter) -> (artifact id: '476a13c96cd87ea9c6ef2fe0e6e6ea02') in 0.0125297 seconds
Number of updated asset objects reloaded before import = 0Number of asset objects unloaded after import = 1

========================================================================
Received Import Request.
  Time since last request: 0.000024 seconds.
  path: Assets/Prefabs 1/Phylanc/SlotsUI/btn/StoreButton.prefab
  artifactKey: Guid(bfb5385d1bc51a649af425a0e2543fe9) Importer(2089858483,192608db42251d675da83286b1cce702)
Start importing Assets/Prefabs 1/Phylanc/SlotsUI/btn/StoreButton.prefab using Guid(bfb5385d1bc51a649af425a0e2543fe9) Importer(2089858483,192608db42251d675da83286b1cce702) (ScriptedImporter) -> (artifact id: '96937d9d29e1530dacfd06b29f2817c1') in 0.0569783 seconds
Number of updated asset objects reloaded before import = 0Number of asset objects unloaded after import = 19

========================================================================
Received Import Request.
  Time since last request: 0.000017 seconds.
  path: Assets/Blink 2/Art/Characters/Stylized/Humans/Prefabs_Humans/HumanMale_Character_Free.prefab
  artifactKey: Guid(25b20e3dbade4384e82b48c3ea3aa901) Importer(2089858483,192608db42251d675da83286b1cce702)
Start importing Assets/Blink 2/Art/Characters/Stylized/Humans/Prefabs_Humans/HumanMale_Character_Free.prefab using Guid(25b20e3dbade4384e82b48c3ea3aa901) Importer(2089858483,192608db42251d675da83286b1cce702) (ScriptedImporter) -> (artifact id: '2b04634521013a88a33a3842a62f5bbe') in 0.0294777 seconds
Number of updated asset objects reloaded before import = 0Number of asset objects unloaded after import = 287

========================================================================
Received Import Request.
  Time since last request: 0.000018 seconds.
  path: Assets/Blink 2/Art/Characters/Stylized/Humans/Textures_Humans/HM_Eyebrows_Normal.png
  artifactKey: Guid(8a75a23d392d94e45b26faaacfa14cf0) Importer(2089858483,192608db42251d675da83286b1cce702)
Start importing Assets/Blink 2/Art/Characters/Stylized/Humans/Textures_Humans/HM_Eyebrows_Normal.png using Guid(8a75a23d392d94e45b26faaacfa14cf0) Importer(2089858483,192608db42251d675da83286b1cce702) (ScriptedImporter) -> (artifact id: 'a954b45a3f98973b4375626bf7240e80') in 0.0202591 seconds
Number of updated asset objects reloaded before import = 0Number of asset objects unloaded after import = 1

========================================================================
Received Import Request.
  Time since last request: 0.000021 seconds.
  path: Assets/Blink 1/Art/Characters/Stylized/Humans/Textures_Humans/HM_Face_1_Normal.png
  artifactKey: Guid(13cafa8e7674344479e9b5e7115c303d) Importer(2089858483,192608db42251d675da83286b1cce702)
Start importing Assets/Blink 1/Art/Characters/Stylized/Humans/Textures_Humans/HM_Face_1_Normal.png using Guid(13cafa8e7674344479e9b5e7115c303d) Importer(2089858483,192608db42251d675da83286b1cce702) (ScriptedImporter) -> (artifact id: 'b4cbfe7555f8d7ab843d97d2fdbac861') in 0.021389 seconds
Number of updated asset objects reloaded before import = 0Number of asset objects unloaded after import = 1

========================================================================
Received Import Request.
  Time since last request: 0.000024 seconds.
  path: Assets/Blink 1/Art/Animations/Gathering/Gathering.fbx
  artifactKey: Guid(e571c883760ee094695b8e72c983f11b) Importer(2089858483,192608db42251d675da83286b1cce702)
Start importing Assets/Blink 1/Art/Animations/Gathering/Gathering.fbx using Guid(e571c883760ee094695b8e72c983f11b) Importer(2089858483,192608db42251d675da83286b1cce702) (ScriptedImporter) -> (artifact id: '5c566bf6e24dabb8c77ddcd347dbf68d') in 0.0219112 seconds
Number of updated asset objects reloaded before import = 0Number of asset objects unloaded after import = 160

========================================================================
Received Import Request.
  Time since last request: 0.000017 seconds.
  path: Assets/Blink 2/Art/Animations/Combat/PunchLeft.fbx
  artifactKey: Guid(a441c81a2e02cdd4aabc290ca22224fd) Importer(2089858483,192608db42251d675da83286b1cce702)
Start importing Assets/Blink 2/Art/Animations/Combat/PunchLeft.fbx using Guid(a441c81a2e02cdd4aabc290ca22224fd) Importer(2089858483,192608db42251d675da83286b1cce702) (ScriptedImporter) -> (artifact id: 'e7573e64b0c05eaaf3b0da3ee5f3a189') in 0.0257096 seconds
Number of updated asset objects reloaded before import = 0Number of asset objects unloaded after import = 160

========================================================================
Received Import Request.
  Time since last request: 0.000013 seconds.
  path: Assets/Blink 1/Art/Characters/Stylized/Humans/Textures_Humans/HM_Accessories_T_BaseColor3.png
  artifactKey: Guid(8ea9681c2e8f42a4c9d221d9d5bf689b) Importer(2089858483,192608db42251d675da83286b1cce702)
Start importing Assets/Blink 1/Art/Characters/Stylized/Humans/Textures_Humans/HM_Accessories_T_BaseColor3.png using Guid(8ea9681c2e8f42a4c9d221d9d5bf689b) Importer(2089858483,192608db42251d675da83286b1cce702) (ScriptedImporter) -> (artifact id: 'c0fbf26da23f79a5e1c79c9f8fd7fc26') in 0.0150502 seconds
Number of updated asset objects reloaded before import = 0Number of asset objects unloaded after import = 1

========================================================================
Received Import Request.
  Time since last request: 0.000019 seconds.
  path: Assets/Blink 2/Art/Characters/Stylized/Humans/Materials_Humans/EyesOuter.mat
  artifactKey: Guid(eb4a2909a6955de4ea5c270dd5bb36f4) Importer(2089858483,192608db42251d675da83286b1cce702)
Start importing Assets/Blink 2/Art/Characters/Stylized/Humans/Materials_Humans/EyesOuter.mat using Guid(eb4a2909a6955de4ea5c270dd5bb36f4) Importer(2089858483,192608db42251d675da83286b1cce702) (ScriptedImporter) -> (artifact id: 'faf1555019d3703a254cb01213240081') in 0.0159175 seconds
Number of updated asset objects reloaded before import = 0Number of asset objects unloaded after import = 5

========================================================================
Received Import Request.
  Time since last request: 0.000021 seconds.
  path: Assets/Blink 1/Art/Characters/Stylized/Humans/Armors_Humans/Textures_ArmorsHumans/StarterArmor_AO.png
  artifactKey: Guid(92143641ad6750a498587eb609eb002d) Importer(2089858483,192608db42251d675da83286b1cce702)
Start importing Assets/Blink 1/Art/Characters/Stylized/Humans/Armors_Humans/Textures_ArmorsHumans/StarterArmor_AO.png using Guid(92143641ad6750a498587eb609eb002d) Importer(2089858483,192608db42251d675da83286b1cce702) (ScriptedImporter) -> (artifact id: '0208bf186ea3b43704f455ae479bbb95') in 0.0174091 seconds
Number of updated asset objects reloaded before import = 0Number of asset objects unloaded after import = 1

========================================================================
Received Import Request.
  Time since last request: 0.000028 seconds.
  path: Assets/Blink 2/Art/Characters/Stylized/Demo_Characters/StylizedHumanAnimator.controller
  artifactKey: Guid(51c943b0512a21545b53b98087c3af68) Importer(2089858483,192608db42251d675da83286b1cce702)
Start importing Assets/Blink 2/Art/Characters/Stylized/Demo_Characters/StylizedHumanAnimator.controller using Guid(51c943b0512a21545b53b98087c3af68) Importer(2089858483,192608db42251d675da83286b1cce702) (ScriptedImporter) -> (artifact id: '8546626ffc9eb7f5e313723b7520531a') in 0.0148506 seconds
Number of updated asset objects reloaded before import = 0Number of asset objects unloaded after import = 9

========================================================================
Received Import Request.
  Time since last request: 0.000017 seconds.
  path: Assets/Blink 1/Art/Characters/Stylized/Humans/Textures_Humans/HM_Body_Normal.png
  artifactKey: Guid(5662fc7a951e88044aecfc48f94ab4f2) Importer(2089858483,192608db42251d675da83286b1cce702)
Start importing Assets/Blink 1/Art/Characters/Stylized/Humans/Textures_Humans/HM_Body_Normal.png using Guid(5662fc7a951e88044aecfc48f94ab4f2) Importer(2089858483,192608db42251d675da83286b1cce702) (ScriptedImporter) -> (artifact id: '0552f3ddef3c1cc216d6bef3b8546dfb') in 0.0213723 seconds
Number of updated asset objects reloaded before import = 0Number of asset objects unloaded after import = 1

========================================================================
Received Import Request.
  Time since last request: 0.000014 seconds.
  path: Assets/Blink 1/Art/Characters/Stylized/Humans/Textures_Humans/HM_Beard_3_BaseColor.png
  artifactKey: Guid(f0459dbc920f4b74598142698c58e8af) Importer(2089858483,192608db42251d675da83286b1cce702)
Start importing Assets/Blink 1/Art/Characters/Stylized/Humans/Textures_Humans/HM_Beard_3_BaseColor.png using Guid(f0459dbc920f4b74598142698c58e8af) Importer(2089858483,192608db42251d675da83286b1cce702) (ScriptedImporter) -> (artifact id: '141ded999078257c77fcc665c2d61096') in 0.0163478 seconds
Number of updated asset objects reloaded before import = 0Number of asset objects unloaded after import = 1

========================================================================
Received Import Request.
  Time since last request: 0.000015 seconds.
  path: Assets/Blink 1/Art/Characters/Stylized/Humans/Textures_Humans/HM_Hair_1_Normal.png
  artifactKey: Guid(f40f7b666fcf6504d9976f02776a5bdb) Importer(2089858483,192608db42251d675da83286b1cce702)
Start importing Assets/Blink 1/Art/Characters/Stylized/Humans/Textures_Humans/HM_Hair_1_Normal.png using Guid(f40f7b666fcf6504d9976f02776a5bdb) Importer(2089858483,192608db42251d675da83286b1cce702) (ScriptedImporter) -> (artifact id: '52b71f1682765ccc4997d85c95f08c08') in 0.0218689 seconds
Number of updated asset objects reloaded before import = 0Number of asset objects unloaded after import = 1

========================================================================
Received Import Request.
  Time since last request: 0.000019 seconds.
  path: Assets/Blink 1/Art/Characters/Stylized/Humans/Materials_Humans/Eyebrows.mat
  artifactKey: Guid(9c436bdb7fe7c2e4a915f6c2dbc9bc2d) Importer(2089858483,192608db42251d675da83286b1cce702)
Start importing Assets/Blink 1/Art/Characters/Stylized/Humans/Materials_Humans/Eyebrows.mat using Guid(9c436bdb7fe7c2e4a915f6c2dbc9bc2d) Importer(2089858483,192608db42251d675da83286b1cce702) (ScriptedImporter) -> (artifact id: '37edf2b8cd34e8c603ac64d8537a3c8f') in 0.0186252 seconds
Number of updated asset objects reloaded before import = 0Number of asset objects unloaded after import = 5

========================================================================
Received Import Request.
  Time since last request: 0.000024 seconds.
  path: Assets/Blink 1/Art/Animations/Movement/RunForward.fbx
  artifactKey: Guid(44d24af4d6d38684baa030c5beb95564) Importer(2089858483,192608db42251d675da83286b1cce702)
Start importing Assets/Blink 1/Art/Animations/Movement/RunForward.fbx using Guid(44d24af4d6d38684baa030c5beb95564) Importer(2089858483,192608db42251d675da83286b1cce702) (ScriptedImporter) -> (artifact id: '269cb64265a6824a81cbc23f01fa5907') in 0.0244487 seconds
Number of updated asset objects reloaded before import = 0Number of asset objects unloaded after import = 160

========================================================================
Received Import Request.
  Time since last request: 0.000020 seconds.
  path: Assets/Blink 2/Art/Characters/Stylized/Humans/Textures_Humans/HM_Beard_3_Metallic.png
  artifactKey: Guid(fc1c9d6cb0d8ddd42bf912b00e54ffce) Importer(2089858483,192608db42251d675da83286b1cce702)
Start importing Assets/Blink 2/Art/Characters/Stylized/Humans/Textures_Humans/HM_Beard_3_Metallic.png using Guid(fc1c9d6cb0d8ddd42bf912b00e54ffce) Importer(2089858483,192608db42251d675da83286b1cce702) (ScriptedImporter) -> (artifact id: 'b2fa321b286718c3f4b733f4f2065faa') in 0.0186953 seconds
Number of updated asset objects reloaded before import = 0Number of asset objects unloaded after import = 1

========================================================================
Received Import Request.
  Time since last request: 0.000019 seconds.
  path: Assets/Blink 2/Art/Animations/Movement/WalkForwardRight.fbx
  artifactKey: Guid(4d0c09effd150a14fbb3648b0a360516) Importer(2089858483,192608db42251d675da83286b1cce702)
Start importing Assets/Blink 2/Art/Animations/Movement/WalkForwardRight.fbx using Guid(4d0c09effd150a14fbb3648b0a360516) Importer(2089858483,192608db42251d675da83286b1cce702) (ScriptedImporter) -> (artifact id: '42c668bfed93b9b3c86343d8f8b2d495') in 0.0283034 seconds
Number of updated asset objects reloaded before import = 0Number of asset objects unloaded after import = 160

========================================================================
Received Import Request.
  Time since last request: 5.370219 seconds.
  path: Assets/Prefabs/Prototype.prefab
  artifactKey: Guid(c5806569f8582b947a09356a97c8ad33) Importer(815301076,1909f56bfc062723c751e8b465ee728b)
Start importing Assets/Prefabs/Prototype.prefab using Guid(c5806569f8582b947a09356a97c8ad33) Importer(815301076,1909f56bfc062723c751e8b465ee728b) (PreviewImporter) -> (artifact id: '8e6e3300d249d83e0e7f23c67dbda766') in 0.3836777 seconds
Number of updated asset objects reloaded before import = 0Number of asset objects unloaded after import = 585

========================================================================
Received Import Request.
  Time since last request: 0.562814 seconds.
  path: Assets/Prefabs/Prototype.prefab
  artifactKey: Guid(c5806569f8582b947a09356a97c8ad33) Importer(2089858483,192608db42251d675da83286b1cce702)
Start importing Assets/Prefabs/Prototype.prefab using Guid(c5806569f8582b947a09356a97c8ad33) Importer(2089858483,192608db42251d675da83286b1cce702) (ScriptedImporter) -> (artifact id: '0c3dc3faadb47ff988588b0bb26a5b45') in 0.0186468 seconds
Number of updated asset objects reloaded before import = 0Number of asset objects unloaded after import = 413

